0 verbose cli /usr/local/bin/node /usr/local/lib/node_modules/npm/bin/npm-cli.js
1 info using npm@11.4.2
2 info using node@v22.17.0
3 silly config load:file:/usr/local/lib/node_modules/npm/npmrc
4 silly config load:file:/home/node/frontend/.npmrc
5 silly config load:file:/home/node/.npmrc
6 silly config load:file:/usr/local/etc/npmrc
7 verbose title npm exec ng generate module core --flat --module=app
8 verbose argv "exec" "--" "ng" "generate" "module" "core" "--flat" "--module=app"
9 verbose logfile logs-max:10 dir:/home/node/.npm/_logs/2025-09-11T08_47_21_174Z-
10 verbose logfile /home/node/.npm/_logs/2025-09-11T08_47_21_174Z-debug-0.log
11 silly logfile done cleaning log files
12 silly packumentCache heap:2197815296 maxSize:549453824 maxEntrySize:274726912
13 http fetch GET 200 https://registry.npmjs.org/ng 257ms (cache miss)
14 verbose stack Error: could not determine executable to run
14 verbose stack     at getBinFromManifest (/usr/local/lib/node_modules/npm/node_modules/libnpmexec/lib/get-bin-from-manifest.js:17:23)
14 verbose stack     at exec (/usr/local/lib/node_modules/npm/node_modules/libnpmexec/lib/index.js:205:15)
14 verbose stack     at async Npm.exec (/usr/local/lib/node_modules/npm/lib/npm.js:208:9)
14 verbose stack     at async module.exports (/usr/local/lib/node_modules/npm/lib/cli/entry.js:67:5)
15 verbose pkgid ng@0.0.0
16 error could not determine executable to run
17 verbose cwd /home/node/frontend
18 verbose os Linux 6.8.0-1034-azure
19 verbose node v22.17.0
20 verbose npm  v11.4.2
21 verbose exit 1
22 verbose code 1
23 error A complete log of this run can be found in: /home/node/.npm/_logs/2025-09-11T08_47_21_174Z-debug-0.log
