0 verbose cli /usr/local/bin/node /usr/local/bin/npm
1 info using npm@11.4.2
2 info using node@v22.17.0
3 silly config load:file:/usr/local/lib/node_modules/npm/npmrc
4 silly config load:file:/home/node/frontend/.npmrc
5 silly config load:file:/home/node/.npmrc
6 silly config load:file:/usr/local/etc/npmrc
7 verbose title npm install @angular/material @angular/cdk @angular/forms @angular/animations
8 verbose argv "install" "@angular/material" "@angular/cdk" "@angular/forms" "@angular/animations"
9 verbose logfile logs-max:10 dir:/home/node/.npm/_logs/2025-09-11T08_14_36_986Z-
10 verbose logfile /home/node/.npm/_logs/2025-09-11T08_14_36_986Z-debug-0.log
11 silly logfile done cleaning log files
12 silly packumentCache heap:2197815296 maxSize:549453824 maxEntrySize:274726912
13 silly idealTree buildDeps
14 silly fetch manifest @angular/forms@^20.3.0
15 silly packumentCache full:https://registry.npmjs.org/@angular%2fforms cache-miss
16 http cache https://registry.npmjs.org/@angular%2fforms 35ms (cache hit)
17 silly packumentCache full:https://registry.npmjs.org/@angular%2fforms set size:2520725 disposed:false
18 silly fetch manifest @angular/common@^20.3.0
19 silly packumentCache full:https://registry.npmjs.org/@angular%2fcommon cache-miss
20 http cache https://registry.npmjs.org/@angular%2fcommon 13ms (cache hit)
21 silly packumentCache full:https://registry.npmjs.org/@angular%2fcommon set size:2847221 disposed:false
22 silly fetch manifest @angular/core@^20.3.0
23 silly packumentCache full:https://registry.npmjs.org/@angular%2fcore cache-miss
24 http cache https://registry.npmjs.org/@angular%2fcore 11ms (cache hit)
25 silly packumentCache full:https://registry.npmjs.org/@angular%2fcore set size:2697296 disposed:false
26 silly fetch manifest @angular/compiler@^20.3.0
27 silly packumentCache full:https://registry.npmjs.org/@angular%2fcompiler cache-miss
28 http cache https://registry.npmjs.org/@angular%2fcompiler 10ms (cache hit)
29 silly packumentCache full:https://registry.npmjs.org/@angular%2fcompiler set size:2499202 disposed:false
30 silly fetch manifest rxjs@~7.8.0
31 silly packumentCache full:https://registry.npmjs.org/rxjs cache-miss
32 http cache https://registry.npmjs.org/rxjs 13ms (cache hit)
33 silly packumentCache full:https://registry.npmjs.org/rxjs set size:980097 disposed:false
34 silly fetch manifest zone.js@~0.15.0
35 silly packumentCache full:https://registry.npmjs.org/zone.js cache-miss
36 http cache https://registry.npmjs.org/zone.js 5ms (cache hit)
37 silly packumentCache full:https://registry.npmjs.org/zone.js set size:365274 disposed:false
38 silly fetch manifest @angular/platform-browser@^20.3.0
39 silly packumentCache full:https://registry.npmjs.org/@angular%2fplatform-browser cache-miss
40 http cache https://registry.npmjs.org/@angular%2fplatform-browser 10ms (cache hit)
41 silly packumentCache full:https://registry.npmjs.org/@angular%2fplatform-browser set size:2844693 disposed:false
42 silly fetch manifest @angular/animations@*
43 silly packumentCache full:https://registry.npmjs.org/@angular%2fanimations cache-miss
44 http cache https://registry.npmjs.org/@angular%2fanimations 10ms (cache hit)
45 silly packumentCache full:https://registry.npmjs.org/@angular%2fanimations set size:2581124 disposed:false
46 silly fetch manifest @angular/material@*
47 silly packumentCache full:https://registry.npmjs.org/@angular%2fmaterial cache-miss
48 http fetch GET 200 https://registry.npmjs.org/@angular%2fmaterial 443ms (cache miss)
49 silly packumentCache full:https://registry.npmjs.org/@angular%2fmaterial set size:undefined disposed:false
50 silly fetch manifest @angular/cdk@*
51 silly packumentCache full:https://registry.npmjs.org/@angular%2fcdk cache-miss
52 http fetch GET 200 https://registry.npmjs.org/@angular%2fcdk 152ms (cache miss)
53 silly packumentCache full:https://registry.npmjs.org/@angular%2fcdk set size:undefined disposed:false
54 silly placeDep ROOT @angular/animations@20.3.0 OK for: frontend@0.0.0 want: *
55 silly placeDep ROOT @angular/cdk@20.2.2 OK for: frontend@0.0.0 want: *
56 silly placeDep ROOT @angular/forms@20.3.0 REPLACE for: frontend@0.0.0 want: ^20.3.0
57 silly placeDep ROOT @angular/material@20.2.2 OK for: frontend@0.0.0 want: *
58 silly reify moves {}
59 silly reify mark deleted [ '/home/node/frontend/node_modules/@algolia/abtesting' ]
60 silly reify mark deleted [ '/home/node/frontend/node_modules/@algolia/client-abtesting' ]
61 silly reify mark deleted [ '/home/node/frontend/node_modules/@algolia/client-analytics' ]
62 silly reify mark deleted [ '/home/node/frontend/node_modules/@algolia/client-common' ]
63 silly reify mark deleted [ '/home/node/frontend/node_modules/@algolia/client-insights' ]
64 silly reify mark deleted [ '/home/node/frontend/node_modules/@algolia/client-personalization' ]
65 silly reify mark deleted [
65 silly reify   '/home/node/frontend/node_modules/@algolia/client-query-suggestions'
65 silly reify ]
66 silly reify mark deleted [ '/home/node/frontend/node_modules/@algolia/client-search' ]
67 silly reify mark deleted [ '/home/node/frontend/node_modules/@algolia/ingestion' ]
68 silly reify mark deleted [ '/home/node/frontend/node_modules/@algolia/monitoring' ]
69 silly reify mark deleted [ '/home/node/frontend/node_modules/@algolia/recommend' ]
70 silly reify mark deleted [ '/home/node/frontend/node_modules/@algolia/requester-browser-xhr' ]
71 silly reify mark deleted [ '/home/node/frontend/node_modules/@algolia/requester-fetch' ]
72 silly reify mark deleted [ '/home/node/frontend/node_modules/@algolia/requester-node-http' ]
73 silly reify mark deleted [ '/home/node/frontend/node_modules/@ampproject/remapping' ]
74 silly reify mark deleted [ '/home/node/frontend/node_modules/@angular-devkit/architect' ]
75 silly reify mark deleted [ '/home/node/frontend/node_modules/@angular-devkit/core' ]
76 silly reify mark deleted [ '/home/node/frontend/node_modules/@angular-devkit/schematics' ]
77 silly reify mark deleted [ '/home/node/frontend/node_modules/@angular/build' ]
78 silly reify mark deleted [
78 silly reify   '/home/node/frontend/node_modules/@angular/cli',
78 silly reify   '/home/node/frontend/node_modules/.bin/ng'
78 silly reify ]
79 silly reify mark deleted [
79 silly reify   '/home/node/frontend/node_modules/@angular/compiler-cli',
79 silly reify   '/home/node/frontend/node_modules/.bin/ng-xi18n',
79 silly reify   '/home/node/frontend/node_modules/.bin/ngc'
79 silly reify ]
80 silly reify mark deleted [ '/home/node/frontend/node_modules/@babel/code-frame' ]
81 silly reify mark deleted [ '/home/node/frontend/node_modules/@babel/compat-data' ]
82 silly reify mark deleted [ '/home/node/frontend/node_modules/@babel/core' ]
83 silly reify mark deleted [
83 silly reify   '/home/node/frontend/node_modules/@babel/core/node_modules/convert-source-map'
83 silly reify ]
84 silly reify mark deleted [
84 silly reify   '/home/node/frontend/node_modules/@babel/core/node_modules/semver',
84 silly reify   '/home/node/frontend/node_modules/@babel/core/node_modules/.bin/semver'
84 silly reify ]
85 silly reify mark deleted [ '/home/node/frontend/node_modules/@babel/generator' ]
86 silly reify mark deleted [ '/home/node/frontend/node_modules/@babel/helper-annotate-as-pure' ]
87 silly reify mark deleted [
87 silly reify   '/home/node/frontend/node_modules/@babel/helper-compilation-targets'
87 silly reify ]
88 silly reify mark deleted [
88 silly reify   '/home/node/frontend/node_modules/@babel/helper-compilation-targets/node_modules/semver',
88 silly reify   '/home/node/frontend/node_modules/@babel/helper-compilation-targets/node_modules/.bin/semver'
88 silly reify ]
89 silly reify mark deleted [ '/home/node/frontend/node_modules/@babel/helper-globals' ]
90 silly reify mark deleted [ '/home/node/frontend/node_modules/@babel/helper-module-imports' ]
91 silly reify mark deleted [ '/home/node/frontend/node_modules/@babel/helper-module-transforms' ]
92 silly reify mark deleted [
92 silly reify   '/home/node/frontend/node_modules/@babel/helper-split-export-declaration'
92 silly reify ]
93 silly reify mark deleted [ '/home/node/frontend/node_modules/@babel/helper-string-parser' ]
94 silly reify mark deleted [
94 silly reify   '/home/node/frontend/node_modules/@babel/helper-validator-identifier'
94 silly reify ]
95 silly reify mark deleted [ '/home/node/frontend/node_modules/@babel/helper-validator-option' ]
96 silly reify mark deleted [ '/home/node/frontend/node_modules/@babel/helpers' ]
97 silly reify mark deleted [
97 silly reify   '/home/node/frontend/node_modules/@babel/parser',
97 silly reify   '/home/node/frontend/node_modules/.bin/parser'
97 silly reify ]
98 silly reify mark deleted [ '/home/node/frontend/node_modules/@babel/template' ]
99 silly reify mark deleted [ '/home/node/frontend/node_modules/@babel/traverse' ]
100 silly reify mark deleted [ '/home/node/frontend/node_modules/@babel/types' ]
101 silly reify mark deleted [ '/home/node/frontend/node_modules/@colors/colors' ]
102 silly reify mark deleted [ '/home/node/frontend/node_modules/@emnapi/core' ]
103 silly reify mark deleted [ '/home/node/frontend/node_modules/@emnapi/runtime' ]
104 silly reify mark deleted [ '/home/node/frontend/node_modules/@emnapi/wasi-threads' ]
105 silly reify mark deleted [ '/home/node/frontend/node_modules/@esbuild/aix-ppc64' ]
106 silly reify mark deleted [ '/home/node/frontend/node_modules/@esbuild/android-arm' ]
107 silly reify mark deleted [ '/home/node/frontend/node_modules/@esbuild/android-arm64' ]
108 silly reify mark deleted [ '/home/node/frontend/node_modules/@esbuild/android-x64' ]
109 silly reify mark deleted [ '/home/node/frontend/node_modules/@esbuild/darwin-arm64' ]
110 silly reify mark deleted [ '/home/node/frontend/node_modules/@esbuild/darwin-x64' ]
111 silly reify mark deleted [ '/home/node/frontend/node_modules/@esbuild/freebsd-arm64' ]
112 silly reify mark deleted [ '/home/node/frontend/node_modules/@esbuild/freebsd-x64' ]
113 silly reify mark deleted [ '/home/node/frontend/node_modules/@esbuild/linux-arm' ]
114 silly reify mark deleted [ '/home/node/frontend/node_modules/@esbuild/linux-arm64' ]
115 silly reify mark deleted [ '/home/node/frontend/node_modules/@esbuild/linux-ia32' ]
116 silly reify mark deleted [ '/home/node/frontend/node_modules/@esbuild/linux-loong64' ]
117 silly reify mark deleted [ '/home/node/frontend/node_modules/@esbuild/linux-mips64el' ]
118 silly reify mark deleted [ '/home/node/frontend/node_modules/@esbuild/linux-ppc64' ]
119 silly reify mark deleted [ '/home/node/frontend/node_modules/@esbuild/linux-riscv64' ]
120 silly reify mark deleted [ '/home/node/frontend/node_modules/@esbuild/linux-s390x' ]
121 silly reify mark deleted [ '/home/node/frontend/node_modules/@esbuild/linux-x64' ]
122 silly reify mark deleted [ '/home/node/frontend/node_modules/@esbuild/netbsd-arm64' ]
123 silly reify mark deleted [ '/home/node/frontend/node_modules/@esbuild/netbsd-x64' ]
124 silly reify mark deleted [ '/home/node/frontend/node_modules/@esbuild/openbsd-arm64' ]
125 silly reify mark deleted [ '/home/node/frontend/node_modules/@esbuild/openbsd-x64' ]
126 silly reify mark deleted [ '/home/node/frontend/node_modules/@esbuild/openharmony-arm64' ]
127 silly reify mark deleted [ '/home/node/frontend/node_modules/@esbuild/sunos-x64' ]
128 silly reify mark deleted [ '/home/node/frontend/node_modules/@esbuild/win32-arm64' ]
129 silly reify mark deleted [ '/home/node/frontend/node_modules/@esbuild/win32-ia32' ]
130 silly reify mark deleted [ '/home/node/frontend/node_modules/@esbuild/win32-x64' ]
131 silly reify mark deleted [ '/home/node/frontend/node_modules/@inquirer/checkbox' ]
132 silly reify mark deleted [ '/home/node/frontend/node_modules/@inquirer/confirm' ]
133 silly reify mark deleted [ '/home/node/frontend/node_modules/@inquirer/core' ]
134 silly reify mark deleted [ '/home/node/frontend/node_modules/@inquirer/editor' ]
135 silly reify mark deleted [ '/home/node/frontend/node_modules/@inquirer/expand' ]
136 silly reify mark deleted [ '/home/node/frontend/node_modules/@inquirer/external-editor' ]
137 silly reify mark deleted [ '/home/node/frontend/node_modules/@inquirer/figures' ]
138 silly reify mark deleted [ '/home/node/frontend/node_modules/@inquirer/input' ]
139 silly reify mark deleted [ '/home/node/frontend/node_modules/@inquirer/number' ]
140 silly reify mark deleted [ '/home/node/frontend/node_modules/@inquirer/password' ]
141 silly reify mark deleted [ '/home/node/frontend/node_modules/@inquirer/prompts' ]
142 silly reify mark deleted [ '/home/node/frontend/node_modules/@inquirer/rawlist' ]
143 silly reify mark deleted [ '/home/node/frontend/node_modules/@inquirer/search' ]
144 silly reify mark deleted [ '/home/node/frontend/node_modules/@inquirer/select' ]
145 silly reify mark deleted [ '/home/node/frontend/node_modules/@inquirer/type' ]
146 silly reify mark deleted [ '/home/node/frontend/node_modules/@isaacs/balanced-match' ]
147 silly reify mark deleted [ '/home/node/frontend/node_modules/@isaacs/brace-expansion' ]
148 silly reify mark deleted [ '/home/node/frontend/node_modules/@isaacs/cliui' ]
149 silly reify mark deleted [
149 silly reify   '/home/node/frontend/node_modules/@isaacs/cliui/node_modules/emoji-regex'
149 silly reify ]
150 silly reify mark deleted [
150 silly reify   '/home/node/frontend/node_modules/@isaacs/cliui/node_modules/string-width'
150 silly reify ]
151 silly reify mark deleted [
151 silly reify   '/home/node/frontend/node_modules/@isaacs/cliui/node_modules/wrap-ansi'
151 silly reify ]
152 silly reify mark deleted [ '/home/node/frontend/node_modules/@isaacs/fs-minipass' ]
153 silly reify mark deleted [ '/home/node/frontend/node_modules/@istanbuljs/schema' ]
154 silly reify mark deleted [ '/home/node/frontend/node_modules/@jridgewell/gen-mapping' ]
155 silly reify mark deleted [ '/home/node/frontend/node_modules/@jridgewell/resolve-uri' ]
156 silly reify mark deleted [ '/home/node/frontend/node_modules/@jridgewell/sourcemap-codec' ]
157 silly reify mark deleted [ '/home/node/frontend/node_modules/@jridgewell/trace-mapping' ]
158 silly reify mark deleted [ '/home/node/frontend/node_modules/@listr2/prompt-adapter-inquirer' ]
159 silly reify mark deleted [ '/home/node/frontend/node_modules/@lmdb/lmdb-darwin-arm64' ]
160 silly reify mark deleted [ '/home/node/frontend/node_modules/@lmdb/lmdb-darwin-x64' ]
161 silly reify mark deleted [ '/home/node/frontend/node_modules/@lmdb/lmdb-linux-arm' ]
162 silly reify mark deleted [ '/home/node/frontend/node_modules/@lmdb/lmdb-linux-arm64' ]
163 silly reify mark deleted [ '/home/node/frontend/node_modules/@lmdb/lmdb-linux-x64' ]
164 silly reify mark deleted [ '/home/node/frontend/node_modules/@lmdb/lmdb-win32-arm64' ]
165 silly reify mark deleted [ '/home/node/frontend/node_modules/@lmdb/lmdb-win32-x64' ]
166 silly reify mark deleted [ '/home/node/frontend/node_modules/@modelcontextprotocol/sdk' ]
167 silly reify mark deleted [
167 silly reify   '/home/node/frontend/node_modules/@modelcontextprotocol/sdk/node_modules/ajv'
167 silly reify ]
168 silly reify mark deleted [
168 silly reify   '/home/node/frontend/node_modules/@modelcontextprotocol/sdk/node_modules/json-schema-traverse'
168 silly reify ]
169 silly reify mark deleted [
169 silly reify   '/home/node/frontend/node_modules/@msgpackr-extract/msgpackr-extract-darwin-arm64'
169 silly reify ]
170 silly reify mark deleted [
170 silly reify   '/home/node/frontend/node_modules/@msgpackr-extract/msgpackr-extract-darwin-x64'
170 silly reify ]
171 silly reify mark deleted [
171 silly reify   '/home/node/frontend/node_modules/@msgpackr-extract/msgpackr-extract-linux-arm'
171 silly reify ]
172 silly reify mark deleted [
172 silly reify   '/home/node/frontend/node_modules/@msgpackr-extract/msgpackr-extract-linux-arm64'
172 silly reify ]
173 silly reify mark deleted [
173 silly reify   '/home/node/frontend/node_modules/@msgpackr-extract/msgpackr-extract-linux-x64'
173 silly reify ]
174 silly reify mark deleted [
174 silly reify   '/home/node/frontend/node_modules/@msgpackr-extract/msgpackr-extract-win32-x64'
174 silly reify ]
175 silly reify mark deleted [ '/home/node/frontend/node_modules/@napi-rs/nice' ]
176 silly reify mark deleted [ '/home/node/frontend/node_modules/@napi-rs/nice-android-arm-eabi' ]
177 silly reify mark deleted [ '/home/node/frontend/node_modules/@napi-rs/nice-android-arm64' ]
178 silly reify mark deleted [ '/home/node/frontend/node_modules/@napi-rs/nice-darwin-arm64' ]
179 silly reify mark deleted [ '/home/node/frontend/node_modules/@napi-rs/nice-darwin-x64' ]
180 silly reify mark deleted [ '/home/node/frontend/node_modules/@napi-rs/nice-freebsd-x64' ]
181 silly reify mark deleted [
181 silly reify   '/home/node/frontend/node_modules/@napi-rs/nice-linux-arm-gnueabihf'
181 silly reify ]
182 silly reify mark deleted [ '/home/node/frontend/node_modules/@napi-rs/nice-linux-arm64-gnu' ]
183 silly reify mark deleted [ '/home/node/frontend/node_modules/@napi-rs/nice-linux-arm64-musl' ]
184 silly reify mark deleted [ '/home/node/frontend/node_modules/@napi-rs/nice-linux-ppc64-gnu' ]
185 silly reify mark deleted [ '/home/node/frontend/node_modules/@napi-rs/nice-linux-riscv64-gnu' ]
186 silly reify mark deleted [ '/home/node/frontend/node_modules/@napi-rs/nice-linux-s390x-gnu' ]
187 silly reify mark deleted [ '/home/node/frontend/node_modules/@napi-rs/nice-linux-x64-gnu' ]
188 silly reify mark deleted [ '/home/node/frontend/node_modules/@napi-rs/nice-linux-x64-musl' ]
189 silly reify mark deleted [ '/home/node/frontend/node_modules/@napi-rs/nice-openharmony-arm64' ]
190 silly reify mark deleted [ '/home/node/frontend/node_modules/@napi-rs/nice-win32-arm64-msvc' ]
191 silly reify mark deleted [ '/home/node/frontend/node_modules/@napi-rs/nice-win32-ia32-msvc' ]
192 silly reify mark deleted [ '/home/node/frontend/node_modules/@napi-rs/nice-win32-x64-msvc' ]
193 silly reify mark deleted [ '/home/node/frontend/node_modules/@napi-rs/wasm-runtime' ]
194 silly reify mark deleted [ '/home/node/frontend/node_modules/@npmcli/agent' ]
195 silly reify mark deleted [
195 silly reify   '/home/node/frontend/node_modules/@npmcli/agent/node_modules/lru-cache'
195 silly reify ]
196 silly reify mark deleted [ '/home/node/frontend/node_modules/@npmcli/fs' ]
197 silly reify mark deleted [ '/home/node/frontend/node_modules/@npmcli/git' ]
198 silly reify mark deleted [ '/home/node/frontend/node_modules/@npmcli/git/node_modules/isexe' ]
199 silly reify mark deleted [
199 silly reify   '/home/node/frontend/node_modules/@npmcli/git/node_modules/lru-cache'
199 silly reify ]
200 silly reify mark deleted [
200 silly reify   '/home/node/frontend/node_modules/@npmcli/git/node_modules/which',
200 silly reify   '/home/node/frontend/node_modules/@npmcli/git/node_modules/.bin/node-which'
200 silly reify ]
201 silly reify mark deleted [
201 silly reify   '/home/node/frontend/node_modules/@npmcli/installed-package-contents',
201 silly reify   '/home/node/frontend/node_modules/.bin/installed-package-contents'
201 silly reify ]
202 silly reify mark deleted [ '/home/node/frontend/node_modules/@npmcli/node-gyp' ]
203 silly reify mark deleted [ '/home/node/frontend/node_modules/@npmcli/package-json' ]
204 silly reify mark deleted [
204 silly reify   '/home/node/frontend/node_modules/@npmcli/package-json/node_modules/brace-expansion'
204 silly reify ]
205 silly reify mark deleted [
205 silly reify   '/home/node/frontend/node_modules/@npmcli/package-json/node_modules/glob',
205 silly reify   '/home/node/frontend/node_modules/@npmcli/package-json/node_modules/.bin/glob'
205 silly reify ]
206 silly reify mark deleted [
206 silly reify   '/home/node/frontend/node_modules/@npmcli/package-json/node_modules/hosted-git-info'
206 silly reify ]
207 silly reify mark deleted [
207 silly reify   '/home/node/frontend/node_modules/@npmcli/package-json/node_modules/lru-cache'
207 silly reify ]
208 silly reify mark deleted [
208 silly reify   '/home/node/frontend/node_modules/@npmcli/package-json/node_modules/minimatch'
208 silly reify ]
209 silly reify mark deleted [ '/home/node/frontend/node_modules/@npmcli/promise-spawn' ]
210 silly reify mark deleted [
210 silly reify   '/home/node/frontend/node_modules/@npmcli/promise-spawn/node_modules/isexe'
210 silly reify ]
211 silly reify mark deleted [
211 silly reify   '/home/node/frontend/node_modules/@npmcli/promise-spawn/node_modules/which',
211 silly reify   '/home/node/frontend/node_modules/@npmcli/promise-spawn/node_modules/.bin/node-which'
211 silly reify ]
212 silly reify mark deleted [ '/home/node/frontend/node_modules/@npmcli/redact' ]
213 silly reify mark deleted [ '/home/node/frontend/node_modules/@npmcli/run-script' ]
214 silly reify mark deleted [
214 silly reify   '/home/node/frontend/node_modules/@npmcli/run-script/node_modules/isexe'
214 silly reify ]
215 silly reify mark deleted [
215 silly reify   '/home/node/frontend/node_modules/@npmcli/run-script/node_modules/which',
215 silly reify   '/home/node/frontend/node_modules/@npmcli/run-script/node_modules/.bin/node-which'
215 silly reify ]
216 silly reify mark deleted [ '/home/node/frontend/node_modules/@oxc-project/runtime' ]
217 silly reify mark deleted [ '/home/node/frontend/node_modules/@oxc-project/types' ]
218 silly reify mark deleted [ '/home/node/frontend/node_modules/@parcel/watcher' ]
219 silly reify mark deleted [ '/home/node/frontend/node_modules/@parcel/watcher-android-arm64' ]
220 silly reify mark deleted [ '/home/node/frontend/node_modules/@parcel/watcher-darwin-arm64' ]
221 silly reify mark deleted [ '/home/node/frontend/node_modules/@parcel/watcher-darwin-x64' ]
222 silly reify mark deleted [ '/home/node/frontend/node_modules/@parcel/watcher-freebsd-x64' ]
223 silly reify mark deleted [ '/home/node/frontend/node_modules/@parcel/watcher-linux-arm-glibc' ]
224 silly reify mark deleted [ '/home/node/frontend/node_modules/@parcel/watcher-linux-arm-musl' ]
225 silly reify mark deleted [
225 silly reify   '/home/node/frontend/node_modules/@parcel/watcher-linux-arm64-glibc'
225 silly reify ]
226 silly reify mark deleted [ '/home/node/frontend/node_modules/@parcel/watcher-linux-arm64-musl' ]
227 silly reify mark deleted [ '/home/node/frontend/node_modules/@parcel/watcher-linux-x64-glibc' ]
228 silly reify mark deleted [ '/home/node/frontend/node_modules/@parcel/watcher-linux-x64-musl' ]
229 silly reify mark deleted [ '/home/node/frontend/node_modules/@parcel/watcher-win32-arm64' ]
230 silly reify mark deleted [ '/home/node/frontend/node_modules/@parcel/watcher-win32-ia32' ]
231 silly reify mark deleted [ '/home/node/frontend/node_modules/@parcel/watcher-win32-x64' ]
232 silly reify mark deleted [
232 silly reify   '/home/node/frontend/node_modules/@parcel/watcher/node_modules/detect-libc',
232 silly reify   '/home/node/frontend/node_modules/@parcel/watcher/node_modules/.bin/detect-libc'
232 silly reify ]
233 silly reify mark deleted [
233 silly reify   '/home/node/frontend/node_modules/@parcel/watcher/node_modules/node-addon-api'
233 silly reify ]
234 silly reify mark deleted [ '/home/node/frontend/node_modules/@pkgjs/parseargs' ]
235 silly reify mark deleted [ '/home/node/frontend/node_modules/@rolldown/binding-android-arm64' ]
236 silly reify mark deleted [ '/home/node/frontend/node_modules/@rolldown/binding-darwin-arm64' ]
237 silly reify mark deleted [ '/home/node/frontend/node_modules/@rolldown/binding-darwin-x64' ]
238 silly reify mark deleted [ '/home/node/frontend/node_modules/@rolldown/binding-freebsd-x64' ]
239 silly reify mark deleted [
239 silly reify   '/home/node/frontend/node_modules/@rolldown/binding-linux-arm-gnueabihf'
239 silly reify ]
240 silly reify mark deleted [
240 silly reify   '/home/node/frontend/node_modules/@rolldown/binding-linux-arm64-gnu'
240 silly reify ]
241 silly reify mark deleted [
241 silly reify   '/home/node/frontend/node_modules/@rolldown/binding-linux-arm64-musl'
241 silly reify ]
242 silly reify mark deleted [ '/home/node/frontend/node_modules/@rolldown/binding-linux-x64-gnu' ]
243 silly reify mark deleted [ '/home/node/frontend/node_modules/@rolldown/binding-linux-x64-musl' ]
244 silly reify mark deleted [
244 silly reify   '/home/node/frontend/node_modules/@rolldown/binding-openharmony-arm64'
244 silly reify ]
245 silly reify mark deleted [ '/home/node/frontend/node_modules/@rolldown/binding-wasm32-wasi' ]
246 silly reify mark deleted [
246 silly reify   '/home/node/frontend/node_modules/@rolldown/binding-win32-arm64-msvc'
246 silly reify ]
247 silly reify mark deleted [
247 silly reify   '/home/node/frontend/node_modules/@rolldown/binding-win32-ia32-msvc'
247 silly reify ]
248 silly reify mark deleted [ '/home/node/frontend/node_modules/@rolldown/binding-win32-x64-msvc' ]
249 silly reify mark deleted [ '/home/node/frontend/node_modules/@rolldown/pluginutils' ]
250 silly reify mark deleted [ '/home/node/frontend/node_modules/@rollup/rollup-android-arm-eabi' ]
251 silly reify mark deleted [ '/home/node/frontend/node_modules/@rollup/rollup-android-arm64' ]
252 silly reify mark deleted [ '/home/node/frontend/node_modules/@rollup/rollup-darwin-arm64' ]
253 silly reify mark deleted [ '/home/node/frontend/node_modules/@rollup/rollup-darwin-x64' ]
254 silly reify mark deleted [ '/home/node/frontend/node_modules/@rollup/rollup-freebsd-arm64' ]
255 silly reify mark deleted [ '/home/node/frontend/node_modules/@rollup/rollup-freebsd-x64' ]
256 silly reify mark deleted [
256 silly reify   '/home/node/frontend/node_modules/@rollup/rollup-linux-arm-gnueabihf'
256 silly reify ]
257 silly reify mark deleted [
257 silly reify   '/home/node/frontend/node_modules/@rollup/rollup-linux-arm-musleabihf'
257 silly reify ]
258 silly reify mark deleted [ '/home/node/frontend/node_modules/@rollup/rollup-linux-arm64-gnu' ]
259 silly reify mark deleted [ '/home/node/frontend/node_modules/@rollup/rollup-linux-arm64-musl' ]
260 silly reify mark deleted [
260 silly reify   '/home/node/frontend/node_modules/@rollup/rollup-linux-loongarch64-gnu'
260 silly reify ]
261 silly reify mark deleted [ '/home/node/frontend/node_modules/@rollup/rollup-linux-ppc64-gnu' ]
262 silly reify mark deleted [ '/home/node/frontend/node_modules/@rollup/rollup-linux-riscv64-gnu' ]
263 silly reify mark deleted [
263 silly reify   '/home/node/frontend/node_modules/@rollup/rollup-linux-riscv64-musl'
263 silly reify ]
264 silly reify mark deleted [ '/home/node/frontend/node_modules/@rollup/rollup-linux-s390x-gnu' ]
265 silly reify mark deleted [ '/home/node/frontend/node_modules/@rollup/rollup-linux-x64-gnu' ]
266 silly reify mark deleted [ '/home/node/frontend/node_modules/@rollup/rollup-linux-x64-musl' ]
267 silly reify mark deleted [ '/home/node/frontend/node_modules/@rollup/rollup-openharmony-arm64' ]
268 silly reify mark deleted [ '/home/node/frontend/node_modules/@rollup/rollup-win32-arm64-msvc' ]
269 silly reify mark deleted [ '/home/node/frontend/node_modules/@rollup/rollup-win32-ia32-msvc' ]
270 silly reify mark deleted [ '/home/node/frontend/node_modules/@rollup/rollup-win32-x64-msvc' ]
271 silly reify mark deleted [ '/home/node/frontend/node_modules/@schematics/angular' ]
272 silly reify mark deleted [ '/home/node/frontend/node_modules/@sigstore/bundle' ]
273 silly reify mark deleted [ '/home/node/frontend/node_modules/@sigstore/core' ]
274 silly reify mark deleted [ '/home/node/frontend/node_modules/@sigstore/protobuf-specs' ]
275 silly reify mark deleted [ '/home/node/frontend/node_modules/@sigstore/sign' ]
276 silly reify mark deleted [ '/home/node/frontend/node_modules/@sigstore/tuf' ]
277 silly reify mark deleted [ '/home/node/frontend/node_modules/@sigstore/verify' ]
278 silly reify mark deleted [ '/home/node/frontend/node_modules/@socket.io/component-emitter' ]
279 silly reify mark deleted [ '/home/node/frontend/node_modules/@tufjs/canonical-json' ]
280 silly reify mark deleted [ '/home/node/frontend/node_modules/@tufjs/models' ]
281 silly reify mark deleted [
281 silly reify   '/home/node/frontend/node_modules/@tufjs/models/node_modules/brace-expansion'
281 silly reify ]
282 silly reify mark deleted [
282 silly reify   '/home/node/frontend/node_modules/@tufjs/models/node_modules/minimatch'
282 silly reify ]
283 silly reify mark deleted [ '/home/node/frontend/node_modules/@tybys/wasm-util' ]
284 silly reify mark deleted [ '/home/node/frontend/node_modules/@types/cors' ]
285 silly reify mark deleted [ '/home/node/frontend/node_modules/@types/estree' ]
286 silly reify mark deleted [ '/home/node/frontend/node_modules/@types/jasmine' ]
287 silly reify mark deleted [ '/home/node/frontend/node_modules/@types/node' ]
288 silly reify mark deleted [ '/home/node/frontend/node_modules/@vitejs/plugin-basic-ssl' ]
289 silly reify mark deleted [ '/home/node/frontend/node_modules/@yarnpkg/lockfile' ]
290 silly reify mark deleted [ '/home/node/frontend/node_modules/abbrev' ]
291 silly reify mark deleted [ '/home/node/frontend/node_modules/accepts' ]
292 silly reify mark deleted [ '/home/node/frontend/node_modules/agent-base' ]
293 silly reify mark deleted [ '/home/node/frontend/node_modules/ajv' ]
294 silly reify mark deleted [ '/home/node/frontend/node_modules/ajv-formats' ]
295 silly reify mark deleted [ '/home/node/frontend/node_modules/algoliasearch' ]
296 silly reify mark deleted [ '/home/node/frontend/node_modules/ansi-escapes' ]
297 silly reify mark deleted [ '/home/node/frontend/node_modules/ansi-regex' ]
298 silly reify mark deleted [ '/home/node/frontend/node_modules/ansi-styles' ]
299 silly reify mark deleted [ '/home/node/frontend/node_modules/ansis' ]
300 silly reify mark deleted [ '/home/node/frontend/node_modules/anymatch' ]
301 silly reify mark deleted [ '/home/node/frontend/node_modules/anymatch/node_modules/picomatch' ]
302 silly reify mark deleted [ '/home/node/frontend/node_modules/balanced-match' ]
303 silly reify mark deleted [ '/home/node/frontend/node_modules/base64id' ]
304 silly reify mark deleted [ '/home/node/frontend/node_modules/beasties' ]
305 silly reify mark deleted [ '/home/node/frontend/node_modules/binary-extensions' ]
306 silly reify mark deleted [ '/home/node/frontend/node_modules/body-parser' ]
307 silly reify mark deleted [ '/home/node/frontend/node_modules/boolbase' ]
308 silly reify mark deleted [ '/home/node/frontend/node_modules/brace-expansion' ]
309 silly reify mark deleted [ '/home/node/frontend/node_modules/braces' ]
310 silly reify mark deleted [
310 silly reify   '/home/node/frontend/node_modules/browserslist',
310 silly reify   '/home/node/frontend/node_modules/.bin/browserslist'
310 silly reify ]
311 silly reify mark deleted [ '/home/node/frontend/node_modules/buffer-from' ]
312 silly reify mark deleted [ '/home/node/frontend/node_modules/bytes' ]
313 silly reify mark deleted [ '/home/node/frontend/node_modules/cacache' ]
314 silly reify mark deleted [
314 silly reify   '/home/node/frontend/node_modules/cacache/node_modules/brace-expansion'
314 silly reify ]
315 silly reify mark deleted [ '/home/node/frontend/node_modules/cacache/node_modules/chownr' ]
316 silly reify mark deleted [
316 silly reify   '/home/node/frontend/node_modules/cacache/node_modules/glob',
316 silly reify   '/home/node/frontend/node_modules/cacache/node_modules/.bin/glob'
316 silly reify ]
317 silly reify mark deleted [ '/home/node/frontend/node_modules/cacache/node_modules/lru-cache' ]
318 silly reify mark deleted [ '/home/node/frontend/node_modules/cacache/node_modules/minimatch' ]
319 silly reify mark deleted [
319 silly reify   '/home/node/frontend/node_modules/cacache/node_modules/mkdirp',
319 silly reify   '/home/node/frontend/node_modules/cacache/node_modules/.bin/mkdirp'
319 silly reify ]
320 silly reify mark deleted [ '/home/node/frontend/node_modules/cacache/node_modules/tar' ]
321 silly reify mark deleted [ '/home/node/frontend/node_modules/cacache/node_modules/yallist' ]
322 silly reify mark deleted [ '/home/node/frontend/node_modules/call-bind-apply-helpers' ]
323 silly reify mark deleted [ '/home/node/frontend/node_modules/call-bound' ]
324 silly reify mark deleted [ '/home/node/frontend/node_modules/caniuse-lite' ]
325 silly reify mark deleted [ '/home/node/frontend/node_modules/chalk' ]
326 silly reify mark deleted [ '/home/node/frontend/node_modules/chardet' ]
327 silly reify mark deleted [ '/home/node/frontend/node_modules/chokidar' ]
328 silly reify mark deleted [ '/home/node/frontend/node_modules/chownr' ]
329 silly reify mark deleted [ '/home/node/frontend/node_modules/cli-cursor' ]
330 silly reify mark deleted [ '/home/node/frontend/node_modules/cli-spinners' ]
331 silly reify mark deleted [ '/home/node/frontend/node_modules/cli-truncate' ]
332 silly reify mark deleted [ '/home/node/frontend/node_modules/cli-width' ]
333 silly reify mark deleted [ '/home/node/frontend/node_modules/cliui' ]
334 silly reify mark deleted [ '/home/node/frontend/node_modules/cliui/node_modules/wrap-ansi' ]
335 silly reify mark deleted [ '/home/node/frontend/node_modules/color-convert' ]
336 silly reify mark deleted [ '/home/node/frontend/node_modules/color-name' ]
337 silly reify mark deleted [ '/home/node/frontend/node_modules/colorette' ]
338 silly reify mark deleted [ '/home/node/frontend/node_modules/concat-map' ]
339 silly reify mark deleted [ '/home/node/frontend/node_modules/connect' ]
340 silly reify mark deleted [ '/home/node/frontend/node_modules/connect/node_modules/debug' ]
341 silly reify mark deleted [ '/home/node/frontend/node_modules/connect/node_modules/encodeurl' ]
342 silly reify mark deleted [
342 silly reify   '/home/node/frontend/node_modules/connect/node_modules/finalhandler'
342 silly reify ]
343 silly reify mark deleted [ '/home/node/frontend/node_modules/connect/node_modules/ms' ]
344 silly reify mark deleted [ '/home/node/frontend/node_modules/connect/node_modules/on-finished' ]
345 silly reify mark deleted [ '/home/node/frontend/node_modules/connect/node_modules/statuses' ]
346 silly reify mark deleted [ '/home/node/frontend/node_modules/content-disposition' ]
347 silly reify mark deleted [ '/home/node/frontend/node_modules/content-type' ]
348 silly reify mark deleted [ '/home/node/frontend/node_modules/convert-source-map' ]
349 silly reify mark deleted [ '/home/node/frontend/node_modules/cookie' ]
350 silly reify mark deleted [ '/home/node/frontend/node_modules/cookie-signature' ]
351 silly reify mark deleted [ '/home/node/frontend/node_modules/cors' ]
352 silly reify mark deleted [ '/home/node/frontend/node_modules/cross-spawn' ]
353 silly reify mark deleted [ '/home/node/frontend/node_modules/css-select' ]
354 silly reify mark deleted [ '/home/node/frontend/node_modules/css-what' ]
355 silly reify mark deleted [ '/home/node/frontend/node_modules/custom-event' ]
356 silly reify mark deleted [ '/home/node/frontend/node_modules/date-format' ]
357 silly reify mark deleted [ '/home/node/frontend/node_modules/debug' ]
358 silly reify mark deleted [ '/home/node/frontend/node_modules/depd' ]
359 silly reify mark deleted [ '/home/node/frontend/node_modules/destroy' ]
360 silly reify mark deleted [ '/home/node/frontend/node_modules/detect-libc' ]
361 silly reify mark deleted [ '/home/node/frontend/node_modules/di' ]
362 silly reify mark deleted [ '/home/node/frontend/node_modules/dom-serialize' ]
363 silly reify mark deleted [ '/home/node/frontend/node_modules/dom-serializer' ]
364 silly reify mark deleted [ '/home/node/frontend/node_modules/domelementtype' ]
365 silly reify mark deleted [ '/home/node/frontend/node_modules/domhandler' ]
366 silly reify mark deleted [ '/home/node/frontend/node_modules/domutils' ]
367 silly reify mark deleted [ '/home/node/frontend/node_modules/dunder-proto' ]
368 silly reify mark deleted [ '/home/node/frontend/node_modules/eastasianwidth' ]
369 silly reify mark deleted [ '/home/node/frontend/node_modules/ee-first' ]
370 silly reify mark deleted [ '/home/node/frontend/node_modules/electron-to-chromium' ]
371 silly reify mark deleted [ '/home/node/frontend/node_modules/emoji-regex' ]
372 silly reify mark deleted [ '/home/node/frontend/node_modules/encodeurl' ]
373 silly reify mark deleted [ '/home/node/frontend/node_modules/encoding' ]
374 silly reify mark deleted [ '/home/node/frontend/node_modules/engine.io' ]
375 silly reify mark deleted [ '/home/node/frontend/node_modules/engine.io-parser' ]
376 silly reify mark deleted [ '/home/node/frontend/node_modules/engine.io/node_modules/accepts' ]
377 silly reify mark deleted [ '/home/node/frontend/node_modules/engine.io/node_modules/debug' ]
378 silly reify mark deleted [ '/home/node/frontend/node_modules/engine.io/node_modules/mime-db' ]
379 silly reify mark deleted [
379 silly reify   '/home/node/frontend/node_modules/engine.io/node_modules/mime-types'
379 silly reify ]
380 silly reify mark deleted [
380 silly reify   '/home/node/frontend/node_modules/engine.io/node_modules/negotiator'
380 silly reify ]
381 silly reify mark deleted [ '/home/node/frontend/node_modules/ent' ]
382 silly reify mark deleted [ '/home/node/frontend/node_modules/entities' ]
383 silly reify mark deleted [ '/home/node/frontend/node_modules/env-paths' ]
384 silly reify mark deleted [ '/home/node/frontend/node_modules/environment' ]
385 silly reify mark deleted [ '/home/node/frontend/node_modules/err-code' ]
386 silly reify mark deleted [ '/home/node/frontend/node_modules/es-define-property' ]
387 silly reify mark deleted [ '/home/node/frontend/node_modules/es-errors' ]
388 silly reify mark deleted [ '/home/node/frontend/node_modules/es-object-atoms' ]
389 silly reify mark deleted [
389 silly reify   '/home/node/frontend/node_modules/esbuild',
389 silly reify   '/home/node/frontend/node_modules/.bin/esbuild'
389 silly reify ]
390 silly reify mark deleted [ '/home/node/frontend/node_modules/escalade' ]
391 silly reify mark deleted [ '/home/node/frontend/node_modules/escape-html' ]
392 silly reify mark deleted [ '/home/node/frontend/node_modules/etag' ]
393 silly reify mark deleted [ '/home/node/frontend/node_modules/eventemitter3' ]
394 silly reify mark deleted [ '/home/node/frontend/node_modules/eventsource' ]
395 silly reify mark deleted [ '/home/node/frontend/node_modules/eventsource-parser' ]
396 silly reify mark deleted [ '/home/node/frontend/node_modules/exponential-backoff' ]
397 silly reify mark deleted [ '/home/node/frontend/node_modules/express' ]
398 silly reify mark deleted [ '/home/node/frontend/node_modules/express-rate-limit' ]
399 silly reify mark deleted [ '/home/node/frontend/node_modules/extend' ]
400 silly reify mark deleted [ '/home/node/frontend/node_modules/fast-deep-equal' ]
401 silly reify mark deleted [ '/home/node/frontend/node_modules/fast-json-stable-stringify' ]
402 silly reify mark deleted [ '/home/node/frontend/node_modules/fast-uri' ]
403 silly reify mark deleted [ '/home/node/frontend/node_modules/fdir' ]
404 silly reify mark deleted [ '/home/node/frontend/node_modules/fill-range' ]
405 silly reify mark deleted [ '/home/node/frontend/node_modules/finalhandler' ]
406 silly reify mark deleted [ '/home/node/frontend/node_modules/flatted' ]
407 silly reify mark deleted [ '/home/node/frontend/node_modules/follow-redirects' ]
408 silly reify mark deleted [ '/home/node/frontend/node_modules/foreground-child' ]
409 silly reify mark deleted [ '/home/node/frontend/node_modules/forwarded' ]
410 silly reify mark deleted [ '/home/node/frontend/node_modules/fresh' ]
411 silly reify mark deleted [ '/home/node/frontend/node_modules/fs-extra' ]
412 silly reify mark deleted [ '/home/node/frontend/node_modules/fs-minipass' ]
413 silly reify mark deleted [ '/home/node/frontend/node_modules/fs.realpath' ]
414 silly reify mark deleted [ '/home/node/frontend/node_modules/fsevents' ]
415 silly reify mark deleted [ '/home/node/frontend/node_modules/function-bind' ]
416 silly reify mark deleted [ '/home/node/frontend/node_modules/gensync' ]
417 silly reify mark deleted [ '/home/node/frontend/node_modules/get-caller-file' ]
418 silly reify mark deleted [ '/home/node/frontend/node_modules/get-east-asian-width' ]
419 silly reify mark deleted [ '/home/node/frontend/node_modules/get-intrinsic' ]
420 silly reify mark deleted [ '/home/node/frontend/node_modules/get-proto' ]
421 silly reify mark deleted [ '/home/node/frontend/node_modules/glob' ]
422 silly reify mark deleted [ '/home/node/frontend/node_modules/glob-parent' ]
423 silly reify mark deleted [ '/home/node/frontend/node_modules/glob-to-regexp' ]
424 silly reify mark deleted [ '/home/node/frontend/node_modules/gopd' ]
425 silly reify mark deleted [ '/home/node/frontend/node_modules/graceful-fs' ]
426 silly reify mark deleted [ '/home/node/frontend/node_modules/has-flag' ]
427 silly reify mark deleted [ '/home/node/frontend/node_modules/has-symbols' ]
428 silly reify mark deleted [ '/home/node/frontend/node_modules/has-tostringtag' ]
429 silly reify mark deleted [ '/home/node/frontend/node_modules/hasown' ]
430 silly reify mark deleted [ '/home/node/frontend/node_modules/hosted-git-info' ]
431 silly reify mark deleted [
431 silly reify   '/home/node/frontend/node_modules/hosted-git-info/node_modules/lru-cache'
431 silly reify ]
432 silly reify mark deleted [ '/home/node/frontend/node_modules/html-escaper' ]
433 silly reify mark deleted [ '/home/node/frontend/node_modules/htmlparser2' ]
434 silly reify mark deleted [
434 silly reify   '/home/node/frontend/node_modules/htmlparser2/node_modules/entities'
434 silly reify ]
435 silly reify mark deleted [ '/home/node/frontend/node_modules/http-cache-semantics' ]
436 silly reify mark deleted [ '/home/node/frontend/node_modules/http-errors' ]
437 silly reify mark deleted [
437 silly reify   '/home/node/frontend/node_modules/http-errors/node_modules/statuses'
437 silly reify ]
438 silly reify mark deleted [ '/home/node/frontend/node_modules/http-proxy' ]
439 silly reify mark deleted [ '/home/node/frontend/node_modules/http-proxy-agent' ]
440 silly reify mark deleted [ '/home/node/frontend/node_modules/https-proxy-agent' ]
441 silly reify mark deleted [ '/home/node/frontend/node_modules/iconv-lite' ]
442 silly reify mark deleted [ '/home/node/frontend/node_modules/ignore-walk' ]
443 silly reify mark deleted [
443 silly reify   '/home/node/frontend/node_modules/ignore-walk/node_modules/minimatch'
443 silly reify ]
444 silly reify mark deleted [ '/home/node/frontend/node_modules/immutable' ]
445 silly reify mark deleted [ '/home/node/frontend/node_modules/imurmurhash' ]
446 silly reify mark deleted [ '/home/node/frontend/node_modules/inflight' ]
447 silly reify mark deleted [ '/home/node/frontend/node_modules/inherits' ]
448 silly reify mark deleted [ '/home/node/frontend/node_modules/ini' ]
449 silly reify mark deleted [ '/home/node/frontend/node_modules/ip-address' ]
450 silly reify mark deleted [ '/home/node/frontend/node_modules/ipaddr.js' ]
451 silly reify mark deleted [ '/home/node/frontend/node_modules/is-binary-path' ]
452 silly reify mark deleted [ '/home/node/frontend/node_modules/is-core-module' ]
453 silly reify mark deleted [ '/home/node/frontend/node_modules/is-extglob' ]
454 silly reify mark deleted [ '/home/node/frontend/node_modules/is-fullwidth-code-point' ]
455 silly reify mark deleted [ '/home/node/frontend/node_modules/is-glob' ]
456 silly reify mark deleted [ '/home/node/frontend/node_modules/is-interactive' ]
457 silly reify mark deleted [ '/home/node/frontend/node_modules/is-number' ]
458 silly reify mark deleted [ '/home/node/frontend/node_modules/is-promise' ]
459 silly reify mark deleted [ '/home/node/frontend/node_modules/is-regex' ]
460 silly reify mark deleted [ '/home/node/frontend/node_modules/is-unicode-supported' ]
461 silly reify mark deleted [ '/home/node/frontend/node_modules/isbinaryfile' ]
462 silly reify mark deleted [ '/home/node/frontend/node_modules/isexe' ]
463 silly reify mark deleted [ '/home/node/frontend/node_modules/istanbul-lib-coverage' ]
464 silly reify mark deleted [ '/home/node/frontend/node_modules/istanbul-lib-instrument' ]
465 silly reify mark deleted [ '/home/node/frontend/node_modules/istanbul-lib-report' ]
466 silly reify mark deleted [ '/home/node/frontend/node_modules/istanbul-lib-source-maps' ]
467 silly reify mark deleted [
467 silly reify   '/home/node/frontend/node_modules/istanbul-lib-source-maps/node_modules/source-map'
467 silly reify ]
468 silly reify mark deleted [ '/home/node/frontend/node_modules/istanbul-reports' ]
469 silly reify mark deleted [ '/home/node/frontend/node_modules/jackspeak' ]
470 silly reify mark deleted [ '/home/node/frontend/node_modules/jasmine-core' ]
471 silly reify mark deleted [ '/home/node/frontend/node_modules/js-tokens' ]
472 silly reify mark deleted [
472 silly reify   '/home/node/frontend/node_modules/jsesc',
472 silly reify   '/home/node/frontend/node_modules/.bin/jsesc'
472 silly reify ]
473 silly reify mark deleted [ '/home/node/frontend/node_modules/json-parse-even-better-errors' ]
474 silly reify mark deleted [ '/home/node/frontend/node_modules/json-schema-traverse' ]
475 silly reify mark deleted [
475 silly reify   '/home/node/frontend/node_modules/json5',
475 silly reify   '/home/node/frontend/node_modules/.bin/json5'
475 silly reify ]
476 silly reify mark deleted [ '/home/node/frontend/node_modules/jsonc-parser' ]
477 silly reify mark deleted [ '/home/node/frontend/node_modules/jsonfile' ]
478 silly reify mark deleted [ '/home/node/frontend/node_modules/jsonparse' ]
479 silly reify mark deleted [
479 silly reify   '/home/node/frontend/node_modules/karma',
479 silly reify   '/home/node/frontend/node_modules/.bin/karma'
479 silly reify ]
480 silly reify mark deleted [ '/home/node/frontend/node_modules/karma-chrome-launcher' ]
481 silly reify mark deleted [
481 silly reify   '/home/node/frontend/node_modules/karma-chrome-launcher/node_modules/which',
481 silly reify   '/home/node/frontend/node_modules/karma-chrome-launcher/node_modules/.bin/which'
481 silly reify ]
482 silly reify mark deleted [ '/home/node/frontend/node_modules/karma-coverage' ]
483 silly reify mark deleted [
483 silly reify   '/home/node/frontend/node_modules/karma-coverage/node_modules/istanbul-lib-instrument'
483 silly reify ]
484 silly reify mark deleted [
484 silly reify   '/home/node/frontend/node_modules/karma-coverage/node_modules/semver',
484 silly reify   '/home/node/frontend/node_modules/karma-coverage/node_modules/.bin/semver'
484 silly reify ]
485 silly reify mark deleted [ '/home/node/frontend/node_modules/karma-jasmine' ]
486 silly reify mark deleted [ '/home/node/frontend/node_modules/karma-jasmine-html-reporter' ]
487 silly reify mark deleted [
487 silly reify   '/home/node/frontend/node_modules/karma-jasmine/node_modules/jasmine-core'
487 silly reify ]
488 silly reify mark deleted [ '/home/node/frontend/node_modules/karma/node_modules/ansi-regex' ]
489 silly reify mark deleted [ '/home/node/frontend/node_modules/karma/node_modules/ansi-styles' ]
490 silly reify mark deleted [ '/home/node/frontend/node_modules/karma/node_modules/body-parser' ]
491 silly reify mark deleted [ '/home/node/frontend/node_modules/karma/node_modules/chokidar' ]
492 silly reify mark deleted [ '/home/node/frontend/node_modules/karma/node_modules/cliui' ]
493 silly reify mark deleted [ '/home/node/frontend/node_modules/karma/node_modules/debug' ]
494 silly reify mark deleted [ '/home/node/frontend/node_modules/karma/node_modules/emoji-regex' ]
495 silly reify mark deleted [ '/home/node/frontend/node_modules/karma/node_modules/iconv-lite' ]
496 silly reify mark deleted [
496 silly reify   '/home/node/frontend/node_modules/karma/node_modules/is-fullwidth-code-point'
496 silly reify ]
497 silly reify mark deleted [ '/home/node/frontend/node_modules/karma/node_modules/media-typer' ]
498 silly reify mark deleted [ '/home/node/frontend/node_modules/karma/node_modules/mime-db' ]
499 silly reify mark deleted [ '/home/node/frontend/node_modules/karma/node_modules/mime-types' ]
500 silly reify mark deleted [ '/home/node/frontend/node_modules/karma/node_modules/ms' ]
501 silly reify mark deleted [ '/home/node/frontend/node_modules/karma/node_modules/picomatch' ]
502 silly reify mark deleted [ '/home/node/frontend/node_modules/karma/node_modules/qs' ]
503 silly reify mark deleted [ '/home/node/frontend/node_modules/karma/node_modules/raw-body' ]
504 silly reify mark deleted [ '/home/node/frontend/node_modules/karma/node_modules/readdirp' ]
505 silly reify mark deleted [ '/home/node/frontend/node_modules/karma/node_modules/source-map' ]
506 silly reify mark deleted [ '/home/node/frontend/node_modules/karma/node_modules/string-width' ]
507 silly reify mark deleted [ '/home/node/frontend/node_modules/karma/node_modules/strip-ansi' ]
508 silly reify mark deleted [ '/home/node/frontend/node_modules/karma/node_modules/type-is' ]
509 silly reify mark deleted [ '/home/node/frontend/node_modules/karma/node_modules/wrap-ansi' ]
510 silly reify mark deleted [ '/home/node/frontend/node_modules/karma/node_modules/yargs' ]
511 silly reify mark deleted [ '/home/node/frontend/node_modules/karma/node_modules/yargs-parser' ]
512 silly reify mark deleted [ '/home/node/frontend/node_modules/listr2' ]
513 silly reify mark deleted [
513 silly reify   '/home/node/frontend/node_modules/listr2/node_modules/eventemitter3'
513 silly reify ]
514 silly reify mark deleted [ '/home/node/frontend/node_modules/listr2/node_modules/wrap-ansi' ]
515 silly reify mark deleted [
515 silly reify   '/home/node/frontend/node_modules/lmdb',
515 silly reify   '/home/node/frontend/node_modules/.bin/download-lmdb-prebuilds'
515 silly reify ]
516 silly reify mark deleted [ '/home/node/frontend/node_modules/lodash' ]
517 silly reify mark deleted [ '/home/node/frontend/node_modules/log-symbols' ]
518 silly reify mark deleted [
518 silly reify   '/home/node/frontend/node_modules/log-symbols/node_modules/is-unicode-supported'
518 silly reify ]
519 silly reify mark deleted [ '/home/node/frontend/node_modules/log-update' ]
520 silly reify mark deleted [
520 silly reify   '/home/node/frontend/node_modules/log-update/node_modules/ansi-escapes'
520 silly reify ]
521 silly reify mark deleted [
521 silly reify   '/home/node/frontend/node_modules/log-update/node_modules/is-fullwidth-code-point'
521 silly reify ]
522 silly reify mark deleted [
522 silly reify   '/home/node/frontend/node_modules/log-update/node_modules/slice-ansi'
522 silly reify ]
523 silly reify mark deleted [
523 silly reify   '/home/node/frontend/node_modules/log-update/node_modules/wrap-ansi'
523 silly reify ]
524 silly reify mark deleted [ '/home/node/frontend/node_modules/log4js' ]
525 silly reify mark deleted [ '/home/node/frontend/node_modules/lru-cache' ]
526 silly reify mark deleted [ '/home/node/frontend/node_modules/magic-string' ]
527 silly reify mark deleted [ '/home/node/frontend/node_modules/make-dir' ]
528 silly reify mark deleted [ '/home/node/frontend/node_modules/make-fetch-happen' ]
529 silly reify mark deleted [ '/home/node/frontend/node_modules/math-intrinsics' ]
530 silly reify mark deleted [ '/home/node/frontend/node_modules/media-typer' ]
531 silly reify mark deleted [ '/home/node/frontend/node_modules/merge-descriptors' ]
532 silly reify mark deleted [ '/home/node/frontend/node_modules/micromatch' ]
533 silly reify mark deleted [
533 silly reify   '/home/node/frontend/node_modules/micromatch/node_modules/picomatch'
533 silly reify ]
534 silly reify mark deleted [
534 silly reify   '/home/node/frontend/node_modules/mime',
534 silly reify   '/home/node/frontend/node_modules/.bin/mime'
534 silly reify ]
535 silly reify mark deleted [ '/home/node/frontend/node_modules/mime-db' ]
536 silly reify mark deleted [ '/home/node/frontend/node_modules/mime-types' ]
537 silly reify mark deleted [ '/home/node/frontend/node_modules/mimic-function' ]
538 silly reify mark deleted [ '/home/node/frontend/node_modules/minimatch' ]
539 silly reify mark deleted [ '/home/node/frontend/node_modules/minimist' ]
540 silly reify mark deleted [ '/home/node/frontend/node_modules/minipass' ]
541 silly reify mark deleted [ '/home/node/frontend/node_modules/minipass-collect' ]
542 silly reify mark deleted [ '/home/node/frontend/node_modules/minipass-fetch' ]
543 silly reify mark deleted [ '/home/node/frontend/node_modules/minipass-flush' ]
544 silly reify mark deleted [
544 silly reify   '/home/node/frontend/node_modules/minipass-flush/node_modules/minipass'
544 silly reify ]
545 silly reify mark deleted [
545 silly reify   '/home/node/frontend/node_modules/minipass-flush/node_modules/yallist'
545 silly reify ]
546 silly reify mark deleted [ '/home/node/frontend/node_modules/minipass-pipeline' ]
547 silly reify mark deleted [
547 silly reify   '/home/node/frontend/node_modules/minipass-pipeline/node_modules/minipass'
547 silly reify ]
548 silly reify mark deleted [
548 silly reify   '/home/node/frontend/node_modules/minipass-pipeline/node_modules/yallist'
548 silly reify ]
549 silly reify mark deleted [ '/home/node/frontend/node_modules/minipass-sized' ]
550 silly reify mark deleted [
550 silly reify   '/home/node/frontend/node_modules/minipass-sized/node_modules/minipass'
550 silly reify ]
551 silly reify mark deleted [
551 silly reify   '/home/node/frontend/node_modules/minipass-sized/node_modules/yallist'
551 silly reify ]
552 silly reify mark deleted [ '/home/node/frontend/node_modules/minizlib' ]
553 silly reify mark deleted [
553 silly reify   '/home/node/frontend/node_modules/mkdirp',
553 silly reify   '/home/node/frontend/node_modules/.bin/mkdirp'
553 silly reify ]
554 silly reify mark deleted [ '/home/node/frontend/node_modules/mrmime' ]
555 silly reify mark deleted [ '/home/node/frontend/node_modules/ms' ]
556 silly reify mark deleted [ '/home/node/frontend/node_modules/msgpackr' ]
557 silly reify mark deleted [
557 silly reify   '/home/node/frontend/node_modules/msgpackr-extract',
557 silly reify   '/home/node/frontend/node_modules/.bin/download-msgpackr-prebuilds'
557 silly reify ]
558 silly reify mark deleted [ '/home/node/frontend/node_modules/mute-stream' ]
559 silly reify mark deleted [
559 silly reify   '/home/node/frontend/node_modules/nanoid',
559 silly reify   '/home/node/frontend/node_modules/.bin/nanoid'
559 silly reify ]
560 silly reify mark deleted [ '/home/node/frontend/node_modules/negotiator' ]
561 silly reify mark deleted [ '/home/node/frontend/node_modules/node-addon-api' ]
562 silly reify mark deleted [
562 silly reify   '/home/node/frontend/node_modules/node-gyp',
562 silly reify   '/home/node/frontend/node_modules/.bin/node-gyp'
562 silly reify ]
563 silly reify mark deleted [
563 silly reify   '/home/node/frontend/node_modules/node-gyp-build-optional-packages',
563 silly reify   '/home/node/frontend/node_modules/.bin/node-gyp-build-optional-packages',
563 silly reify   '/home/node/frontend/node_modules/.bin/node-gyp-build-optional-packages-optional',
563 silly reify   '/home/node/frontend/node_modules/.bin/node-gyp-build-optional-packages-test'
563 silly reify ]
564 silly reify mark deleted [ '/home/node/frontend/node_modules/node-gyp/node_modules/chownr' ]
565 silly reify mark deleted [ '/home/node/frontend/node_modules/node-gyp/node_modules/isexe' ]
566 silly reify mark deleted [
566 silly reify   '/home/node/frontend/node_modules/node-gyp/node_modules/mkdirp',
566 silly reify   '/home/node/frontend/node_modules/node-gyp/node_modules/.bin/mkdirp'
566 silly reify ]
567 silly reify mark deleted [ '/home/node/frontend/node_modules/node-gyp/node_modules/tar' ]
568 silly reify mark deleted [
568 silly reify   '/home/node/frontend/node_modules/node-gyp/node_modules/which',
568 silly reify   '/home/node/frontend/node_modules/node-gyp/node_modules/.bin/node-which'
568 silly reify ]
569 silly reify mark deleted [ '/home/node/frontend/node_modules/node-gyp/node_modules/yallist' ]
570 silly reify mark deleted [ '/home/node/frontend/node_modules/node-releases' ]
571 silly reify mark deleted [
571 silly reify   '/home/node/frontend/node_modules/nopt',
571 silly reify   '/home/node/frontend/node_modules/.bin/nopt'
571 silly reify ]
572 silly reify mark deleted [ '/home/node/frontend/node_modules/normalize-path' ]
573 silly reify mark deleted [ '/home/node/frontend/node_modules/npm-bundled' ]
574 silly reify mark deleted [ '/home/node/frontend/node_modules/npm-install-checks' ]
575 silly reify mark deleted [ '/home/node/frontend/node_modules/npm-normalize-package-bin' ]
576 silly reify mark deleted [ '/home/node/frontend/node_modules/npm-package-arg' ]
577 silly reify mark deleted [ '/home/node/frontend/node_modules/npm-packlist' ]
578 silly reify mark deleted [ '/home/node/frontend/node_modules/npm-pick-manifest' ]
579 silly reify mark deleted [
579 silly reify   '/home/node/frontend/node_modules/npm-pick-manifest/node_modules/hosted-git-info'
579 silly reify ]
580 silly reify mark deleted [
580 silly reify   '/home/node/frontend/node_modules/npm-pick-manifest/node_modules/lru-cache'
580 silly reify ]
581 silly reify mark deleted [
581 silly reify   '/home/node/frontend/node_modules/npm-pick-manifest/node_modules/npm-package-arg'
581 silly reify ]
582 silly reify mark deleted [ '/home/node/frontend/node_modules/npm-registry-fetch' ]
583 silly reify mark deleted [
583 silly reify   '/home/node/frontend/node_modules/npm-registry-fetch/node_modules/hosted-git-info'
583 silly reify ]
584 silly reify mark deleted [
584 silly reify   '/home/node/frontend/node_modules/npm-registry-fetch/node_modules/lru-cache'
584 silly reify ]
585 silly reify mark deleted [
585 silly reify   '/home/node/frontend/node_modules/npm-registry-fetch/node_modules/npm-package-arg'
585 silly reify ]
586 silly reify mark deleted [ '/home/node/frontend/node_modules/nth-check' ]
587 silly reify mark deleted [ '/home/node/frontend/node_modules/object-assign' ]
588 silly reify mark deleted [ '/home/node/frontend/node_modules/object-inspect' ]
589 silly reify mark deleted [ '/home/node/frontend/node_modules/on-finished' ]
590 silly reify mark deleted [ '/home/node/frontend/node_modules/once' ]
591 silly reify mark deleted [ '/home/node/frontend/node_modules/onetime' ]
592 silly reify mark deleted [ '/home/node/frontend/node_modules/ora' ]
593 silly reify mark deleted [ '/home/node/frontend/node_modules/ordered-binary' ]
594 silly reify mark deleted [ '/home/node/frontend/node_modules/p-map' ]
595 silly reify mark deleted [ '/home/node/frontend/node_modules/package-json-from-dist' ]
596 silly reify mark deleted [
596 silly reify   '/home/node/frontend/node_modules/pacote',
596 silly reify   '/home/node/frontend/node_modules/.bin/pacote'
596 silly reify ]
597 silly reify mark deleted [
597 silly reify   '/home/node/frontend/node_modules/pacote/node_modules/hosted-git-info'
597 silly reify ]
598 silly reify mark deleted [ '/home/node/frontend/node_modules/pacote/node_modules/lru-cache' ]
599 silly reify mark deleted [
599 silly reify   '/home/node/frontend/node_modules/pacote/node_modules/npm-package-arg'
599 silly reify ]
600 silly reify mark deleted [ '/home/node/frontend/node_modules/parse5-html-rewriting-stream' ]
601 silly reify mark deleted [
601 silly reify   '/home/node/frontend/node_modules/parse5-html-rewriting-stream/node_modules/entities'
601 silly reify ]
602 silly reify mark deleted [ '/home/node/frontend/node_modules/parse5-sax-parser' ]
603 silly reify mark deleted [ '/home/node/frontend/node_modules/parseurl' ]
604 silly reify mark deleted [ '/home/node/frontend/node_modules/path-is-absolute' ]
605 silly reify mark deleted [ '/home/node/frontend/node_modules/path-key' ]
606 silly reify mark deleted [ '/home/node/frontend/node_modules/path-parse' ]
607 silly reify mark deleted [ '/home/node/frontend/node_modules/path-scurry' ]
608 silly reify mark deleted [
608 silly reify   '/home/node/frontend/node_modules/path-scurry/node_modules/lru-cache'
608 silly reify ]
609 silly reify mark deleted [ '/home/node/frontend/node_modules/path-to-regexp' ]
610 silly reify mark deleted [ '/home/node/frontend/node_modules/picocolors' ]
611 silly reify mark deleted [ '/home/node/frontend/node_modules/picomatch' ]
612 silly reify mark deleted [ '/home/node/frontend/node_modules/piscina' ]
613 silly reify mark deleted [ '/home/node/frontend/node_modules/pkce-challenge' ]
614 silly reify mark deleted [ '/home/node/frontend/node_modules/postcss' ]
615 silly reify mark deleted [ '/home/node/frontend/node_modules/postcss-media-query-parser' ]
616 silly reify mark deleted [ '/home/node/frontend/node_modules/proc-log' ]
617 silly reify mark deleted [ '/home/node/frontend/node_modules/promise-retry' ]
618 silly reify mark deleted [ '/home/node/frontend/node_modules/proxy-addr' ]
619 silly reify mark deleted [ '/home/node/frontend/node_modules/punycode' ]
620 silly reify mark deleted [ '/home/node/frontend/node_modules/qjobs' ]
621 silly reify mark deleted [ '/home/node/frontend/node_modules/qs' ]
622 silly reify mark deleted [ '/home/node/frontend/node_modules/range-parser' ]
623 silly reify mark deleted [ '/home/node/frontend/node_modules/raw-body' ]
624 silly reify mark deleted [ '/home/node/frontend/node_modules/raw-body/node_modules/iconv-lite' ]
625 silly reify mark deleted [ '/home/node/frontend/node_modules/readdirp' ]
626 silly reify mark deleted [ '/home/node/frontend/node_modules/reflect-metadata' ]
627 silly reify mark deleted [ '/home/node/frontend/node_modules/require-directory' ]
628 silly reify mark deleted [ '/home/node/frontend/node_modules/require-from-string' ]
629 silly reify mark deleted [ '/home/node/frontend/node_modules/requires-port' ]
630 silly reify mark deleted [
630 silly reify   '/home/node/frontend/node_modules/resolve',
630 silly reify   '/home/node/frontend/node_modules/.bin/resolve'
630 silly reify ]
631 silly reify mark deleted [ '/home/node/frontend/node_modules/restore-cursor' ]
632 silly reify mark deleted [ '/home/node/frontend/node_modules/retry' ]
633 silly reify mark deleted [ '/home/node/frontend/node_modules/rfdc' ]
634 silly reify mark deleted [
634 silly reify   '/home/node/frontend/node_modules/rimraf',
634 silly reify   '/home/node/frontend/node_modules/.bin/rimraf'
634 silly reify ]
635 silly reify mark deleted [
635 silly reify   '/home/node/frontend/node_modules/rolldown',
635 silly reify   '/home/node/frontend/node_modules/.bin/rolldown'
635 silly reify ]
636 silly reify mark deleted [
636 silly reify   '/home/node/frontend/node_modules/rollup',
636 silly reify   '/home/node/frontend/node_modules/.bin/rollup'
636 silly reify ]
637 silly reify mark deleted [ '/home/node/frontend/node_modules/router' ]
638 silly reify mark deleted [ '/home/node/frontend/node_modules/safe-buffer' ]
639 silly reify mark deleted [ '/home/node/frontend/node_modules/safe-regex-test' ]
640 silly reify mark deleted [ '/home/node/frontend/node_modules/safer-buffer' ]
641 silly reify mark deleted [
641 silly reify   '/home/node/frontend/node_modules/sass',
641 silly reify   '/home/node/frontend/node_modules/.bin/sass'
641 silly reify ]
642 silly reify mark deleted [
642 silly reify   '/home/node/frontend/node_modules/semver',
642 silly reify   '/home/node/frontend/node_modules/.bin/semver'
642 silly reify ]
643 silly reify mark deleted [ '/home/node/frontend/node_modules/send' ]
644 silly reify mark deleted [ '/home/node/frontend/node_modules/serve-static' ]
645 silly reify mark deleted [ '/home/node/frontend/node_modules/setprototypeof' ]
646 silly reify mark deleted [ '/home/node/frontend/node_modules/shebang-command' ]
647 silly reify mark deleted [ '/home/node/frontend/node_modules/shebang-regex' ]
648 silly reify mark deleted [ '/home/node/frontend/node_modules/side-channel' ]
649 silly reify mark deleted [ '/home/node/frontend/node_modules/side-channel-list' ]
650 silly reify mark deleted [ '/home/node/frontend/node_modules/side-channel-map' ]
651 silly reify mark deleted [ '/home/node/frontend/node_modules/side-channel-weakmap' ]
652 silly reify mark deleted [ '/home/node/frontend/node_modules/signal-exit' ]
653 silly reify mark deleted [ '/home/node/frontend/node_modules/sigstore' ]
654 silly reify mark deleted [ '/home/node/frontend/node_modules/slice-ansi' ]
655 silly reify mark deleted [ '/home/node/frontend/node_modules/smart-buffer' ]
656 silly reify mark deleted [ '/home/node/frontend/node_modules/socket.io' ]
657 silly reify mark deleted [ '/home/node/frontend/node_modules/socket.io-adapter' ]
658 silly reify mark deleted [
658 silly reify   '/home/node/frontend/node_modules/socket.io-adapter/node_modules/debug'
658 silly reify ]
659 silly reify mark deleted [ '/home/node/frontend/node_modules/socket.io-parser' ]
660 silly reify mark deleted [
660 silly reify   '/home/node/frontend/node_modules/socket.io-parser/node_modules/debug'
660 silly reify ]
661 silly reify mark deleted [ '/home/node/frontend/node_modules/socket.io/node_modules/accepts' ]
662 silly reify mark deleted [ '/home/node/frontend/node_modules/socket.io/node_modules/debug' ]
663 silly reify mark deleted [ '/home/node/frontend/node_modules/socket.io/node_modules/mime-db' ]
664 silly reify mark deleted [
664 silly reify   '/home/node/frontend/node_modules/socket.io/node_modules/mime-types'
664 silly reify ]
665 silly reify mark deleted [
665 silly reify   '/home/node/frontend/node_modules/socket.io/node_modules/negotiator'
665 silly reify ]
666 silly reify mark deleted [ '/home/node/frontend/node_modules/socks' ]
667 silly reify mark deleted [ '/home/node/frontend/node_modules/socks-proxy-agent' ]
668 silly reify mark deleted [ '/home/node/frontend/node_modules/source-map' ]
669 silly reify mark deleted [ '/home/node/frontend/node_modules/source-map-js' ]
670 silly reify mark deleted [ '/home/node/frontend/node_modules/source-map-support' ]
671 silly reify mark deleted [
671 silly reify   '/home/node/frontend/node_modules/source-map-support/node_modules/source-map'
671 silly reify ]
672 silly reify mark deleted [ '/home/node/frontend/node_modules/spdx-correct' ]
673 silly reify mark deleted [ '/home/node/frontend/node_modules/spdx-exceptions' ]
674 silly reify mark deleted [ '/home/node/frontend/node_modules/spdx-expression-parse' ]
675 silly reify mark deleted [ '/home/node/frontend/node_modules/spdx-license-ids' ]
676 silly reify mark deleted [ '/home/node/frontend/node_modules/ssri' ]
677 silly reify mark deleted [ '/home/node/frontend/node_modules/statuses' ]
678 silly reify mark deleted [ '/home/node/frontend/node_modules/stdin-discarder' ]
679 silly reify mark deleted [ '/home/node/frontend/node_modules/streamroller' ]
680 silly reify mark deleted [ '/home/node/frontend/node_modules/string-width' ]
681 silly reify mark deleted [ '/home/node/frontend/node_modules/string-width-cjs' ]
682 silly reify mark deleted [
682 silly reify   '/home/node/frontend/node_modules/string-width-cjs/node_modules/ansi-regex'
682 silly reify ]
683 silly reify mark deleted [
683 silly reify   '/home/node/frontend/node_modules/string-width-cjs/node_modules/emoji-regex'
683 silly reify ]
684 silly reify mark deleted [
684 silly reify   '/home/node/frontend/node_modules/string-width-cjs/node_modules/is-fullwidth-code-point'
684 silly reify ]
685 silly reify mark deleted [
685 silly reify   '/home/node/frontend/node_modules/string-width-cjs/node_modules/strip-ansi'
685 silly reify ]
686 silly reify mark deleted [ '/home/node/frontend/node_modules/strip-ansi' ]
687 silly reify mark deleted [ '/home/node/frontend/node_modules/strip-ansi-cjs' ]
688 silly reify mark deleted [
688 silly reify   '/home/node/frontend/node_modules/strip-ansi-cjs/node_modules/ansi-regex'
688 silly reify ]
689 silly reify mark deleted [ '/home/node/frontend/node_modules/supports-color' ]
690 silly reify mark deleted [ '/home/node/frontend/node_modules/supports-preserve-symlinks-flag' ]
691 silly reify mark deleted [ '/home/node/frontend/node_modules/tar' ]
692 silly reify mark deleted [ '/home/node/frontend/node_modules/tar/node_modules/fs-minipass' ]
693 silly reify mark deleted [
693 silly reify   '/home/node/frontend/node_modules/tar/node_modules/fs-minipass/node_modules/minipass'
693 silly reify ]
694 silly reify mark deleted [ '/home/node/frontend/node_modules/tar/node_modules/minipass' ]
695 silly reify mark deleted [ '/home/node/frontend/node_modules/tar/node_modules/minizlib' ]
696 silly reify mark deleted [
696 silly reify   '/home/node/frontend/node_modules/tar/node_modules/minizlib/node_modules/minipass'
696 silly reify ]
697 silly reify mark deleted [
697 silly reify   '/home/node/frontend/node_modules/tar/node_modules/mkdirp',
697 silly reify   '/home/node/frontend/node_modules/tar/node_modules/.bin/mkdirp'
697 silly reify ]
698 silly reify mark deleted [ '/home/node/frontend/node_modules/tar/node_modules/yallist' ]
699 silly reify mark deleted [ '/home/node/frontend/node_modules/tinyglobby' ]
700 silly reify mark deleted [ '/home/node/frontend/node_modules/tmp' ]
701 silly reify mark deleted [ '/home/node/frontend/node_modules/to-regex-range' ]
702 silly reify mark deleted [ '/home/node/frontend/node_modules/toidentifier' ]
703 silly reify mark deleted [ '/home/node/frontend/node_modules/tuf-js' ]
704 silly reify mark deleted [ '/home/node/frontend/node_modules/type-fest' ]
705 silly reify mark deleted [ '/home/node/frontend/node_modules/type-is' ]
706 silly reify mark deleted [
706 silly reify   '/home/node/frontend/node_modules/typescript',
706 silly reify   '/home/node/frontend/node_modules/.bin/tsc',
706 silly reify   '/home/node/frontend/node_modules/.bin/tsserver'
706 silly reify ]
707 silly reify mark deleted [
707 silly reify   '/home/node/frontend/node_modules/ua-parser-js',
707 silly reify   '/home/node/frontend/node_modules/.bin/ua-parser-js'
707 silly reify ]
708 silly reify mark deleted [ '/home/node/frontend/node_modules/undici-types' ]
709 silly reify mark deleted [ '/home/node/frontend/node_modules/unique-filename' ]
710 silly reify mark deleted [ '/home/node/frontend/node_modules/unique-slug' ]
711 silly reify mark deleted [ '/home/node/frontend/node_modules/universalify' ]
712 silly reify mark deleted [ '/home/node/frontend/node_modules/unpipe' ]
713 silly reify mark deleted [
713 silly reify   '/home/node/frontend/node_modules/update-browserslist-db',
713 silly reify   '/home/node/frontend/node_modules/.bin/update-browserslist-db'
713 silly reify ]
714 silly reify mark deleted [ '/home/node/frontend/node_modules/uri-js' ]
715 silly reify mark deleted [ '/home/node/frontend/node_modules/uri-js/node_modules/punycode' ]
716 silly reify mark deleted [ '/home/node/frontend/node_modules/utils-merge' ]
717 silly reify mark deleted [ '/home/node/frontend/node_modules/validate-npm-package-license' ]
718 silly reify mark deleted [ '/home/node/frontend/node_modules/validate-npm-package-name' ]
719 silly reify mark deleted [ '/home/node/frontend/node_modules/vary' ]
720 silly reify mark deleted [
720 silly reify   '/home/node/frontend/node_modules/vite',
720 silly reify   '/home/node/frontend/node_modules/.bin/vite'
720 silly reify ]
721 silly reify mark deleted [ '/home/node/frontend/node_modules/void-elements' ]
722 silly reify mark deleted [ '/home/node/frontend/node_modules/watchpack' ]
723 silly reify mark deleted [ '/home/node/frontend/node_modules/weak-lru-cache' ]
724 silly reify mark deleted [
724 silly reify   '/home/node/frontend/node_modules/which',
724 silly reify   '/home/node/frontend/node_modules/.bin/node-which'
724 silly reify ]
725 silly reify mark deleted [ '/home/node/frontend/node_modules/wrap-ansi' ]
726 silly reify mark deleted [ '/home/node/frontend/node_modules/wrap-ansi-cjs' ]
727 silly reify mark deleted [
727 silly reify   '/home/node/frontend/node_modules/wrap-ansi-cjs/node_modules/ansi-regex'
727 silly reify ]
728 silly reify mark deleted [
728 silly reify   '/home/node/frontend/node_modules/wrap-ansi-cjs/node_modules/ansi-styles'
728 silly reify ]
729 silly reify mark deleted [
729 silly reify   '/home/node/frontend/node_modules/wrap-ansi-cjs/node_modules/emoji-regex'
729 silly reify ]
730 silly reify mark deleted [
730 silly reify   '/home/node/frontend/node_modules/wrap-ansi-cjs/node_modules/is-fullwidth-code-point'
730 silly reify ]
731 silly reify mark deleted [
731 silly reify   '/home/node/frontend/node_modules/wrap-ansi-cjs/node_modules/string-width'
731 silly reify ]
732 silly reify mark deleted [
732 silly reify   '/home/node/frontend/node_modules/wrap-ansi-cjs/node_modules/strip-ansi'
732 silly reify ]
733 silly reify mark deleted [
733 silly reify   '/home/node/frontend/node_modules/wrap-ansi/node_modules/ansi-regex'
733 silly reify ]
734 silly reify mark deleted [
734 silly reify   '/home/node/frontend/node_modules/wrap-ansi/node_modules/ansi-styles'
734 silly reify ]
735 silly reify mark deleted [
735 silly reify   '/home/node/frontend/node_modules/wrap-ansi/node_modules/emoji-regex'
735 silly reify ]
736 silly reify mark deleted [
736 silly reify   '/home/node/frontend/node_modules/wrap-ansi/node_modules/is-fullwidth-code-point'
736 silly reify ]
737 silly reify mark deleted [
737 silly reify   '/home/node/frontend/node_modules/wrap-ansi/node_modules/string-width'
737 silly reify ]
738 silly reify mark deleted [
738 silly reify   '/home/node/frontend/node_modules/wrap-ansi/node_modules/strip-ansi'
738 silly reify ]
739 silly reify mark deleted [ '/home/node/frontend/node_modules/wrappy' ]
740 silly reify mark deleted [ '/home/node/frontend/node_modules/ws' ]
741 silly reify mark deleted [ '/home/node/frontend/node_modules/y18n' ]
742 silly reify mark deleted [ '/home/node/frontend/node_modules/yallist' ]
743 silly reify mark deleted [ '/home/node/frontend/node_modules/yargs' ]
744 silly reify mark deleted [ '/home/node/frontend/node_modules/yargs-parser' ]
745 silly reify mark deleted [ '/home/node/frontend/node_modules/yoctocolors-cjs' ]
746 silly reify mark deleted [ '/home/node/frontend/node_modules/zod' ]
747 silly reify mark deleted [ '/home/node/frontend/node_modules/zod-to-json-schema' ]
748 silly audit bulk request {
748 silly audit   '@angular/common': [ '20.3.0' ],
748 silly audit   '@angular/compiler': [ '20.3.0' ],
748 silly audit   '@angular/core': [ '20.3.0' ],
748 silly audit   '@angular/platform-browser': [ '20.3.0' ],
748 silly audit   '@angular/router': [ '20.3.0' ],
748 silly audit   entities: [ '6.0.1' ],
748 silly audit   parse5: [ '8.0.0' ],
748 silly audit   rxjs: [ '7.8.2' ],
748 silly audit   tslib: [ '2.8.1' ],
748 silly audit   'zone.js': [ '0.15.1' ],
748 silly audit   '@angular/animations': [ '20.3.0' ],
748 silly audit   '@angular/cdk': [ '20.2.2' ],
748 silly audit   '@angular/forms': [ '20.3.0' ],
748 silly audit   '@angular/material': [ '20.2.2' ]
748 silly audit }
749 http cache @angular/material@https://registry.npmjs.org/@angular/material/-/material-20.2.2.tgz 1ms (cache hit)
750 http cache @angular/cdk@https://registry.npmjs.org/@angular/cdk/-/cdk-20.2.2.tgz 0ms (cache hit)
751 http cache @angular/animations@https://registry.npmjs.org/@angular/animations/-/animations-20.3.0.tgz 0ms (cache hit)
752 http cache parse5@https://registry.npmjs.org/parse5/-/parse5-8.0.0.tgz 1ms (cache hit)
753 http cache entities@https://registry.npmjs.org/entities/-/entities-6.0.1.tgz 0ms (cache hit)
754 silly tarball no local data for @angular/material@https://registry.npmjs.org/@angular/material/-/material-20.2.2.tgz. Extracting by manifest.
755 silly tarball no local data for @angular/cdk@https://registry.npmjs.org/@angular/cdk/-/cdk-20.2.2.tgz. Extracting by manifest.
756 silly tarball no local data for @angular/animations@https://registry.npmjs.org/@angular/animations/-/animations-20.3.0.tgz. Extracting by manifest.
757 silly tarball no local data for parse5@https://registry.npmjs.org/parse5/-/parse5-8.0.0.tgz. Extracting by manifest.
758 silly tarball no local data for entities@https://registry.npmjs.org/entities/-/entities-6.0.1.tgz. Extracting by manifest.
759 http fetch POST 200 https://registry.npmjs.org/-/npm/v1/security/advisories/bulk 132ms
760 silly audit report {}
761 http fetch GET 200 https://registry.npmjs.org/parse5/-/parse5-8.0.0.tgz 340ms (cache miss)
762 http fetch GET 200 https://registry.npmjs.org/@angular/animations/-/animations-20.3.0.tgz 386ms (cache miss)
763 http fetch GET 200 https://registry.npmjs.org/entities/-/entities-6.0.1.tgz 414ms (cache miss)
764 http fetch GET 200 https://registry.npmjs.org/@angular/cdk/-/cdk-20.2.2.tgz 726ms (cache miss)
765 http fetch GET 200 https://registry.npmjs.org/@angular/material/-/material-20.2.2.tgz 872ms (cache miss)
766 silly ADD node_modules/@angular/material
767 silly ADD node_modules/@angular/cdk
768 silly ADD node_modules/@angular/animations
769 silly ADD
770 silly ADD
771 silly ADD
772 silly ADD
773 silly ADD
774 silly ADD
775 silly ADD
776 silly ADD
777 silly ADD
778 silly ADD
779 silly ADD node_modules/strip-ansi
780 silly ADD node_modules/string-width
781 silly ADD node_modules/is-fullwidth-code-point
782 silly ADD node_modules/emoji-regex
783 silly ADD node_modules/ansi-styles
784 silly ADD node_modules/ansi-regex
785 silly ADD
786 silly ADD node_modules/strip-ansi
787 silly ADD node_modules/string-width
788 silly ADD node_modules/is-fullwidth-code-point
789 silly ADD node_modules/emoji-regex
790 silly ADD node_modules/ansi-styles
791 silly ADD node_modules/ansi-regex
792 silly ADD
793 silly ADD
794 silly ADD
795 silly ADD
796 silly ADD
797 silly ADD
798 silly ADD
799 silly ADD
800 silly ADD
801 silly ADD
802 silly ADD node_modules/punycode
803 silly ADD
804 silly ADD
805 silly ADD
806 silly ADD
807 silly ADD
808 silly ADD
809 silly ADD
810 silly ADD
811 silly ADD
812 silly ADD
813 silly ADD
814 silly ADD
815 silly ADD
816 silly ADD
817 silly ADD
818 silly ADD
819 silly ADD node_modules/yallist
820 silly ADD node_modules/mkdirp
821 silly ADD node_modules/minizlib
822 silly ADD node_modules/minizlib/node_modules/minipass
823 silly ADD node_modules/minipass
824 silly ADD node_modules/fs-minipass
825 silly ADD node_modules/fs-minipass/node_modules/minipass
826 silly ADD
827 silly ADD
828 silly ADD
829 silly ADD node_modules/ansi-regex
830 silly ADD
831 silly ADD
832 silly ADD node_modules/strip-ansi
833 silly ADD node_modules/is-fullwidth-code-point
834 silly ADD node_modules/emoji-regex
835 silly ADD node_modules/ansi-regex
836 silly ADD
837 silly ADD
838 silly ADD
839 silly ADD
840 silly ADD
841 silly ADD
842 silly ADD
843 silly ADD
844 silly ADD
845 silly ADD
846 silly ADD node_modules/source-map
847 silly ADD
848 silly ADD
849 silly ADD
850 silly ADD
851 silly ADD
852 silly ADD node_modules/debug
853 silly ADD
854 silly ADD node_modules/debug
855 silly ADD
856 silly ADD node_modules/negotiator
857 silly ADD node_modules/mime-types
858 silly ADD node_modules/mime-db
859 silly ADD node_modules/debug
860 silly ADD node_modules/accepts
861 silly ADD
862 silly ADD
863 silly ADD
864 silly ADD
865 silly ADD
866 silly ADD
867 silly ADD
868 silly ADD
869 silly ADD
870 silly ADD
871 silly ADD
872 silly ADD
873 silly ADD
874 silly ADD
875 silly ADD
876 silly ADD
877 silly ADD
878 silly ADD
879 silly ADD
880 silly ADD
881 silly ADD
882 silly ADD
883 silly ADD
884 silly ADD
885 silly ADD
886 silly ADD
887 silly ADD
888 silly ADD
889 silly ADD
890 silly ADD
891 silly ADD
892 silly ADD
893 silly ADD node_modules/iconv-lite
894 silly ADD
895 silly ADD
896 silly ADD
897 silly ADD
898 silly ADD
899 silly ADD
900 silly ADD
901 silly ADD
902 silly ADD
903 silly ADD
904 silly ADD
905 silly ADD
906 silly ADD
907 silly ADD
908 silly ADD
909 silly ADD node_modules/lru-cache
910 silly ADD
911 silly ADD
912 silly ADD
913 silly ADD
914 silly ADD
915 silly ADD
916 silly ADD node_modules/entities
917 silly ADD node_modules/parse5
918 silly ADD node_modules/parse5/node_modules/entities
919 silly ADD
920 silly ADD node_modules/npm-package-arg
921 silly ADD node_modules/lru-cache
922 silly ADD node_modules/hosted-git-info
923 silly ADD
924 silly ADD
925 silly ADD
926 silly ADD
927 silly ADD
928 silly ADD
929 silly ADD
930 silly ADD
931 silly ADD
932 silly ADD
933 silly ADD
934 silly ADD node_modules/npm-package-arg
935 silly ADD node_modules/lru-cache
936 silly ADD node_modules/hosted-git-info
937 silly ADD
938 silly ADD node_modules/npm-package-arg
939 silly ADD node_modules/lru-cache
940 silly ADD node_modules/hosted-git-info
941 silly ADD
942 silly ADD
943 silly ADD
944 silly ADD
945 silly ADD
946 silly ADD
947 silly ADD
948 silly ADD
949 silly ADD
950 silly ADD
951 silly ADD node_modules/yallist
952 silly ADD node_modules/which
953 silly ADD node_modules/tar
954 silly ADD node_modules/mkdirp
955 silly ADD node_modules/isexe
956 silly ADD node_modules/chownr
957 silly ADD
958 silly ADD
959 silly ADD
960 silly ADD
961 silly ADD
962 silly ADD
963 silly ADD
964 silly ADD
965 silly ADD
966 silly ADD
967 silly ADD
968 silly ADD node_modules/yallist
969 silly ADD node_modules/minipass
970 silly ADD
971 silly ADD node_modules/yallist
972 silly ADD node_modules/minipass
973 silly ADD
974 silly ADD node_modules/yallist
975 silly ADD node_modules/minipass
976 silly ADD
977 silly ADD
978 silly ADD
979 silly ADD
980 silly ADD
981 silly ADD
982 silly ADD
983 silly ADD
984 silly ADD
985 silly ADD
986 silly ADD node_modules/picomatch
987 silly ADD
988 silly ADD
989 silly ADD
990 silly ADD
991 silly ADD
992 silly ADD
993 silly ADD
994 silly ADD
995 silly ADD
996 silly ADD node_modules/wrap-ansi
997 silly ADD node_modules/slice-ansi
998 silly ADD node_modules/is-fullwidth-code-point
999 silly ADD node_modules/ansi-escapes
1000 silly ADD
1001 silly ADD node_modules/is-unicode-supported
1002 silly ADD
1003 silly ADD
1004 silly ADD
1005 silly ADD node_modules/wrap-ansi
1006 silly ADD node_modules/eventemitter3
1007 silly ADD
1008 silly ADD
1009 silly ADD node_modules/jasmine-core
1010 silly ADD
1011 silly ADD node_modules/semver
1012 silly ADD node_modules/istanbul-lib-instrument
1013 silly ADD
1014 silly ADD node_modules/which
1015 silly ADD
1016 silly ADD node_modules/yargs-parser
1017 silly ADD node_modules/yargs
1018 silly ADD node_modules/wrap-ansi
1019 silly ADD node_modules/type-is
1020 silly ADD node_modules/strip-ansi
1021 silly ADD node_modules/string-width
1022 silly ADD node_modules/source-map
1023 silly ADD node_modules/readdirp
1024 silly ADD node_modules/raw-body
1025 silly ADD node_modules/qs
1026 silly ADD node_modules/picomatch
1027 silly ADD node_modules/ms
1028 silly ADD node_modules/mime-types
1029 silly ADD node_modules/mime-db
1030 silly ADD node_modules/media-typer
1031 silly ADD node_modules/is-fullwidth-code-point
1032 silly ADD node_modules/iconv-lite
1033 silly ADD node_modules/emoji-regex
1034 silly ADD node_modules/debug
1035 silly ADD node_modules/cliui
1036 silly ADD node_modules/chokidar
1037 silly ADD node_modules/body-parser
1038 silly ADD node_modules/ansi-styles
1039 silly ADD node_modules/ansi-regex
1040 silly ADD
1041 silly ADD
1042 silly ADD
1043 silly ADD
1044 silly ADD
1045 silly ADD
1046 silly ADD
1047 silly ADD
1048 silly ADD
1049 silly ADD
1050 silly ADD
1051 silly ADD
1052 silly ADD node_modules/source-map
1053 silly ADD
1054 silly ADD
1055 silly ADD
1056 silly ADD
1057 silly ADD
1058 silly ADD
1059 silly ADD
1060 silly ADD
1061 silly ADD
1062 silly ADD
1063 silly ADD
1064 silly ADD
1065 silly ADD
1066 silly ADD
1067 silly ADD
1068 silly ADD
1069 silly ADD
1070 silly ADD
1071 silly ADD
1072 silly ADD
1073 silly ADD
1074 silly ADD
1075 silly ADD
1076 silly ADD node_modules/minimatch
1077 silly ADD
1078 silly ADD
1079 silly ADD
1080 silly ADD
1081 silly ADD
1082 silly ADD node_modules/statuses
1083 silly ADD
1084 silly ADD
1085 silly ADD node_modules/entities
1086 silly ADD
1087 silly ADD
1088 silly ADD node_modules/lru-cache
1089 silly ADD
1090 silly ADD
1091 silly ADD
1092 silly ADD
1093 silly ADD
1094 silly ADD
1095 silly ADD
1096 silly ADD
1097 silly ADD
1098 silly ADD
1099 silly ADD
1100 silly ADD
1101 silly ADD
1102 silly ADD
1103 silly ADD
1104 silly ADD
1105 silly ADD
1106 silly ADD
1107 silly ADD
1108 silly ADD
1109 silly ADD
1110 silly ADD
1111 silly ADD
1112 silly ADD
1113 silly ADD
1114 silly ADD
1115 silly ADD
1116 silly ADD
1117 silly ADD
1118 silly ADD
1119 silly ADD
1120 silly ADD
1121 silly ADD
1122 silly ADD
1123 silly ADD
1124 silly ADD
1125 silly ADD
1126 silly ADD
1127 silly ADD
1128 silly ADD
1129 silly ADD
1130 silly ADD
1131 silly ADD
1132 silly ADD
1133 silly ADD
1134 silly ADD
1135 silly ADD
1136 silly ADD
1137 silly ADD
1138 silly ADD
1139 silly ADD
1140 silly ADD node_modules/negotiator
1141 silly ADD node_modules/mime-types
1142 silly ADD node_modules/mime-db
1143 silly ADD node_modules/debug
1144 silly ADD node_modules/accepts
1145 silly ADD
1146 silly ADD
1147 silly ADD
1148 silly ADD
1149 silly ADD
1150 silly ADD
1151 silly ADD
1152 silly ADD
1153 silly ADD
1154 silly ADD
1155 silly ADD
1156 silly ADD
1157 silly ADD
1158 silly ADD
1159 silly ADD
1160 silly ADD
1161 silly ADD
1162 silly ADD
1163 silly ADD
1164 silly ADD
1165 silly ADD
1166 silly ADD
1167 silly ADD
1168 silly ADD
1169 silly ADD
1170 silly ADD
1171 silly ADD
1172 silly ADD
1173 silly ADD
1174 silly ADD node_modules/statuses
1175 silly ADD node_modules/on-finished
1176 silly ADD node_modules/ms
1177 silly ADD node_modules/finalhandler
1178 silly ADD node_modules/encodeurl
1179 silly ADD node_modules/debug
1180 silly ADD
1181 silly ADD
1182 silly ADD
1183 silly ADD
1184 silly ADD
1185 silly ADD node_modules/wrap-ansi
1186 silly ADD
1187 silly ADD
1188 silly ADD
1189 silly ADD
1190 silly ADD
1191 silly ADD
1192 silly ADD
1193 silly ADD
1194 silly ADD
1195 silly ADD
1196 silly ADD
1197 silly ADD
1198 silly ADD node_modules/yallist
1199 silly ADD node_modules/tar
1200 silly ADD node_modules/mkdirp
1201 silly ADD node_modules/minimatch
1202 silly ADD node_modules/lru-cache
1203 silly ADD node_modules/glob
1204 silly ADD node_modules/chownr
1205 silly ADD node_modules/brace-expansion
1206 silly ADD
1207 silly ADD
1208 silly ADD
1209 silly ADD
1210 silly ADD
1211 silly ADD
1212 silly ADD
1213 silly ADD
1214 silly ADD
1215 silly ADD
1216 silly ADD
1217 silly ADD
1218 silly ADD node_modules/picomatch
1219 silly ADD
1220 silly ADD
1221 silly ADD
1222 silly ADD
1223 silly ADD
1224 silly ADD
1225 silly ADD
1226 silly ADD
1227 silly ADD
1228 silly ADD
1229 silly ADD
1230 silly ADD
1231 silly ADD
1232 silly ADD
1233 silly ADD
1234 silly ADD
1235 silly ADD
1236 silly ADD
1237 silly ADD node_modules/minimatch
1238 silly ADD node_modules/brace-expansion
1239 silly ADD
1240 silly ADD
1241 silly ADD
1242 silly ADD
1243 silly ADD
1244 silly ADD
1245 silly ADD
1246 silly ADD
1247 silly ADD
1248 silly ADD
1249 silly ADD
1250 silly ADD
1251 silly ADD
1252 silly ADD
1253 silly ADD
1254 silly ADD
1255 silly ADD
1256 silly ADD
1257 silly ADD
1258 silly ADD
1259 silly ADD
1260 silly ADD
1261 silly ADD
1262 silly ADD
1263 silly ADD
1264 silly ADD
1265 silly ADD
1266 silly ADD
1267 silly ADD
1268 silly ADD
1269 silly ADD
1270 silly ADD
1271 silly ADD
1272 silly ADD
1273 silly ADD
1274 silly ADD
1275 silly ADD
1276 silly ADD
1277 silly ADD
1278 silly ADD
1279 silly ADD
1280 silly ADD
1281 silly ADD
1282 silly ADD
1283 silly ADD
1284 silly ADD
1285 silly ADD
1286 silly ADD
1287 silly ADD
1288 silly ADD
1289 silly ADD
1290 silly ADD
1291 silly ADD
1292 silly ADD
1293 silly ADD
1294 silly ADD
1295 silly ADD
1296 silly ADD
1297 silly ADD
1298 silly ADD
1299 silly ADD node_modules/node-addon-api
1300 silly ADD node_modules/detect-libc
1301 silly ADD
1302 silly ADD
1303 silly ADD
1304 silly ADD node_modules/which
1305 silly ADD node_modules/isexe
1306 silly ADD
1307 silly ADD
1308 silly ADD node_modules/which
1309 silly ADD node_modules/isexe
1310 silly ADD
1311 silly ADD node_modules/minimatch
1312 silly ADD node_modules/lru-cache
1313 silly ADD node_modules/hosted-git-info
1314 silly ADD node_modules/glob
1315 silly ADD node_modules/brace-expansion
1316 silly ADD
1317 silly ADD
1318 silly ADD
1319 silly ADD node_modules/which
1320 silly ADD node_modules/lru-cache
1321 silly ADD node_modules/isexe
1322 silly ADD
1323 silly ADD
1324 silly ADD node_modules/lru-cache
1325 silly ADD
1326 silly ADD
1327 silly ADD
1328 silly ADD
1329 silly ADD
1330 silly ADD
1331 silly ADD
1332 silly ADD
1333 silly ADD
1334 silly ADD
1335 silly ADD
1336 silly ADD
1337 silly ADD
1338 silly ADD
1339 silly ADD
1340 silly ADD
1341 silly ADD
1342 silly ADD
1343 silly ADD
1344 silly ADD
1345 silly ADD
1346 silly ADD
1347 silly ADD
1348 silly ADD
1349 silly ADD
1350 silly ADD
1351 silly ADD node_modules/json-schema-traverse
1352 silly ADD node_modules/ajv
1353 silly ADD
1354 silly ADD
1355 silly ADD
1356 silly ADD
1357 silly ADD
1358 silly ADD
1359 silly ADD
1360 silly ADD
1361 silly ADD
1362 silly ADD
1363 silly ADD
1364 silly ADD
1365 silly ADD
1366 silly ADD
1367 silly ADD
1368 silly ADD node_modules/wrap-ansi
1369 silly ADD node_modules/string-width
1370 silly ADD node_modules/emoji-regex
1371 silly ADD
1372 silly ADD
1373 silly ADD
1374 silly ADD
1375 silly ADD
1376 silly ADD
1377 silly ADD
1378 silly ADD
1379 silly ADD
1380 silly ADD
1381 silly ADD
1382 silly ADD
1383 silly ADD
1384 silly ADD
1385 silly ADD
1386 silly ADD
1387 silly ADD
1388 silly ADD
1389 silly ADD
1390 silly ADD
1391 silly ADD
1392 silly ADD
1393 silly ADD
1394 silly ADD
1395 silly ADD
1396 silly ADD
1397 silly ADD
1398 silly ADD
1399 silly ADD
1400 silly ADD
1401 silly ADD
1402 silly ADD
1403 silly ADD
1404 silly ADD
1405 silly ADD
1406 silly ADD
1407 silly ADD
1408 silly ADD
1409 silly ADD
1410 silly ADD
1411 silly ADD
1412 silly ADD
1413 silly ADD
1414 silly ADD
1415 silly ADD
1416 silly ADD
1417 silly ADD
1418 silly ADD
1419 silly ADD
1420 silly ADD
1421 silly ADD
1422 silly ADD
1423 silly ADD
1424 silly ADD
1425 silly ADD
1426 silly ADD
1427 silly ADD
1428 silly ADD
1429 silly ADD
1430 silly ADD
1431 silly ADD node_modules/semver
1432 silly ADD
1433 silly ADD
1434 silly ADD
1435 silly ADD node_modules/semver
1436 silly ADD node_modules/convert-source-map
1437 silly ADD
1438 silly ADD
1439 silly ADD
1440 silly ADD
1441 silly ADD
1442 silly ADD
1443 silly ADD
1444 silly ADD
1445 silly ADD
1446 silly ADD
1447 silly ADD
1448 silly ADD
1449 silly ADD
1450 silly ADD
1451 silly ADD
1452 silly ADD
1453 silly ADD
1454 silly ADD
1455 silly ADD
1456 silly ADD
1457 silly ADD
1458 silly ADD
1459 silly ADD
1460 verbose cwd /home/node/frontend
1461 verbose os Linux 6.8.0-1034-azure
1462 verbose node v22.17.0
1463 verbose npm  v11.4.2
1464 verbose exit 0
1465 info ok
