0 verbose cli /usr/local/bin/node /usr/local/lib/node_modules/npm/bin/npm-cli.js
1 info using npm@11.4.2
2 info using node@v22.17.0
3 silly config load:file:/usr/local/lib/node_modules/npm/npmrc
4 silly config load:file:/home/node/frontend/.npmrc
5 silly config load:file:/home/node/.npmrc
6 silly config load:file:/usr/local/etc/npmrc
7 verbose title npm exec @angular/cli@20.3.0 generate module core --flat --module=app
8 verbose argv "exec" "--yes" "--" "@angular/cli@20.3.0" "generate" "module" "core" "--flat" "--module=app"
9 verbose logfile logs-max:10 dir:/home/node/.npm/_logs/2025-09-11T08_47_23_903Z-
10 verbose logfile /home/node/.npm/_logs/2025-09-11T08_47_23_903Z-debug-0.log
11 silly logfile start cleaning logs, removing 1 files
12 silly logfile done cleaning log files
13 silly packumentCache heap:2197815296 maxSize:549453824 maxEntrySize:274726912
14 http fetch GET 200 https://registry.npmjs.org/@angular%2fcli 354ms (cache revalidated)
15 silly packumentCache heap:2197815296 maxSize:549453824 maxEntrySize:274726912
16 silly packumentCache heap:2197815296 maxSize:549453824 maxEntrySize:274726912
17 verbose cwd /home/node/frontend
18 verbose os Linux 6.8.0-1034-azure
19 verbose node v22.17.0
20 verbose npm  v11.4.2
21 verbose exit 1
22 verbose code 1
