0 verbose cli /usr/local/bin/node /usr/local/bin/npm
1 info using npm@11.4.2
2 info using node@v22.17.0
3 silly config load:file:/usr/local/lib/node_modules/npm/npmrc
4 silly config load:file:/home/node/frontend/.npmrc
5 silly config load:file:/home/node/.npmrc
6 silly config load:file:/usr/local/etc/npmrc
7 verbose title npm install @angular/cli
8 verbose argv "install" "@angular/cli"
9 verbose logfile logs-max:10 dir:/home/node/.npm/_logs/2025-09-11T08_47_18_354Z-
10 verbose logfile /home/node/.npm/_logs/2025-09-11T08_47_18_354Z-debug-0.log
11 silly logfile done cleaning log files
12 silly packumentCache heap:2197815296 maxSize:549453824 maxEntrySize:274726912
13 silly idealTree buildDeps
14 silly fetch manifest @angular/cli@^20.3.0
15 silly packumentCache full:https://registry.npmjs.org/@angular%2fcli cache-miss
16 http cache https://registry.npmjs.org/@angular%2fcli 39ms (cache hit)
17 silly packumentCache full:https://registry.npmjs.org/@angular%2fcli set size:2883038 disposed:false
18 silly placeDep ROOT @angular/cli@20.3.0 REPLACE for: frontend@0.0.0 want: ^20.3.0
19 silly reify moves {}
20 silly reify mark deleted [ '/home/node/frontend/node_modules/@algolia/abtesting' ]
21 silly reify mark deleted [ '/home/node/frontend/node_modules/@algolia/client-abtesting' ]
22 silly reify mark deleted [ '/home/node/frontend/node_modules/@algolia/client-analytics' ]
23 silly reify mark deleted [ '/home/node/frontend/node_modules/@algolia/client-common' ]
24 silly reify mark deleted [ '/home/node/frontend/node_modules/@algolia/client-insights' ]
25 silly reify mark deleted [ '/home/node/frontend/node_modules/@algolia/client-personalization' ]
26 silly reify mark deleted [
26 silly reify   '/home/node/frontend/node_modules/@algolia/client-query-suggestions'
26 silly reify ]
27 silly reify mark deleted [ '/home/node/frontend/node_modules/@algolia/client-search' ]
28 silly reify mark deleted [ '/home/node/frontend/node_modules/@algolia/ingestion' ]
29 silly reify mark deleted [ '/home/node/frontend/node_modules/@algolia/monitoring' ]
30 silly reify mark deleted [ '/home/node/frontend/node_modules/@algolia/recommend' ]
31 silly reify mark deleted [ '/home/node/frontend/node_modules/@algolia/requester-browser-xhr' ]
32 silly reify mark deleted [ '/home/node/frontend/node_modules/@algolia/requester-fetch' ]
33 silly reify mark deleted [ '/home/node/frontend/node_modules/@algolia/requester-node-http' ]
34 silly reify mark deleted [ '/home/node/frontend/node_modules/@ampproject/remapping' ]
35 silly reify mark deleted [ '/home/node/frontend/node_modules/@angular-devkit/architect' ]
36 silly reify mark deleted [ '/home/node/frontend/node_modules/@angular-devkit/core' ]
37 silly reify mark deleted [ '/home/node/frontend/node_modules/@angular-devkit/schematics' ]
38 silly reify mark deleted [ '/home/node/frontend/node_modules/@angular/build' ]
39 silly reify mark deleted [
39 silly reify   '/home/node/frontend/node_modules/@angular/compiler-cli',
39 silly reify   '/home/node/frontend/node_modules/.bin/ng-xi18n',
39 silly reify   '/home/node/frontend/node_modules/.bin/ngc'
39 silly reify ]
40 silly reify mark deleted [ '/home/node/frontend/node_modules/@babel/code-frame' ]
41 silly reify mark deleted [ '/home/node/frontend/node_modules/@babel/compat-data' ]
42 silly reify mark deleted [ '/home/node/frontend/node_modules/@babel/core' ]
43 silly reify mark deleted [
43 silly reify   '/home/node/frontend/node_modules/@babel/core/node_modules/convert-source-map'
43 silly reify ]
44 silly reify mark deleted [
44 silly reify   '/home/node/frontend/node_modules/@babel/core/node_modules/semver',
44 silly reify   '/home/node/frontend/node_modules/@babel/core/node_modules/.bin/semver'
44 silly reify ]
45 silly reify mark deleted [ '/home/node/frontend/node_modules/@babel/generator' ]
46 silly reify mark deleted [ '/home/node/frontend/node_modules/@babel/helper-annotate-as-pure' ]
47 silly reify mark deleted [
47 silly reify   '/home/node/frontend/node_modules/@babel/helper-compilation-targets'
47 silly reify ]
48 silly reify mark deleted [
48 silly reify   '/home/node/frontend/node_modules/@babel/helper-compilation-targets/node_modules/semver',
48 silly reify   '/home/node/frontend/node_modules/@babel/helper-compilation-targets/node_modules/.bin/semver'
48 silly reify ]
49 silly reify mark deleted [ '/home/node/frontend/node_modules/@babel/helper-globals' ]
50 silly reify mark deleted [ '/home/node/frontend/node_modules/@babel/helper-module-imports' ]
51 silly reify mark deleted [ '/home/node/frontend/node_modules/@babel/helper-module-transforms' ]
52 silly reify mark deleted [
52 silly reify   '/home/node/frontend/node_modules/@babel/helper-split-export-declaration'
52 silly reify ]
53 silly reify mark deleted [ '/home/node/frontend/node_modules/@babel/helper-string-parser' ]
54 silly reify mark deleted [
54 silly reify   '/home/node/frontend/node_modules/@babel/helper-validator-identifier'
54 silly reify ]
55 silly reify mark deleted [ '/home/node/frontend/node_modules/@babel/helper-validator-option' ]
56 silly reify mark deleted [ '/home/node/frontend/node_modules/@babel/helpers' ]
57 silly reify mark deleted [
57 silly reify   '/home/node/frontend/node_modules/@babel/parser',
57 silly reify   '/home/node/frontend/node_modules/.bin/parser'
57 silly reify ]
58 silly reify mark deleted [ '/home/node/frontend/node_modules/@babel/template' ]
59 silly reify mark deleted [ '/home/node/frontend/node_modules/@babel/traverse' ]
60 silly reify mark deleted [ '/home/node/frontend/node_modules/@babel/types' ]
61 silly reify mark deleted [ '/home/node/frontend/node_modules/@colors/colors' ]
62 silly reify mark deleted [ '/home/node/frontend/node_modules/@emnapi/core' ]
63 silly reify mark deleted [ '/home/node/frontend/node_modules/@emnapi/runtime' ]
64 silly reify mark deleted [ '/home/node/frontend/node_modules/@emnapi/wasi-threads' ]
65 silly reify mark deleted [ '/home/node/frontend/node_modules/@esbuild/aix-ppc64' ]
66 silly reify mark deleted [ '/home/node/frontend/node_modules/@esbuild/android-arm' ]
67 silly reify mark deleted [ '/home/node/frontend/node_modules/@esbuild/android-arm64' ]
68 silly reify mark deleted [ '/home/node/frontend/node_modules/@esbuild/android-x64' ]
69 silly reify mark deleted [ '/home/node/frontend/node_modules/@esbuild/darwin-arm64' ]
70 silly reify mark deleted [ '/home/node/frontend/node_modules/@esbuild/darwin-x64' ]
71 silly reify mark deleted [ '/home/node/frontend/node_modules/@esbuild/freebsd-arm64' ]
72 silly reify mark deleted [ '/home/node/frontend/node_modules/@esbuild/freebsd-x64' ]
73 silly reify mark deleted [ '/home/node/frontend/node_modules/@esbuild/linux-arm' ]
74 silly reify mark deleted [ '/home/node/frontend/node_modules/@esbuild/linux-arm64' ]
75 silly reify mark deleted [ '/home/node/frontend/node_modules/@esbuild/linux-ia32' ]
76 silly reify mark deleted [ '/home/node/frontend/node_modules/@esbuild/linux-loong64' ]
77 silly reify mark deleted [ '/home/node/frontend/node_modules/@esbuild/linux-mips64el' ]
78 silly reify mark deleted [ '/home/node/frontend/node_modules/@esbuild/linux-ppc64' ]
79 silly reify mark deleted [ '/home/node/frontend/node_modules/@esbuild/linux-riscv64' ]
80 silly reify mark deleted [ '/home/node/frontend/node_modules/@esbuild/linux-s390x' ]
81 silly reify mark deleted [ '/home/node/frontend/node_modules/@esbuild/linux-x64' ]
82 silly reify mark deleted [ '/home/node/frontend/node_modules/@esbuild/netbsd-arm64' ]
83 silly reify mark deleted [ '/home/node/frontend/node_modules/@esbuild/netbsd-x64' ]
84 silly reify mark deleted [ '/home/node/frontend/node_modules/@esbuild/openbsd-arm64' ]
85 silly reify mark deleted [ '/home/node/frontend/node_modules/@esbuild/openbsd-x64' ]
86 silly reify mark deleted [ '/home/node/frontend/node_modules/@esbuild/openharmony-arm64' ]
87 silly reify mark deleted [ '/home/node/frontend/node_modules/@esbuild/sunos-x64' ]
88 silly reify mark deleted [ '/home/node/frontend/node_modules/@esbuild/win32-arm64' ]
89 silly reify mark deleted [ '/home/node/frontend/node_modules/@esbuild/win32-ia32' ]
90 silly reify mark deleted [ '/home/node/frontend/node_modules/@esbuild/win32-x64' ]
91 silly reify mark deleted [ '/home/node/frontend/node_modules/@inquirer/checkbox' ]
92 silly reify mark deleted [ '/home/node/frontend/node_modules/@inquirer/confirm' ]
93 silly reify mark deleted [ '/home/node/frontend/node_modules/@inquirer/core' ]
94 silly reify mark deleted [ '/home/node/frontend/node_modules/@inquirer/editor' ]
95 silly reify mark deleted [ '/home/node/frontend/node_modules/@inquirer/expand' ]
96 silly reify mark deleted [ '/home/node/frontend/node_modules/@inquirer/external-editor' ]
97 silly reify mark deleted [ '/home/node/frontend/node_modules/@inquirer/figures' ]
98 silly reify mark deleted [ '/home/node/frontend/node_modules/@inquirer/input' ]
99 silly reify mark deleted [ '/home/node/frontend/node_modules/@inquirer/number' ]
100 silly reify mark deleted [ '/home/node/frontend/node_modules/@inquirer/password' ]
101 silly reify mark deleted [ '/home/node/frontend/node_modules/@inquirer/prompts' ]
102 silly reify mark deleted [ '/home/node/frontend/node_modules/@inquirer/rawlist' ]
103 silly reify mark deleted [ '/home/node/frontend/node_modules/@inquirer/search' ]
104 silly reify mark deleted [ '/home/node/frontend/node_modules/@inquirer/select' ]
105 silly reify mark deleted [ '/home/node/frontend/node_modules/@inquirer/type' ]
106 silly reify mark deleted [ '/home/node/frontend/node_modules/@isaacs/balanced-match' ]
107 silly reify mark deleted [ '/home/node/frontend/node_modules/@isaacs/brace-expansion' ]
108 silly reify mark deleted [ '/home/node/frontend/node_modules/@isaacs/cliui' ]
109 silly reify mark deleted [
109 silly reify   '/home/node/frontend/node_modules/@isaacs/cliui/node_modules/emoji-regex'
109 silly reify ]
110 silly reify mark deleted [
110 silly reify   '/home/node/frontend/node_modules/@isaacs/cliui/node_modules/string-width'
110 silly reify ]
111 silly reify mark deleted [
111 silly reify   '/home/node/frontend/node_modules/@isaacs/cliui/node_modules/wrap-ansi'
111 silly reify ]
112 silly reify mark deleted [ '/home/node/frontend/node_modules/@isaacs/fs-minipass' ]
113 silly reify mark deleted [ '/home/node/frontend/node_modules/@istanbuljs/schema' ]
114 silly reify mark deleted [ '/home/node/frontend/node_modules/@jridgewell/gen-mapping' ]
115 silly reify mark deleted [ '/home/node/frontend/node_modules/@jridgewell/resolve-uri' ]
116 silly reify mark deleted [ '/home/node/frontend/node_modules/@jridgewell/sourcemap-codec' ]
117 silly reify mark deleted [ '/home/node/frontend/node_modules/@jridgewell/trace-mapping' ]
118 silly reify mark deleted [ '/home/node/frontend/node_modules/@listr2/prompt-adapter-inquirer' ]
119 silly reify mark deleted [ '/home/node/frontend/node_modules/@lmdb/lmdb-darwin-arm64' ]
120 silly reify mark deleted [ '/home/node/frontend/node_modules/@lmdb/lmdb-darwin-x64' ]
121 silly reify mark deleted [ '/home/node/frontend/node_modules/@lmdb/lmdb-linux-arm' ]
122 silly reify mark deleted [ '/home/node/frontend/node_modules/@lmdb/lmdb-linux-arm64' ]
123 silly reify mark deleted [ '/home/node/frontend/node_modules/@lmdb/lmdb-linux-x64' ]
124 silly reify mark deleted [ '/home/node/frontend/node_modules/@lmdb/lmdb-win32-arm64' ]
125 silly reify mark deleted [ '/home/node/frontend/node_modules/@lmdb/lmdb-win32-x64' ]
126 silly reify mark deleted [ '/home/node/frontend/node_modules/@modelcontextprotocol/sdk' ]
127 silly reify mark deleted [
127 silly reify   '/home/node/frontend/node_modules/@modelcontextprotocol/sdk/node_modules/ajv'
127 silly reify ]
128 silly reify mark deleted [
128 silly reify   '/home/node/frontend/node_modules/@modelcontextprotocol/sdk/node_modules/json-schema-traverse'
128 silly reify ]
129 silly reify mark deleted [
129 silly reify   '/home/node/frontend/node_modules/@msgpackr-extract/msgpackr-extract-darwin-arm64'
129 silly reify ]
130 silly reify mark deleted [
130 silly reify   '/home/node/frontend/node_modules/@msgpackr-extract/msgpackr-extract-darwin-x64'
130 silly reify ]
131 silly reify mark deleted [
131 silly reify   '/home/node/frontend/node_modules/@msgpackr-extract/msgpackr-extract-linux-arm'
131 silly reify ]
132 silly reify mark deleted [
132 silly reify   '/home/node/frontend/node_modules/@msgpackr-extract/msgpackr-extract-linux-arm64'
132 silly reify ]
133 silly reify mark deleted [
133 silly reify   '/home/node/frontend/node_modules/@msgpackr-extract/msgpackr-extract-linux-x64'
133 silly reify ]
134 silly reify mark deleted [
134 silly reify   '/home/node/frontend/node_modules/@msgpackr-extract/msgpackr-extract-win32-x64'
134 silly reify ]
135 silly reify mark deleted [ '/home/node/frontend/node_modules/@napi-rs/nice' ]
136 silly reify mark deleted [ '/home/node/frontend/node_modules/@napi-rs/nice-android-arm-eabi' ]
137 silly reify mark deleted [ '/home/node/frontend/node_modules/@napi-rs/nice-android-arm64' ]
138 silly reify mark deleted [ '/home/node/frontend/node_modules/@napi-rs/nice-darwin-arm64' ]
139 silly reify mark deleted [ '/home/node/frontend/node_modules/@napi-rs/nice-darwin-x64' ]
140 silly reify mark deleted [ '/home/node/frontend/node_modules/@napi-rs/nice-freebsd-x64' ]
141 silly reify mark deleted [
141 silly reify   '/home/node/frontend/node_modules/@napi-rs/nice-linux-arm-gnueabihf'
141 silly reify ]
142 silly reify mark deleted [ '/home/node/frontend/node_modules/@napi-rs/nice-linux-arm64-gnu' ]
143 silly reify mark deleted [ '/home/node/frontend/node_modules/@napi-rs/nice-linux-arm64-musl' ]
144 silly reify mark deleted [ '/home/node/frontend/node_modules/@napi-rs/nice-linux-ppc64-gnu' ]
145 silly reify mark deleted [ '/home/node/frontend/node_modules/@napi-rs/nice-linux-riscv64-gnu' ]
146 silly reify mark deleted [ '/home/node/frontend/node_modules/@napi-rs/nice-linux-s390x-gnu' ]
147 silly reify mark deleted [ '/home/node/frontend/node_modules/@napi-rs/nice-linux-x64-gnu' ]
148 silly reify mark deleted [ '/home/node/frontend/node_modules/@napi-rs/nice-linux-x64-musl' ]
149 silly reify mark deleted [ '/home/node/frontend/node_modules/@napi-rs/nice-openharmony-arm64' ]
150 silly reify mark deleted [ '/home/node/frontend/node_modules/@napi-rs/nice-win32-arm64-msvc' ]
151 silly reify mark deleted [ '/home/node/frontend/node_modules/@napi-rs/nice-win32-ia32-msvc' ]
152 silly reify mark deleted [ '/home/node/frontend/node_modules/@napi-rs/nice-win32-x64-msvc' ]
153 silly reify mark deleted [ '/home/node/frontend/node_modules/@napi-rs/wasm-runtime' ]
154 silly reify mark deleted [ '/home/node/frontend/node_modules/@npmcli/agent' ]
155 silly reify mark deleted [
155 silly reify   '/home/node/frontend/node_modules/@npmcli/agent/node_modules/lru-cache'
155 silly reify ]
156 silly reify mark deleted [ '/home/node/frontend/node_modules/@npmcli/fs' ]
157 silly reify mark deleted [ '/home/node/frontend/node_modules/@npmcli/git' ]
158 silly reify mark deleted [ '/home/node/frontend/node_modules/@npmcli/git/node_modules/isexe' ]
159 silly reify mark deleted [
159 silly reify   '/home/node/frontend/node_modules/@npmcli/git/node_modules/lru-cache'
159 silly reify ]
160 silly reify mark deleted [
160 silly reify   '/home/node/frontend/node_modules/@npmcli/git/node_modules/which',
160 silly reify   '/home/node/frontend/node_modules/@npmcli/git/node_modules/.bin/node-which'
160 silly reify ]
161 silly reify mark deleted [
161 silly reify   '/home/node/frontend/node_modules/@npmcli/installed-package-contents',
161 silly reify   '/home/node/frontend/node_modules/.bin/installed-package-contents'
161 silly reify ]
162 silly reify mark deleted [ '/home/node/frontend/node_modules/@npmcli/node-gyp' ]
163 silly reify mark deleted [ '/home/node/frontend/node_modules/@npmcli/package-json' ]
164 silly reify mark deleted [
164 silly reify   '/home/node/frontend/node_modules/@npmcli/package-json/node_modules/brace-expansion'
164 silly reify ]
165 silly reify mark deleted [
165 silly reify   '/home/node/frontend/node_modules/@npmcli/package-json/node_modules/glob',
165 silly reify   '/home/node/frontend/node_modules/@npmcli/package-json/node_modules/.bin/glob'
165 silly reify ]
166 silly reify mark deleted [
166 silly reify   '/home/node/frontend/node_modules/@npmcli/package-json/node_modules/hosted-git-info'
166 silly reify ]
167 silly reify mark deleted [
167 silly reify   '/home/node/frontend/node_modules/@npmcli/package-json/node_modules/lru-cache'
167 silly reify ]
168 silly reify mark deleted [
168 silly reify   '/home/node/frontend/node_modules/@npmcli/package-json/node_modules/minimatch'
168 silly reify ]
169 silly reify mark deleted [ '/home/node/frontend/node_modules/@npmcli/promise-spawn' ]
170 silly reify mark deleted [
170 silly reify   '/home/node/frontend/node_modules/@npmcli/promise-spawn/node_modules/isexe'
170 silly reify ]
171 silly reify mark deleted [
171 silly reify   '/home/node/frontend/node_modules/@npmcli/promise-spawn/node_modules/which',
171 silly reify   '/home/node/frontend/node_modules/@npmcli/promise-spawn/node_modules/.bin/node-which'
171 silly reify ]
172 silly reify mark deleted [ '/home/node/frontend/node_modules/@npmcli/redact' ]
173 silly reify mark deleted [ '/home/node/frontend/node_modules/@npmcli/run-script' ]
174 silly reify mark deleted [
174 silly reify   '/home/node/frontend/node_modules/@npmcli/run-script/node_modules/isexe'
174 silly reify ]
175 silly reify mark deleted [
175 silly reify   '/home/node/frontend/node_modules/@npmcli/run-script/node_modules/which',
175 silly reify   '/home/node/frontend/node_modules/@npmcli/run-script/node_modules/.bin/node-which'
175 silly reify ]
176 silly reify mark deleted [ '/home/node/frontend/node_modules/@oxc-project/runtime' ]
177 silly reify mark deleted [ '/home/node/frontend/node_modules/@oxc-project/types' ]
178 silly reify mark deleted [ '/home/node/frontend/node_modules/@parcel/watcher' ]
179 silly reify mark deleted [ '/home/node/frontend/node_modules/@parcel/watcher-android-arm64' ]
180 silly reify mark deleted [ '/home/node/frontend/node_modules/@parcel/watcher-darwin-arm64' ]
181 silly reify mark deleted [ '/home/node/frontend/node_modules/@parcel/watcher-darwin-x64' ]
182 silly reify mark deleted [ '/home/node/frontend/node_modules/@parcel/watcher-freebsd-x64' ]
183 silly reify mark deleted [ '/home/node/frontend/node_modules/@parcel/watcher-linux-arm-glibc' ]
184 silly reify mark deleted [ '/home/node/frontend/node_modules/@parcel/watcher-linux-arm-musl' ]
185 silly reify mark deleted [
185 silly reify   '/home/node/frontend/node_modules/@parcel/watcher-linux-arm64-glibc'
185 silly reify ]
186 silly reify mark deleted [ '/home/node/frontend/node_modules/@parcel/watcher-linux-arm64-musl' ]
187 silly reify mark deleted [ '/home/node/frontend/node_modules/@parcel/watcher-linux-x64-glibc' ]
188 silly reify mark deleted [ '/home/node/frontend/node_modules/@parcel/watcher-linux-x64-musl' ]
189 silly reify mark deleted [ '/home/node/frontend/node_modules/@parcel/watcher-win32-arm64' ]
190 silly reify mark deleted [ '/home/node/frontend/node_modules/@parcel/watcher-win32-ia32' ]
191 silly reify mark deleted [ '/home/node/frontend/node_modules/@parcel/watcher-win32-x64' ]
192 silly reify mark deleted [
192 silly reify   '/home/node/frontend/node_modules/@parcel/watcher/node_modules/detect-libc',
192 silly reify   '/home/node/frontend/node_modules/@parcel/watcher/node_modules/.bin/detect-libc'
192 silly reify ]
193 silly reify mark deleted [
193 silly reify   '/home/node/frontend/node_modules/@parcel/watcher/node_modules/node-addon-api'
193 silly reify ]
194 silly reify mark deleted [ '/home/node/frontend/node_modules/@pkgjs/parseargs' ]
195 silly reify mark deleted [ '/home/node/frontend/node_modules/@rolldown/binding-android-arm64' ]
196 silly reify mark deleted [ '/home/node/frontend/node_modules/@rolldown/binding-darwin-arm64' ]
197 silly reify mark deleted [ '/home/node/frontend/node_modules/@rolldown/binding-darwin-x64' ]
198 silly reify mark deleted [ '/home/node/frontend/node_modules/@rolldown/binding-freebsd-x64' ]
199 silly reify mark deleted [
199 silly reify   '/home/node/frontend/node_modules/@rolldown/binding-linux-arm-gnueabihf'
199 silly reify ]
200 silly reify mark deleted [
200 silly reify   '/home/node/frontend/node_modules/@rolldown/binding-linux-arm64-gnu'
200 silly reify ]
201 silly reify mark deleted [
201 silly reify   '/home/node/frontend/node_modules/@rolldown/binding-linux-arm64-musl'
201 silly reify ]
202 silly reify mark deleted [ '/home/node/frontend/node_modules/@rolldown/binding-linux-x64-gnu' ]
203 silly reify mark deleted [ '/home/node/frontend/node_modules/@rolldown/binding-linux-x64-musl' ]
204 silly reify mark deleted [
204 silly reify   '/home/node/frontend/node_modules/@rolldown/binding-openharmony-arm64'
204 silly reify ]
205 silly reify mark deleted [ '/home/node/frontend/node_modules/@rolldown/binding-wasm32-wasi' ]
206 silly reify mark deleted [
206 silly reify   '/home/node/frontend/node_modules/@rolldown/binding-win32-arm64-msvc'
206 silly reify ]
207 silly reify mark deleted [
207 silly reify   '/home/node/frontend/node_modules/@rolldown/binding-win32-ia32-msvc'
207 silly reify ]
208 silly reify mark deleted [ '/home/node/frontend/node_modules/@rolldown/binding-win32-x64-msvc' ]
209 silly reify mark deleted [ '/home/node/frontend/node_modules/@rolldown/pluginutils' ]
210 silly reify mark deleted [ '/home/node/frontend/node_modules/@rollup/rollup-android-arm-eabi' ]
211 silly reify mark deleted [ '/home/node/frontend/node_modules/@rollup/rollup-android-arm64' ]
212 silly reify mark deleted [ '/home/node/frontend/node_modules/@rollup/rollup-darwin-arm64' ]
213 silly reify mark deleted [ '/home/node/frontend/node_modules/@rollup/rollup-darwin-x64' ]
214 silly reify mark deleted [ '/home/node/frontend/node_modules/@rollup/rollup-freebsd-arm64' ]
215 silly reify mark deleted [ '/home/node/frontend/node_modules/@rollup/rollup-freebsd-x64' ]
216 silly reify mark deleted [
216 silly reify   '/home/node/frontend/node_modules/@rollup/rollup-linux-arm-gnueabihf'
216 silly reify ]
217 silly reify mark deleted [
217 silly reify   '/home/node/frontend/node_modules/@rollup/rollup-linux-arm-musleabihf'
217 silly reify ]
218 silly reify mark deleted [ '/home/node/frontend/node_modules/@rollup/rollup-linux-arm64-gnu' ]
219 silly reify mark deleted [ '/home/node/frontend/node_modules/@rollup/rollup-linux-arm64-musl' ]
220 silly reify mark deleted [
220 silly reify   '/home/node/frontend/node_modules/@rollup/rollup-linux-loongarch64-gnu'
220 silly reify ]
221 silly reify mark deleted [ '/home/node/frontend/node_modules/@rollup/rollup-linux-ppc64-gnu' ]
222 silly reify mark deleted [ '/home/node/frontend/node_modules/@rollup/rollup-linux-riscv64-gnu' ]
223 silly reify mark deleted [
223 silly reify   '/home/node/frontend/node_modules/@rollup/rollup-linux-riscv64-musl'
223 silly reify ]
224 silly reify mark deleted [ '/home/node/frontend/node_modules/@rollup/rollup-linux-s390x-gnu' ]
225 silly reify mark deleted [ '/home/node/frontend/node_modules/@rollup/rollup-linux-x64-gnu' ]
226 silly reify mark deleted [ '/home/node/frontend/node_modules/@rollup/rollup-linux-x64-musl' ]
227 silly reify mark deleted [ '/home/node/frontend/node_modules/@rollup/rollup-openharmony-arm64' ]
228 silly reify mark deleted [ '/home/node/frontend/node_modules/@rollup/rollup-win32-arm64-msvc' ]
229 silly reify mark deleted [ '/home/node/frontend/node_modules/@rollup/rollup-win32-ia32-msvc' ]
230 silly reify mark deleted [ '/home/node/frontend/node_modules/@rollup/rollup-win32-x64-msvc' ]
231 silly reify mark deleted [ '/home/node/frontend/node_modules/@schematics/angular' ]
232 silly reify mark deleted [ '/home/node/frontend/node_modules/@sigstore/bundle' ]
233 silly reify mark deleted [ '/home/node/frontend/node_modules/@sigstore/core' ]
234 silly reify mark deleted [ '/home/node/frontend/node_modules/@sigstore/protobuf-specs' ]
235 silly reify mark deleted [ '/home/node/frontend/node_modules/@sigstore/sign' ]
236 silly reify mark deleted [ '/home/node/frontend/node_modules/@sigstore/tuf' ]
237 silly reify mark deleted [ '/home/node/frontend/node_modules/@sigstore/verify' ]
238 silly reify mark deleted [ '/home/node/frontend/node_modules/@socket.io/component-emitter' ]
239 silly reify mark deleted [ '/home/node/frontend/node_modules/@tufjs/canonical-json' ]
240 silly reify mark deleted [ '/home/node/frontend/node_modules/@tufjs/models' ]
241 silly reify mark deleted [
241 silly reify   '/home/node/frontend/node_modules/@tufjs/models/node_modules/brace-expansion'
241 silly reify ]
242 silly reify mark deleted [
242 silly reify   '/home/node/frontend/node_modules/@tufjs/models/node_modules/minimatch'
242 silly reify ]
243 silly reify mark deleted [ '/home/node/frontend/node_modules/@tybys/wasm-util' ]
244 silly reify mark deleted [ '/home/node/frontend/node_modules/@types/cors' ]
245 silly reify mark deleted [ '/home/node/frontend/node_modules/@types/estree' ]
246 silly reify mark deleted [ '/home/node/frontend/node_modules/@types/jasmine' ]
247 silly reify mark deleted [ '/home/node/frontend/node_modules/@types/node' ]
248 silly reify mark deleted [ '/home/node/frontend/node_modules/@vitejs/plugin-basic-ssl' ]
249 silly reify mark deleted [ '/home/node/frontend/node_modules/@yarnpkg/lockfile' ]
250 silly reify mark deleted [ '/home/node/frontend/node_modules/abbrev' ]
251 silly reify mark deleted [ '/home/node/frontend/node_modules/accepts' ]
252 silly reify mark deleted [ '/home/node/frontend/node_modules/agent-base' ]
253 silly reify mark deleted [ '/home/node/frontend/node_modules/ajv' ]
254 silly reify mark deleted [ '/home/node/frontend/node_modules/ajv-formats' ]
255 silly reify mark deleted [ '/home/node/frontend/node_modules/algoliasearch' ]
256 silly reify mark deleted [ '/home/node/frontend/node_modules/ansi-escapes' ]
257 silly reify mark deleted [ '/home/node/frontend/node_modules/ansi-regex' ]
258 silly reify mark deleted [ '/home/node/frontend/node_modules/ansi-styles' ]
259 silly reify mark deleted [ '/home/node/frontend/node_modules/ansis' ]
260 silly reify mark deleted [ '/home/node/frontend/node_modules/anymatch' ]
261 silly reify mark deleted [ '/home/node/frontend/node_modules/anymatch/node_modules/picomatch' ]
262 silly reify mark deleted [ '/home/node/frontend/node_modules/balanced-match' ]
263 silly reify mark deleted [ '/home/node/frontend/node_modules/base64id' ]
264 silly reify mark deleted [ '/home/node/frontend/node_modules/beasties' ]
265 silly reify mark deleted [ '/home/node/frontend/node_modules/binary-extensions' ]
266 silly reify mark deleted [ '/home/node/frontend/node_modules/body-parser' ]
267 silly reify mark deleted [ '/home/node/frontend/node_modules/boolbase' ]
268 silly reify mark deleted [ '/home/node/frontend/node_modules/brace-expansion' ]
269 silly reify mark deleted [ '/home/node/frontend/node_modules/braces' ]
270 silly reify mark deleted [
270 silly reify   '/home/node/frontend/node_modules/browserslist',
270 silly reify   '/home/node/frontend/node_modules/.bin/browserslist'
270 silly reify ]
271 silly reify mark deleted [ '/home/node/frontend/node_modules/buffer-from' ]
272 silly reify mark deleted [ '/home/node/frontend/node_modules/bytes' ]
273 silly reify mark deleted [ '/home/node/frontend/node_modules/cacache' ]
274 silly reify mark deleted [
274 silly reify   '/home/node/frontend/node_modules/cacache/node_modules/brace-expansion'
274 silly reify ]
275 silly reify mark deleted [ '/home/node/frontend/node_modules/cacache/node_modules/chownr' ]
276 silly reify mark deleted [
276 silly reify   '/home/node/frontend/node_modules/cacache/node_modules/glob',
276 silly reify   '/home/node/frontend/node_modules/cacache/node_modules/.bin/glob'
276 silly reify ]
277 silly reify mark deleted [ '/home/node/frontend/node_modules/cacache/node_modules/lru-cache' ]
278 silly reify mark deleted [ '/home/node/frontend/node_modules/cacache/node_modules/minimatch' ]
279 silly reify mark deleted [
279 silly reify   '/home/node/frontend/node_modules/cacache/node_modules/mkdirp',
279 silly reify   '/home/node/frontend/node_modules/cacache/node_modules/.bin/mkdirp'
279 silly reify ]
280 silly reify mark deleted [ '/home/node/frontend/node_modules/cacache/node_modules/tar' ]
281 silly reify mark deleted [ '/home/node/frontend/node_modules/cacache/node_modules/yallist' ]
282 silly reify mark deleted [ '/home/node/frontend/node_modules/call-bind-apply-helpers' ]
283 silly reify mark deleted [ '/home/node/frontend/node_modules/call-bound' ]
284 silly reify mark deleted [ '/home/node/frontend/node_modules/caniuse-lite' ]
285 silly reify mark deleted [ '/home/node/frontend/node_modules/chalk' ]
286 silly reify mark deleted [ '/home/node/frontend/node_modules/chardet' ]
287 silly reify mark deleted [ '/home/node/frontend/node_modules/chokidar' ]
288 silly reify mark deleted [ '/home/node/frontend/node_modules/chownr' ]
289 silly reify mark deleted [ '/home/node/frontend/node_modules/cli-cursor' ]
290 silly reify mark deleted [ '/home/node/frontend/node_modules/cli-spinners' ]
291 silly reify mark deleted [ '/home/node/frontend/node_modules/cli-truncate' ]
292 silly reify mark deleted [ '/home/node/frontend/node_modules/cli-width' ]
293 silly reify mark deleted [ '/home/node/frontend/node_modules/cliui' ]
294 silly reify mark deleted [ '/home/node/frontend/node_modules/cliui/node_modules/wrap-ansi' ]
295 silly reify mark deleted [ '/home/node/frontend/node_modules/color-convert' ]
296 silly reify mark deleted [ '/home/node/frontend/node_modules/color-name' ]
297 silly reify mark deleted [ '/home/node/frontend/node_modules/colorette' ]
298 silly reify mark deleted [ '/home/node/frontend/node_modules/concat-map' ]
299 silly reify mark deleted [ '/home/node/frontend/node_modules/connect' ]
300 silly reify mark deleted [ '/home/node/frontend/node_modules/connect/node_modules/debug' ]
301 silly reify mark deleted [ '/home/node/frontend/node_modules/connect/node_modules/encodeurl' ]
302 silly reify mark deleted [
302 silly reify   '/home/node/frontend/node_modules/connect/node_modules/finalhandler'
302 silly reify ]
303 silly reify mark deleted [ '/home/node/frontend/node_modules/connect/node_modules/ms' ]
304 silly reify mark deleted [ '/home/node/frontend/node_modules/connect/node_modules/on-finished' ]
305 silly reify mark deleted [ '/home/node/frontend/node_modules/connect/node_modules/statuses' ]
306 silly reify mark deleted [ '/home/node/frontend/node_modules/content-disposition' ]
307 silly reify mark deleted [ '/home/node/frontend/node_modules/content-type' ]
308 silly reify mark deleted [ '/home/node/frontend/node_modules/convert-source-map' ]
309 silly reify mark deleted [ '/home/node/frontend/node_modules/cookie' ]
310 silly reify mark deleted [ '/home/node/frontend/node_modules/cookie-signature' ]
311 silly reify mark deleted [ '/home/node/frontend/node_modules/cors' ]
312 silly reify mark deleted [ '/home/node/frontend/node_modules/cross-spawn' ]
313 silly reify mark deleted [ '/home/node/frontend/node_modules/css-select' ]
314 silly reify mark deleted [ '/home/node/frontend/node_modules/css-what' ]
315 silly reify mark deleted [ '/home/node/frontend/node_modules/custom-event' ]
316 silly reify mark deleted [ '/home/node/frontend/node_modules/date-format' ]
317 silly reify mark deleted [ '/home/node/frontend/node_modules/debug' ]
318 silly reify mark deleted [ '/home/node/frontend/node_modules/depd' ]
319 silly reify mark deleted [ '/home/node/frontend/node_modules/destroy' ]
320 silly reify mark deleted [ '/home/node/frontend/node_modules/detect-libc' ]
321 silly reify mark deleted [ '/home/node/frontend/node_modules/di' ]
322 silly reify mark deleted [ '/home/node/frontend/node_modules/dom-serialize' ]
323 silly reify mark deleted [ '/home/node/frontend/node_modules/dom-serializer' ]
324 silly reify mark deleted [ '/home/node/frontend/node_modules/domelementtype' ]
325 silly reify mark deleted [ '/home/node/frontend/node_modules/domhandler' ]
326 silly reify mark deleted [ '/home/node/frontend/node_modules/domutils' ]
327 silly reify mark deleted [ '/home/node/frontend/node_modules/dunder-proto' ]
328 silly reify mark deleted [ '/home/node/frontend/node_modules/eastasianwidth' ]
329 silly reify mark deleted [ '/home/node/frontend/node_modules/ee-first' ]
330 silly reify mark deleted [ '/home/node/frontend/node_modules/electron-to-chromium' ]
331 silly reify mark deleted [ '/home/node/frontend/node_modules/emoji-regex' ]
332 silly reify mark deleted [ '/home/node/frontend/node_modules/encodeurl' ]
333 silly reify mark deleted [ '/home/node/frontend/node_modules/encoding' ]
334 silly reify mark deleted [ '/home/node/frontend/node_modules/engine.io' ]
335 silly reify mark deleted [ '/home/node/frontend/node_modules/engine.io-parser' ]
336 silly reify mark deleted [ '/home/node/frontend/node_modules/engine.io/node_modules/accepts' ]
337 silly reify mark deleted [ '/home/node/frontend/node_modules/engine.io/node_modules/debug' ]
338 silly reify mark deleted [ '/home/node/frontend/node_modules/engine.io/node_modules/mime-db' ]
339 silly reify mark deleted [
339 silly reify   '/home/node/frontend/node_modules/engine.io/node_modules/mime-types'
339 silly reify ]
340 silly reify mark deleted [
340 silly reify   '/home/node/frontend/node_modules/engine.io/node_modules/negotiator'
340 silly reify ]
341 silly reify mark deleted [ '/home/node/frontend/node_modules/ent' ]
342 silly reify mark deleted [ '/home/node/frontend/node_modules/entities' ]
343 silly reify mark deleted [ '/home/node/frontend/node_modules/env-paths' ]
344 silly reify mark deleted [ '/home/node/frontend/node_modules/environment' ]
345 silly reify mark deleted [ '/home/node/frontend/node_modules/err-code' ]
346 silly reify mark deleted [ '/home/node/frontend/node_modules/es-define-property' ]
347 silly reify mark deleted [ '/home/node/frontend/node_modules/es-errors' ]
348 silly reify mark deleted [ '/home/node/frontend/node_modules/es-object-atoms' ]
349 silly reify mark deleted [
349 silly reify   '/home/node/frontend/node_modules/esbuild',
349 silly reify   '/home/node/frontend/node_modules/.bin/esbuild'
349 silly reify ]
350 silly reify mark deleted [ '/home/node/frontend/node_modules/escalade' ]
351 silly reify mark deleted [ '/home/node/frontend/node_modules/escape-html' ]
352 silly reify mark deleted [ '/home/node/frontend/node_modules/etag' ]
353 silly reify mark deleted [ '/home/node/frontend/node_modules/eventemitter3' ]
354 silly reify mark deleted [ '/home/node/frontend/node_modules/eventsource' ]
355 silly reify mark deleted [ '/home/node/frontend/node_modules/eventsource-parser' ]
356 silly reify mark deleted [ '/home/node/frontend/node_modules/exponential-backoff' ]
357 silly reify mark deleted [ '/home/node/frontend/node_modules/express' ]
358 silly reify mark deleted [ '/home/node/frontend/node_modules/express-rate-limit' ]
359 silly reify mark deleted [ '/home/node/frontend/node_modules/extend' ]
360 silly reify mark deleted [ '/home/node/frontend/node_modules/fast-deep-equal' ]
361 silly reify mark deleted [ '/home/node/frontend/node_modules/fast-json-stable-stringify' ]
362 silly reify mark deleted [ '/home/node/frontend/node_modules/fast-uri' ]
363 silly reify mark deleted [ '/home/node/frontend/node_modules/fdir' ]
364 silly reify mark deleted [ '/home/node/frontend/node_modules/fill-range' ]
365 silly reify mark deleted [ '/home/node/frontend/node_modules/finalhandler' ]
366 silly reify mark deleted [ '/home/node/frontend/node_modules/flatted' ]
367 silly reify mark deleted [ '/home/node/frontend/node_modules/follow-redirects' ]
368 silly reify mark deleted [ '/home/node/frontend/node_modules/foreground-child' ]
369 silly reify mark deleted [ '/home/node/frontend/node_modules/forwarded' ]
370 silly reify mark deleted [ '/home/node/frontend/node_modules/fresh' ]
371 silly reify mark deleted [ '/home/node/frontend/node_modules/fs-extra' ]
372 silly reify mark deleted [ '/home/node/frontend/node_modules/fs-minipass' ]
373 silly reify mark deleted [ '/home/node/frontend/node_modules/fs.realpath' ]
374 silly reify mark deleted [ '/home/node/frontend/node_modules/fsevents' ]
375 silly reify mark deleted [ '/home/node/frontend/node_modules/function-bind' ]
376 silly reify mark deleted [ '/home/node/frontend/node_modules/gensync' ]
377 silly reify mark deleted [ '/home/node/frontend/node_modules/get-caller-file' ]
378 silly reify mark deleted [ '/home/node/frontend/node_modules/get-east-asian-width' ]
379 silly reify mark deleted [ '/home/node/frontend/node_modules/get-intrinsic' ]
380 silly reify mark deleted [ '/home/node/frontend/node_modules/get-proto' ]
381 silly reify mark deleted [ '/home/node/frontend/node_modules/glob' ]
382 silly reify mark deleted [ '/home/node/frontend/node_modules/glob-parent' ]
383 silly reify mark deleted [ '/home/node/frontend/node_modules/glob-to-regexp' ]
384 silly reify mark deleted [ '/home/node/frontend/node_modules/gopd' ]
385 silly reify mark deleted [ '/home/node/frontend/node_modules/graceful-fs' ]
386 silly reify mark deleted [ '/home/node/frontend/node_modules/has-flag' ]
387 silly reify mark deleted [ '/home/node/frontend/node_modules/has-symbols' ]
388 silly reify mark deleted [ '/home/node/frontend/node_modules/has-tostringtag' ]
389 silly reify mark deleted [ '/home/node/frontend/node_modules/hasown' ]
390 silly reify mark deleted [ '/home/node/frontend/node_modules/hosted-git-info' ]
391 silly reify mark deleted [
391 silly reify   '/home/node/frontend/node_modules/hosted-git-info/node_modules/lru-cache'
391 silly reify ]
392 silly reify mark deleted [ '/home/node/frontend/node_modules/html-escaper' ]
393 silly reify mark deleted [ '/home/node/frontend/node_modules/htmlparser2' ]
394 silly reify mark deleted [
394 silly reify   '/home/node/frontend/node_modules/htmlparser2/node_modules/entities'
394 silly reify ]
395 silly reify mark deleted [ '/home/node/frontend/node_modules/http-cache-semantics' ]
396 silly reify mark deleted [ '/home/node/frontend/node_modules/http-errors' ]
397 silly reify mark deleted [
397 silly reify   '/home/node/frontend/node_modules/http-errors/node_modules/statuses'
397 silly reify ]
398 silly reify mark deleted [ '/home/node/frontend/node_modules/http-proxy' ]
399 silly reify mark deleted [ '/home/node/frontend/node_modules/http-proxy-agent' ]
400 silly reify mark deleted [ '/home/node/frontend/node_modules/https-proxy-agent' ]
401 silly reify mark deleted [ '/home/node/frontend/node_modules/iconv-lite' ]
402 silly reify mark deleted [ '/home/node/frontend/node_modules/ignore-walk' ]
403 silly reify mark deleted [
403 silly reify   '/home/node/frontend/node_modules/ignore-walk/node_modules/minimatch'
403 silly reify ]
404 silly reify mark deleted [ '/home/node/frontend/node_modules/immutable' ]
405 silly reify mark deleted [ '/home/node/frontend/node_modules/imurmurhash' ]
406 silly reify mark deleted [ '/home/node/frontend/node_modules/inflight' ]
407 silly reify mark deleted [ '/home/node/frontend/node_modules/inherits' ]
408 silly reify mark deleted [ '/home/node/frontend/node_modules/ini' ]
409 silly reify mark deleted [ '/home/node/frontend/node_modules/ip-address' ]
410 silly reify mark deleted [ '/home/node/frontend/node_modules/ipaddr.js' ]
411 silly reify mark deleted [ '/home/node/frontend/node_modules/is-binary-path' ]
412 silly reify mark deleted [ '/home/node/frontend/node_modules/is-core-module' ]
413 silly reify mark deleted [ '/home/node/frontend/node_modules/is-extglob' ]
414 silly reify mark deleted [ '/home/node/frontend/node_modules/is-fullwidth-code-point' ]
415 silly reify mark deleted [ '/home/node/frontend/node_modules/is-glob' ]
416 silly reify mark deleted [ '/home/node/frontend/node_modules/is-interactive' ]
417 silly reify mark deleted [ '/home/node/frontend/node_modules/is-number' ]
418 silly reify mark deleted [ '/home/node/frontend/node_modules/is-promise' ]
419 silly reify mark deleted [ '/home/node/frontend/node_modules/is-regex' ]
420 silly reify mark deleted [ '/home/node/frontend/node_modules/is-unicode-supported' ]
421 silly reify mark deleted [ '/home/node/frontend/node_modules/isbinaryfile' ]
422 silly reify mark deleted [ '/home/node/frontend/node_modules/isexe' ]
423 silly reify mark deleted [ '/home/node/frontend/node_modules/istanbul-lib-coverage' ]
424 silly reify mark deleted [ '/home/node/frontend/node_modules/istanbul-lib-instrument' ]
425 silly reify mark deleted [ '/home/node/frontend/node_modules/istanbul-lib-report' ]
426 silly reify mark deleted [ '/home/node/frontend/node_modules/istanbul-lib-source-maps' ]
427 silly reify mark deleted [
427 silly reify   '/home/node/frontend/node_modules/istanbul-lib-source-maps/node_modules/source-map'
427 silly reify ]
428 silly reify mark deleted [ '/home/node/frontend/node_modules/istanbul-reports' ]
429 silly reify mark deleted [ '/home/node/frontend/node_modules/jackspeak' ]
430 silly reify mark deleted [ '/home/node/frontend/node_modules/jasmine-core' ]
431 silly reify mark deleted [ '/home/node/frontend/node_modules/js-tokens' ]
432 silly reify mark deleted [
432 silly reify   '/home/node/frontend/node_modules/jsesc',
432 silly reify   '/home/node/frontend/node_modules/.bin/jsesc'
432 silly reify ]
433 silly reify mark deleted [ '/home/node/frontend/node_modules/json-parse-even-better-errors' ]
434 silly reify mark deleted [ '/home/node/frontend/node_modules/json-schema-traverse' ]
435 silly reify mark deleted [
435 silly reify   '/home/node/frontend/node_modules/json5',
435 silly reify   '/home/node/frontend/node_modules/.bin/json5'
435 silly reify ]
436 silly reify mark deleted [ '/home/node/frontend/node_modules/jsonc-parser' ]
437 silly reify mark deleted [ '/home/node/frontend/node_modules/jsonfile' ]
438 silly reify mark deleted [ '/home/node/frontend/node_modules/jsonparse' ]
439 silly reify mark deleted [
439 silly reify   '/home/node/frontend/node_modules/karma',
439 silly reify   '/home/node/frontend/node_modules/.bin/karma'
439 silly reify ]
440 silly reify mark deleted [ '/home/node/frontend/node_modules/karma-chrome-launcher' ]
441 silly reify mark deleted [
441 silly reify   '/home/node/frontend/node_modules/karma-chrome-launcher/node_modules/which',
441 silly reify   '/home/node/frontend/node_modules/karma-chrome-launcher/node_modules/.bin/which'
441 silly reify ]
442 silly reify mark deleted [ '/home/node/frontend/node_modules/karma-coverage' ]
443 silly reify mark deleted [
443 silly reify   '/home/node/frontend/node_modules/karma-coverage/node_modules/istanbul-lib-instrument'
443 silly reify ]
444 silly reify mark deleted [
444 silly reify   '/home/node/frontend/node_modules/karma-coverage/node_modules/semver',
444 silly reify   '/home/node/frontend/node_modules/karma-coverage/node_modules/.bin/semver'
444 silly reify ]
445 silly reify mark deleted [ '/home/node/frontend/node_modules/karma-jasmine' ]
446 silly reify mark deleted [ '/home/node/frontend/node_modules/karma-jasmine-html-reporter' ]
447 silly reify mark deleted [
447 silly reify   '/home/node/frontend/node_modules/karma-jasmine/node_modules/jasmine-core'
447 silly reify ]
448 silly reify mark deleted [ '/home/node/frontend/node_modules/karma/node_modules/ansi-regex' ]
449 silly reify mark deleted [ '/home/node/frontend/node_modules/karma/node_modules/ansi-styles' ]
450 silly reify mark deleted [ '/home/node/frontend/node_modules/karma/node_modules/body-parser' ]
451 silly reify mark deleted [ '/home/node/frontend/node_modules/karma/node_modules/chokidar' ]
452 silly reify mark deleted [ '/home/node/frontend/node_modules/karma/node_modules/cliui' ]
453 silly reify mark deleted [ '/home/node/frontend/node_modules/karma/node_modules/debug' ]
454 silly reify mark deleted [ '/home/node/frontend/node_modules/karma/node_modules/emoji-regex' ]
455 silly reify mark deleted [ '/home/node/frontend/node_modules/karma/node_modules/iconv-lite' ]
456 silly reify mark deleted [
456 silly reify   '/home/node/frontend/node_modules/karma/node_modules/is-fullwidth-code-point'
456 silly reify ]
457 silly reify mark deleted [ '/home/node/frontend/node_modules/karma/node_modules/media-typer' ]
458 silly reify mark deleted [ '/home/node/frontend/node_modules/karma/node_modules/mime-db' ]
459 silly reify mark deleted [ '/home/node/frontend/node_modules/karma/node_modules/mime-types' ]
460 silly reify mark deleted [ '/home/node/frontend/node_modules/karma/node_modules/ms' ]
461 silly reify mark deleted [ '/home/node/frontend/node_modules/karma/node_modules/picomatch' ]
462 silly reify mark deleted [ '/home/node/frontend/node_modules/karma/node_modules/qs' ]
463 silly reify mark deleted [ '/home/node/frontend/node_modules/karma/node_modules/raw-body' ]
464 silly reify mark deleted [ '/home/node/frontend/node_modules/karma/node_modules/readdirp' ]
465 silly reify mark deleted [ '/home/node/frontend/node_modules/karma/node_modules/source-map' ]
466 silly reify mark deleted [ '/home/node/frontend/node_modules/karma/node_modules/string-width' ]
467 silly reify mark deleted [ '/home/node/frontend/node_modules/karma/node_modules/strip-ansi' ]
468 silly reify mark deleted [ '/home/node/frontend/node_modules/karma/node_modules/type-is' ]
469 silly reify mark deleted [ '/home/node/frontend/node_modules/karma/node_modules/wrap-ansi' ]
470 silly reify mark deleted [ '/home/node/frontend/node_modules/karma/node_modules/yargs' ]
471 silly reify mark deleted [ '/home/node/frontend/node_modules/karma/node_modules/yargs-parser' ]
472 silly reify mark deleted [ '/home/node/frontend/node_modules/listr2' ]
473 silly reify mark deleted [
473 silly reify   '/home/node/frontend/node_modules/listr2/node_modules/eventemitter3'
473 silly reify ]
474 silly reify mark deleted [ '/home/node/frontend/node_modules/listr2/node_modules/wrap-ansi' ]
475 silly reify mark deleted [
475 silly reify   '/home/node/frontend/node_modules/lmdb',
475 silly reify   '/home/node/frontend/node_modules/.bin/download-lmdb-prebuilds'
475 silly reify ]
476 silly reify mark deleted [ '/home/node/frontend/node_modules/lodash' ]
477 silly reify mark deleted [ '/home/node/frontend/node_modules/log-symbols' ]
478 silly reify mark deleted [
478 silly reify   '/home/node/frontend/node_modules/log-symbols/node_modules/is-unicode-supported'
478 silly reify ]
479 silly reify mark deleted [ '/home/node/frontend/node_modules/log-update' ]
480 silly reify mark deleted [
480 silly reify   '/home/node/frontend/node_modules/log-update/node_modules/ansi-escapes'
480 silly reify ]
481 silly reify mark deleted [
481 silly reify   '/home/node/frontend/node_modules/log-update/node_modules/is-fullwidth-code-point'
481 silly reify ]
482 silly reify mark deleted [
482 silly reify   '/home/node/frontend/node_modules/log-update/node_modules/slice-ansi'
482 silly reify ]
483 silly reify mark deleted [
483 silly reify   '/home/node/frontend/node_modules/log-update/node_modules/wrap-ansi'
483 silly reify ]
484 silly reify mark deleted [ '/home/node/frontend/node_modules/log4js' ]
485 silly reify mark deleted [ '/home/node/frontend/node_modules/lru-cache' ]
486 silly reify mark deleted [ '/home/node/frontend/node_modules/magic-string' ]
487 silly reify mark deleted [ '/home/node/frontend/node_modules/make-dir' ]
488 silly reify mark deleted [ '/home/node/frontend/node_modules/make-fetch-happen' ]
489 silly reify mark deleted [ '/home/node/frontend/node_modules/math-intrinsics' ]
490 silly reify mark deleted [ '/home/node/frontend/node_modules/media-typer' ]
491 silly reify mark deleted [ '/home/node/frontend/node_modules/merge-descriptors' ]
492 silly reify mark deleted [ '/home/node/frontend/node_modules/micromatch' ]
493 silly reify mark deleted [
493 silly reify   '/home/node/frontend/node_modules/micromatch/node_modules/picomatch'
493 silly reify ]
494 silly reify mark deleted [
494 silly reify   '/home/node/frontend/node_modules/mime',
494 silly reify   '/home/node/frontend/node_modules/.bin/mime'
494 silly reify ]
495 silly reify mark deleted [ '/home/node/frontend/node_modules/mime-db' ]
496 silly reify mark deleted [ '/home/node/frontend/node_modules/mime-types' ]
497 silly reify mark deleted [ '/home/node/frontend/node_modules/mimic-function' ]
498 silly reify mark deleted [ '/home/node/frontend/node_modules/minimatch' ]
499 silly reify mark deleted [ '/home/node/frontend/node_modules/minimist' ]
500 silly reify mark deleted [ '/home/node/frontend/node_modules/minipass' ]
501 silly reify mark deleted [ '/home/node/frontend/node_modules/minipass-collect' ]
502 silly reify mark deleted [ '/home/node/frontend/node_modules/minipass-fetch' ]
503 silly reify mark deleted [ '/home/node/frontend/node_modules/minipass-flush' ]
504 silly reify mark deleted [
504 silly reify   '/home/node/frontend/node_modules/minipass-flush/node_modules/minipass'
504 silly reify ]
505 silly reify mark deleted [
505 silly reify   '/home/node/frontend/node_modules/minipass-flush/node_modules/yallist'
505 silly reify ]
506 silly reify mark deleted [ '/home/node/frontend/node_modules/minipass-pipeline' ]
507 silly reify mark deleted [
507 silly reify   '/home/node/frontend/node_modules/minipass-pipeline/node_modules/minipass'
507 silly reify ]
508 silly reify mark deleted [
508 silly reify   '/home/node/frontend/node_modules/minipass-pipeline/node_modules/yallist'
508 silly reify ]
509 silly reify mark deleted [ '/home/node/frontend/node_modules/minipass-sized' ]
510 silly reify mark deleted [
510 silly reify   '/home/node/frontend/node_modules/minipass-sized/node_modules/minipass'
510 silly reify ]
511 silly reify mark deleted [
511 silly reify   '/home/node/frontend/node_modules/minipass-sized/node_modules/yallist'
511 silly reify ]
512 silly reify mark deleted [ '/home/node/frontend/node_modules/minizlib' ]
513 silly reify mark deleted [
513 silly reify   '/home/node/frontend/node_modules/mkdirp',
513 silly reify   '/home/node/frontend/node_modules/.bin/mkdirp'
513 silly reify ]
514 silly reify mark deleted [ '/home/node/frontend/node_modules/mrmime' ]
515 silly reify mark deleted [ '/home/node/frontend/node_modules/ms' ]
516 silly reify mark deleted [ '/home/node/frontend/node_modules/msgpackr' ]
517 silly reify mark deleted [
517 silly reify   '/home/node/frontend/node_modules/msgpackr-extract',
517 silly reify   '/home/node/frontend/node_modules/.bin/download-msgpackr-prebuilds'
517 silly reify ]
518 silly reify mark deleted [ '/home/node/frontend/node_modules/mute-stream' ]
519 silly reify mark deleted [
519 silly reify   '/home/node/frontend/node_modules/nanoid',
519 silly reify   '/home/node/frontend/node_modules/.bin/nanoid'
519 silly reify ]
520 silly reify mark deleted [ '/home/node/frontend/node_modules/negotiator' ]
521 silly reify mark deleted [ '/home/node/frontend/node_modules/node-addon-api' ]
522 silly reify mark deleted [
522 silly reify   '/home/node/frontend/node_modules/node-gyp',
522 silly reify   '/home/node/frontend/node_modules/.bin/node-gyp'
522 silly reify ]
523 silly reify mark deleted [
523 silly reify   '/home/node/frontend/node_modules/node-gyp-build-optional-packages',
523 silly reify   '/home/node/frontend/node_modules/.bin/node-gyp-build-optional-packages',
523 silly reify   '/home/node/frontend/node_modules/.bin/node-gyp-build-optional-packages-optional',
523 silly reify   '/home/node/frontend/node_modules/.bin/node-gyp-build-optional-packages-test'
523 silly reify ]
524 silly reify mark deleted [ '/home/node/frontend/node_modules/node-gyp/node_modules/chownr' ]
525 silly reify mark deleted [ '/home/node/frontend/node_modules/node-gyp/node_modules/isexe' ]
526 silly reify mark deleted [
526 silly reify   '/home/node/frontend/node_modules/node-gyp/node_modules/mkdirp',
526 silly reify   '/home/node/frontend/node_modules/node-gyp/node_modules/.bin/mkdirp'
526 silly reify ]
527 silly reify mark deleted [ '/home/node/frontend/node_modules/node-gyp/node_modules/tar' ]
528 silly reify mark deleted [
528 silly reify   '/home/node/frontend/node_modules/node-gyp/node_modules/which',
528 silly reify   '/home/node/frontend/node_modules/node-gyp/node_modules/.bin/node-which'
528 silly reify ]
529 silly reify mark deleted [ '/home/node/frontend/node_modules/node-gyp/node_modules/yallist' ]
530 silly reify mark deleted [ '/home/node/frontend/node_modules/node-releases' ]
531 silly reify mark deleted [
531 silly reify   '/home/node/frontend/node_modules/nopt',
531 silly reify   '/home/node/frontend/node_modules/.bin/nopt'
531 silly reify ]
532 silly reify mark deleted [ '/home/node/frontend/node_modules/normalize-path' ]
533 silly reify mark deleted [ '/home/node/frontend/node_modules/npm-bundled' ]
534 silly reify mark deleted [ '/home/node/frontend/node_modules/npm-install-checks' ]
535 silly reify mark deleted [ '/home/node/frontend/node_modules/npm-normalize-package-bin' ]
536 silly reify mark deleted [ '/home/node/frontend/node_modules/npm-package-arg' ]
537 silly reify mark deleted [ '/home/node/frontend/node_modules/npm-packlist' ]
538 silly reify mark deleted [ '/home/node/frontend/node_modules/npm-pick-manifest' ]
539 silly reify mark deleted [
539 silly reify   '/home/node/frontend/node_modules/npm-pick-manifest/node_modules/hosted-git-info'
539 silly reify ]
540 silly reify mark deleted [
540 silly reify   '/home/node/frontend/node_modules/npm-pick-manifest/node_modules/lru-cache'
540 silly reify ]
541 silly reify mark deleted [
541 silly reify   '/home/node/frontend/node_modules/npm-pick-manifest/node_modules/npm-package-arg'
541 silly reify ]
542 silly reify mark deleted [ '/home/node/frontend/node_modules/npm-registry-fetch' ]
543 silly reify mark deleted [
543 silly reify   '/home/node/frontend/node_modules/npm-registry-fetch/node_modules/hosted-git-info'
543 silly reify ]
544 silly reify mark deleted [
544 silly reify   '/home/node/frontend/node_modules/npm-registry-fetch/node_modules/lru-cache'
544 silly reify ]
545 silly reify mark deleted [
545 silly reify   '/home/node/frontend/node_modules/npm-registry-fetch/node_modules/npm-package-arg'
545 silly reify ]
546 silly reify mark deleted [ '/home/node/frontend/node_modules/nth-check' ]
547 silly reify mark deleted [ '/home/node/frontend/node_modules/object-assign' ]
548 silly reify mark deleted [ '/home/node/frontend/node_modules/object-inspect' ]
549 silly reify mark deleted [ '/home/node/frontend/node_modules/on-finished' ]
550 silly reify mark deleted [ '/home/node/frontend/node_modules/once' ]
551 silly reify mark deleted [ '/home/node/frontend/node_modules/onetime' ]
552 silly reify mark deleted [ '/home/node/frontend/node_modules/ora' ]
553 silly reify mark deleted [ '/home/node/frontend/node_modules/ordered-binary' ]
554 silly reify mark deleted [ '/home/node/frontend/node_modules/p-map' ]
555 silly reify mark deleted [ '/home/node/frontend/node_modules/package-json-from-dist' ]
556 silly reify mark deleted [
556 silly reify   '/home/node/frontend/node_modules/pacote',
556 silly reify   '/home/node/frontend/node_modules/.bin/pacote'
556 silly reify ]
557 silly reify mark deleted [
557 silly reify   '/home/node/frontend/node_modules/pacote/node_modules/hosted-git-info'
557 silly reify ]
558 silly reify mark deleted [ '/home/node/frontend/node_modules/pacote/node_modules/lru-cache' ]
559 silly reify mark deleted [
559 silly reify   '/home/node/frontend/node_modules/pacote/node_modules/npm-package-arg'
559 silly reify ]
560 silly reify mark deleted [ '/home/node/frontend/node_modules/parse5-html-rewriting-stream' ]
561 silly reify mark deleted [
561 silly reify   '/home/node/frontend/node_modules/parse5-html-rewriting-stream/node_modules/entities'
561 silly reify ]
562 silly reify mark deleted [ '/home/node/frontend/node_modules/parse5-sax-parser' ]
563 silly reify mark deleted [ '/home/node/frontend/node_modules/parseurl' ]
564 silly reify mark deleted [ '/home/node/frontend/node_modules/path-is-absolute' ]
565 silly reify mark deleted [ '/home/node/frontend/node_modules/path-key' ]
566 silly reify mark deleted [ '/home/node/frontend/node_modules/path-parse' ]
567 silly reify mark deleted [ '/home/node/frontend/node_modules/path-scurry' ]
568 silly reify mark deleted [
568 silly reify   '/home/node/frontend/node_modules/path-scurry/node_modules/lru-cache'
568 silly reify ]
569 silly reify mark deleted [ '/home/node/frontend/node_modules/path-to-regexp' ]
570 silly reify mark deleted [ '/home/node/frontend/node_modules/picocolors' ]
571 silly reify mark deleted [ '/home/node/frontend/node_modules/picomatch' ]
572 silly reify mark deleted [ '/home/node/frontend/node_modules/piscina' ]
573 silly reify mark deleted [ '/home/node/frontend/node_modules/pkce-challenge' ]
574 silly reify mark deleted [ '/home/node/frontend/node_modules/postcss' ]
575 silly reify mark deleted [ '/home/node/frontend/node_modules/postcss-media-query-parser' ]
576 silly reify mark deleted [ '/home/node/frontend/node_modules/proc-log' ]
577 silly reify mark deleted [ '/home/node/frontend/node_modules/promise-retry' ]
578 silly reify mark deleted [ '/home/node/frontend/node_modules/proxy-addr' ]
579 silly reify mark deleted [ '/home/node/frontend/node_modules/punycode' ]
580 silly reify mark deleted [ '/home/node/frontend/node_modules/qjobs' ]
581 silly reify mark deleted [ '/home/node/frontend/node_modules/qs' ]
582 silly reify mark deleted [ '/home/node/frontend/node_modules/range-parser' ]
583 silly reify mark deleted [ '/home/node/frontend/node_modules/raw-body' ]
584 silly reify mark deleted [ '/home/node/frontend/node_modules/raw-body/node_modules/iconv-lite' ]
585 silly reify mark deleted [ '/home/node/frontend/node_modules/readdirp' ]
586 silly reify mark deleted [ '/home/node/frontend/node_modules/reflect-metadata' ]
587 silly reify mark deleted [ '/home/node/frontend/node_modules/require-directory' ]
588 silly reify mark deleted [ '/home/node/frontend/node_modules/require-from-string' ]
589 silly reify mark deleted [ '/home/node/frontend/node_modules/requires-port' ]
590 silly reify mark deleted [
590 silly reify   '/home/node/frontend/node_modules/resolve',
590 silly reify   '/home/node/frontend/node_modules/.bin/resolve'
590 silly reify ]
591 silly reify mark deleted [ '/home/node/frontend/node_modules/restore-cursor' ]
592 silly reify mark deleted [ '/home/node/frontend/node_modules/retry' ]
593 silly reify mark deleted [ '/home/node/frontend/node_modules/rfdc' ]
594 silly reify mark deleted [
594 silly reify   '/home/node/frontend/node_modules/rimraf',
594 silly reify   '/home/node/frontend/node_modules/.bin/rimraf'
594 silly reify ]
595 silly reify mark deleted [
595 silly reify   '/home/node/frontend/node_modules/rolldown',
595 silly reify   '/home/node/frontend/node_modules/.bin/rolldown'
595 silly reify ]
596 silly reify mark deleted [
596 silly reify   '/home/node/frontend/node_modules/rollup',
596 silly reify   '/home/node/frontend/node_modules/.bin/rollup'
596 silly reify ]
597 silly reify mark deleted [ '/home/node/frontend/node_modules/router' ]
598 silly reify mark deleted [ '/home/node/frontend/node_modules/safe-buffer' ]
599 silly reify mark deleted [ '/home/node/frontend/node_modules/safe-regex-test' ]
600 silly reify mark deleted [ '/home/node/frontend/node_modules/safer-buffer' ]
601 silly reify mark deleted [
601 silly reify   '/home/node/frontend/node_modules/sass',
601 silly reify   '/home/node/frontend/node_modules/.bin/sass'
601 silly reify ]
602 silly reify mark deleted [
602 silly reify   '/home/node/frontend/node_modules/semver',
602 silly reify   '/home/node/frontend/node_modules/.bin/semver'
602 silly reify ]
603 silly reify mark deleted [ '/home/node/frontend/node_modules/send' ]
604 silly reify mark deleted [ '/home/node/frontend/node_modules/serve-static' ]
605 silly reify mark deleted [ '/home/node/frontend/node_modules/setprototypeof' ]
606 silly reify mark deleted [ '/home/node/frontend/node_modules/shebang-command' ]
607 silly reify mark deleted [ '/home/node/frontend/node_modules/shebang-regex' ]
608 silly reify mark deleted [ '/home/node/frontend/node_modules/side-channel' ]
609 silly reify mark deleted [ '/home/node/frontend/node_modules/side-channel-list' ]
610 silly reify mark deleted [ '/home/node/frontend/node_modules/side-channel-map' ]
611 silly reify mark deleted [ '/home/node/frontend/node_modules/side-channel-weakmap' ]
612 silly reify mark deleted [ '/home/node/frontend/node_modules/signal-exit' ]
613 silly reify mark deleted [ '/home/node/frontend/node_modules/sigstore' ]
614 silly reify mark deleted [ '/home/node/frontend/node_modules/slice-ansi' ]
615 silly reify mark deleted [ '/home/node/frontend/node_modules/smart-buffer' ]
616 silly reify mark deleted [ '/home/node/frontend/node_modules/socket.io' ]
617 silly reify mark deleted [ '/home/node/frontend/node_modules/socket.io-adapter' ]
618 silly reify mark deleted [
618 silly reify   '/home/node/frontend/node_modules/socket.io-adapter/node_modules/debug'
618 silly reify ]
619 silly reify mark deleted [ '/home/node/frontend/node_modules/socket.io-parser' ]
620 silly reify mark deleted [
620 silly reify   '/home/node/frontend/node_modules/socket.io-parser/node_modules/debug'
620 silly reify ]
621 silly reify mark deleted [ '/home/node/frontend/node_modules/socket.io/node_modules/accepts' ]
622 silly reify mark deleted [ '/home/node/frontend/node_modules/socket.io/node_modules/debug' ]
623 silly reify mark deleted [ '/home/node/frontend/node_modules/socket.io/node_modules/mime-db' ]
624 silly reify mark deleted [
624 silly reify   '/home/node/frontend/node_modules/socket.io/node_modules/mime-types'
624 silly reify ]
625 silly reify mark deleted [
625 silly reify   '/home/node/frontend/node_modules/socket.io/node_modules/negotiator'
625 silly reify ]
626 silly reify mark deleted [ '/home/node/frontend/node_modules/socks' ]
627 silly reify mark deleted [ '/home/node/frontend/node_modules/socks-proxy-agent' ]
628 silly reify mark deleted [ '/home/node/frontend/node_modules/source-map' ]
629 silly reify mark deleted [ '/home/node/frontend/node_modules/source-map-js' ]
630 silly reify mark deleted [ '/home/node/frontend/node_modules/source-map-support' ]
631 silly reify mark deleted [
631 silly reify   '/home/node/frontend/node_modules/source-map-support/node_modules/source-map'
631 silly reify ]
632 silly reify mark deleted [ '/home/node/frontend/node_modules/spdx-correct' ]
633 silly reify mark deleted [ '/home/node/frontend/node_modules/spdx-exceptions' ]
634 silly reify mark deleted [ '/home/node/frontend/node_modules/spdx-expression-parse' ]
635 silly reify mark deleted [ '/home/node/frontend/node_modules/spdx-license-ids' ]
636 silly reify mark deleted [ '/home/node/frontend/node_modules/ssri' ]
637 silly reify mark deleted [ '/home/node/frontend/node_modules/statuses' ]
638 silly reify mark deleted [ '/home/node/frontend/node_modules/stdin-discarder' ]
639 silly reify mark deleted [ '/home/node/frontend/node_modules/streamroller' ]
640 silly reify mark deleted [ '/home/node/frontend/node_modules/string-width' ]
641 silly reify mark deleted [ '/home/node/frontend/node_modules/string-width-cjs' ]
642 silly reify mark deleted [
642 silly reify   '/home/node/frontend/node_modules/string-width-cjs/node_modules/ansi-regex'
642 silly reify ]
643 silly reify mark deleted [
643 silly reify   '/home/node/frontend/node_modules/string-width-cjs/node_modules/emoji-regex'
643 silly reify ]
644 silly reify mark deleted [
644 silly reify   '/home/node/frontend/node_modules/string-width-cjs/node_modules/is-fullwidth-code-point'
644 silly reify ]
645 silly reify mark deleted [
645 silly reify   '/home/node/frontend/node_modules/string-width-cjs/node_modules/strip-ansi'
645 silly reify ]
646 silly reify mark deleted [ '/home/node/frontend/node_modules/strip-ansi' ]
647 silly reify mark deleted [ '/home/node/frontend/node_modules/strip-ansi-cjs' ]
648 silly reify mark deleted [
648 silly reify   '/home/node/frontend/node_modules/strip-ansi-cjs/node_modules/ansi-regex'
648 silly reify ]
649 silly reify mark deleted [ '/home/node/frontend/node_modules/supports-color' ]
650 silly reify mark deleted [ '/home/node/frontend/node_modules/supports-preserve-symlinks-flag' ]
651 silly reify mark deleted [ '/home/node/frontend/node_modules/tar' ]
652 silly reify mark deleted [ '/home/node/frontend/node_modules/tar/node_modules/fs-minipass' ]
653 silly reify mark deleted [
653 silly reify   '/home/node/frontend/node_modules/tar/node_modules/fs-minipass/node_modules/minipass'
653 silly reify ]
654 silly reify mark deleted [ '/home/node/frontend/node_modules/tar/node_modules/minipass' ]
655 silly reify mark deleted [ '/home/node/frontend/node_modules/tar/node_modules/minizlib' ]
656 silly reify mark deleted [
656 silly reify   '/home/node/frontend/node_modules/tar/node_modules/minizlib/node_modules/minipass'
656 silly reify ]
657 silly reify mark deleted [
657 silly reify   '/home/node/frontend/node_modules/tar/node_modules/mkdirp',
657 silly reify   '/home/node/frontend/node_modules/tar/node_modules/.bin/mkdirp'
657 silly reify ]
658 silly reify mark deleted [ '/home/node/frontend/node_modules/tar/node_modules/yallist' ]
659 silly reify mark deleted [ '/home/node/frontend/node_modules/tinyglobby' ]
660 silly reify mark deleted [ '/home/node/frontend/node_modules/tmp' ]
661 silly reify mark deleted [ '/home/node/frontend/node_modules/to-regex-range' ]
662 silly reify mark deleted [ '/home/node/frontend/node_modules/toidentifier' ]
663 silly reify mark deleted [ '/home/node/frontend/node_modules/tuf-js' ]
664 silly reify mark deleted [ '/home/node/frontend/node_modules/type-fest' ]
665 silly reify mark deleted [ '/home/node/frontend/node_modules/type-is' ]
666 silly reify mark deleted [
666 silly reify   '/home/node/frontend/node_modules/typescript',
666 silly reify   '/home/node/frontend/node_modules/.bin/tsc',
666 silly reify   '/home/node/frontend/node_modules/.bin/tsserver'
666 silly reify ]
667 silly reify mark deleted [
667 silly reify   '/home/node/frontend/node_modules/ua-parser-js',
667 silly reify   '/home/node/frontend/node_modules/.bin/ua-parser-js'
667 silly reify ]
668 silly reify mark deleted [ '/home/node/frontend/node_modules/undici-types' ]
669 silly reify mark deleted [ '/home/node/frontend/node_modules/unique-filename' ]
670 silly reify mark deleted [ '/home/node/frontend/node_modules/unique-slug' ]
671 silly reify mark deleted [ '/home/node/frontend/node_modules/universalify' ]
672 silly reify mark deleted [ '/home/node/frontend/node_modules/unpipe' ]
673 silly reify mark deleted [
673 silly reify   '/home/node/frontend/node_modules/update-browserslist-db',
673 silly reify   '/home/node/frontend/node_modules/.bin/update-browserslist-db'
673 silly reify ]
674 silly reify mark deleted [ '/home/node/frontend/node_modules/uri-js' ]
675 silly reify mark deleted [ '/home/node/frontend/node_modules/uri-js/node_modules/punycode' ]
676 silly reify mark deleted [ '/home/node/frontend/node_modules/utils-merge' ]
677 silly reify mark deleted [ '/home/node/frontend/node_modules/validate-npm-package-license' ]
678 silly reify mark deleted [ '/home/node/frontend/node_modules/validate-npm-package-name' ]
679 silly reify mark deleted [ '/home/node/frontend/node_modules/vary' ]
680 silly reify mark deleted [
680 silly reify   '/home/node/frontend/node_modules/vite',
680 silly reify   '/home/node/frontend/node_modules/.bin/vite'
680 silly reify ]
681 silly reify mark deleted [ '/home/node/frontend/node_modules/void-elements' ]
682 silly reify mark deleted [ '/home/node/frontend/node_modules/watchpack' ]
683 silly reify mark deleted [ '/home/node/frontend/node_modules/weak-lru-cache' ]
684 silly reify mark deleted [
684 silly reify   '/home/node/frontend/node_modules/which',
684 silly reify   '/home/node/frontend/node_modules/.bin/node-which'
684 silly reify ]
685 silly reify mark deleted [ '/home/node/frontend/node_modules/wrap-ansi' ]
686 silly reify mark deleted [ '/home/node/frontend/node_modules/wrap-ansi-cjs' ]
687 silly reify mark deleted [
687 silly reify   '/home/node/frontend/node_modules/wrap-ansi-cjs/node_modules/ansi-regex'
687 silly reify ]
688 silly reify mark deleted [
688 silly reify   '/home/node/frontend/node_modules/wrap-ansi-cjs/node_modules/ansi-styles'
688 silly reify ]
689 silly reify mark deleted [
689 silly reify   '/home/node/frontend/node_modules/wrap-ansi-cjs/node_modules/emoji-regex'
689 silly reify ]
690 silly reify mark deleted [
690 silly reify   '/home/node/frontend/node_modules/wrap-ansi-cjs/node_modules/is-fullwidth-code-point'
690 silly reify ]
691 silly reify mark deleted [
691 silly reify   '/home/node/frontend/node_modules/wrap-ansi-cjs/node_modules/string-width'
691 silly reify ]
692 silly reify mark deleted [
692 silly reify   '/home/node/frontend/node_modules/wrap-ansi-cjs/node_modules/strip-ansi'
692 silly reify ]
693 silly reify mark deleted [
693 silly reify   '/home/node/frontend/node_modules/wrap-ansi/node_modules/ansi-regex'
693 silly reify ]
694 silly reify mark deleted [
694 silly reify   '/home/node/frontend/node_modules/wrap-ansi/node_modules/ansi-styles'
694 silly reify ]
695 silly reify mark deleted [
695 silly reify   '/home/node/frontend/node_modules/wrap-ansi/node_modules/emoji-regex'
695 silly reify ]
696 silly reify mark deleted [
696 silly reify   '/home/node/frontend/node_modules/wrap-ansi/node_modules/is-fullwidth-code-point'
696 silly reify ]
697 silly reify mark deleted [
697 silly reify   '/home/node/frontend/node_modules/wrap-ansi/node_modules/string-width'
697 silly reify ]
698 silly reify mark deleted [
698 silly reify   '/home/node/frontend/node_modules/wrap-ansi/node_modules/strip-ansi'
698 silly reify ]
699 silly reify mark deleted [ '/home/node/frontend/node_modules/wrappy' ]
700 silly reify mark deleted [ '/home/node/frontend/node_modules/ws' ]
701 silly reify mark deleted [ '/home/node/frontend/node_modules/y18n' ]
702 silly reify mark deleted [ '/home/node/frontend/node_modules/yallist' ]
703 silly reify mark deleted [ '/home/node/frontend/node_modules/yargs' ]
704 silly reify mark deleted [ '/home/node/frontend/node_modules/yargs-parser' ]
705 silly reify mark deleted [ '/home/node/frontend/node_modules/yoctocolors-cjs' ]
706 silly reify mark deleted [ '/home/node/frontend/node_modules/zod' ]
707 silly reify mark deleted [ '/home/node/frontend/node_modules/zod-to-json-schema' ]
708 silly reify mark deleted [
708 silly reify   '/home/node/frontend/node_modules/@angular/cli',
708 silly reify   '/home/node/frontend/node_modules/.bin/ng'
708 silly reify ]
709 silly audit bulk request {
709 silly audit   '@angular/animations': [ '20.3.0' ],
709 silly audit   '@angular/cdk': [ '20.2.2' ],
709 silly audit   '@angular/common': [ '20.3.0' ],
709 silly audit   '@angular/compiler': [ '20.3.0' ],
709 silly audit   '@angular/core': [ '20.3.0' ],
709 silly audit   '@angular/forms': [ '20.3.0' ],
709 silly audit   '@angular/material': [ '20.2.2' ],
709 silly audit   '@angular/platform-browser': [ '20.3.0' ],
709 silly audit   '@angular/router': [ '20.3.0' ],
709 silly audit   entities: [ '6.0.1' ],
709 silly audit   parse5: [ '8.0.0' ],
709 silly audit   rxjs: [ '7.8.2' ],
709 silly audit   tslib: [ '2.8.1' ],
709 silly audit   'zone.js': [ '0.15.1' ]
709 silly audit }
710 http fetch POST 200 https://registry.npmjs.org/-/npm/v1/security/advisories/bulk 604ms
711 silly audit report {}
712 silly ADD
713 silly ADD
714 silly ADD
715 silly ADD
716 silly ADD
717 silly ADD
718 silly ADD
719 silly ADD
720 silly ADD
721 silly ADD
722 silly ADD
723 silly ADD node_modules/strip-ansi
724 silly ADD node_modules/string-width
725 silly ADD node_modules/is-fullwidth-code-point
726 silly ADD node_modules/emoji-regex
727 silly ADD node_modules/ansi-styles
728 silly ADD node_modules/ansi-regex
729 silly ADD
730 silly ADD node_modules/strip-ansi
731 silly ADD node_modules/string-width
732 silly ADD node_modules/is-fullwidth-code-point
733 silly ADD node_modules/emoji-regex
734 silly ADD node_modules/ansi-styles
735 silly ADD node_modules/ansi-regex
736 silly ADD
737 silly ADD
738 silly ADD
739 silly ADD
740 silly ADD
741 silly ADD
742 silly ADD
743 silly ADD
744 silly ADD
745 silly ADD
746 silly ADD node_modules/punycode
747 silly ADD
748 silly ADD
749 silly ADD
750 silly ADD
751 silly ADD
752 silly ADD
753 silly ADD
754 silly ADD
755 silly ADD
756 silly ADD
757 silly ADD
758 silly ADD
759 silly ADD
760 silly ADD
761 silly ADD
762 silly ADD
763 silly ADD node_modules/yallist
764 silly ADD node_modules/mkdirp
765 silly ADD node_modules/minizlib
766 silly ADD node_modules/minizlib/node_modules/minipass
767 silly ADD node_modules/minipass
768 silly ADD node_modules/fs-minipass
769 silly ADD node_modules/fs-minipass/node_modules/minipass
770 silly ADD
771 silly ADD
772 silly ADD
773 silly ADD node_modules/ansi-regex
774 silly ADD
775 silly ADD
776 silly ADD node_modules/strip-ansi
777 silly ADD node_modules/is-fullwidth-code-point
778 silly ADD node_modules/emoji-regex
779 silly ADD node_modules/ansi-regex
780 silly ADD
781 silly ADD
782 silly ADD
783 silly ADD
784 silly ADD
785 silly ADD
786 silly ADD
787 silly ADD
788 silly ADD
789 silly ADD
790 silly ADD node_modules/source-map
791 silly ADD
792 silly ADD
793 silly ADD
794 silly ADD
795 silly ADD
796 silly ADD node_modules/debug
797 silly ADD
798 silly ADD node_modules/debug
799 silly ADD
800 silly ADD node_modules/negotiator
801 silly ADD node_modules/mime-types
802 silly ADD node_modules/mime-db
803 silly ADD node_modules/debug
804 silly ADD node_modules/accepts
805 silly ADD
806 silly ADD
807 silly ADD
808 silly ADD
809 silly ADD
810 silly ADD
811 silly ADD
812 silly ADD
813 silly ADD
814 silly ADD
815 silly ADD
816 silly ADD
817 silly ADD
818 silly ADD
819 silly ADD
820 silly ADD
821 silly ADD
822 silly ADD
823 silly ADD
824 silly ADD
825 silly ADD
826 silly ADD
827 silly ADD
828 silly ADD
829 silly ADD
830 silly ADD
831 silly ADD
832 silly ADD
833 silly ADD
834 silly ADD
835 silly ADD
836 silly ADD
837 silly ADD node_modules/iconv-lite
838 silly ADD
839 silly ADD
840 silly ADD
841 silly ADD
842 silly ADD
843 silly ADD
844 silly ADD
845 silly ADD
846 silly ADD
847 silly ADD
848 silly ADD
849 silly ADD
850 silly ADD
851 silly ADD
852 silly ADD
853 silly ADD node_modules/lru-cache
854 silly ADD
855 silly ADD
856 silly ADD
857 silly ADD
858 silly ADD
859 silly ADD
860 silly ADD node_modules/entities
861 silly ADD
862 silly ADD node_modules/npm-package-arg
863 silly ADD node_modules/lru-cache
864 silly ADD node_modules/hosted-git-info
865 silly ADD
866 silly ADD
867 silly ADD
868 silly ADD
869 silly ADD
870 silly ADD
871 silly ADD
872 silly ADD
873 silly ADD
874 silly ADD
875 silly ADD
876 silly ADD node_modules/npm-package-arg
877 silly ADD node_modules/lru-cache
878 silly ADD node_modules/hosted-git-info
879 silly ADD
880 silly ADD node_modules/npm-package-arg
881 silly ADD node_modules/lru-cache
882 silly ADD node_modules/hosted-git-info
883 silly ADD
884 silly ADD
885 silly ADD
886 silly ADD
887 silly ADD
888 silly ADD
889 silly ADD
890 silly ADD
891 silly ADD
892 silly ADD
893 silly ADD node_modules/yallist
894 silly ADD node_modules/which
895 silly ADD node_modules/tar
896 silly ADD node_modules/mkdirp
897 silly ADD node_modules/isexe
898 silly ADD node_modules/chownr
899 silly ADD
900 silly ADD
901 silly ADD
902 silly ADD
903 silly ADD
904 silly ADD
905 silly ADD
906 silly ADD
907 silly ADD
908 silly ADD
909 silly ADD
910 silly ADD node_modules/yallist
911 silly ADD node_modules/minipass
912 silly ADD
913 silly ADD node_modules/yallist
914 silly ADD node_modules/minipass
915 silly ADD
916 silly ADD node_modules/yallist
917 silly ADD node_modules/minipass
918 silly ADD
919 silly ADD
920 silly ADD
921 silly ADD
922 silly ADD
923 silly ADD
924 silly ADD
925 silly ADD
926 silly ADD
927 silly ADD
928 silly ADD node_modules/picomatch
929 silly ADD
930 silly ADD
931 silly ADD
932 silly ADD
933 silly ADD
934 silly ADD
935 silly ADD
936 silly ADD
937 silly ADD
938 silly ADD node_modules/wrap-ansi
939 silly ADD node_modules/slice-ansi
940 silly ADD node_modules/is-fullwidth-code-point
941 silly ADD node_modules/ansi-escapes
942 silly ADD
943 silly ADD node_modules/is-unicode-supported
944 silly ADD
945 silly ADD
946 silly ADD
947 silly ADD node_modules/wrap-ansi
948 silly ADD node_modules/eventemitter3
949 silly ADD
950 silly ADD
951 silly ADD node_modules/jasmine-core
952 silly ADD
953 silly ADD node_modules/semver
954 silly ADD node_modules/istanbul-lib-instrument
955 silly ADD
956 silly ADD node_modules/which
957 silly ADD
958 silly ADD node_modules/yargs-parser
959 silly ADD node_modules/yargs
960 silly ADD node_modules/wrap-ansi
961 silly ADD node_modules/type-is
962 silly ADD node_modules/strip-ansi
963 silly ADD node_modules/string-width
964 silly ADD node_modules/source-map
965 silly ADD node_modules/readdirp
966 silly ADD node_modules/raw-body
967 silly ADD node_modules/qs
968 silly ADD node_modules/picomatch
969 silly ADD node_modules/ms
970 silly ADD node_modules/mime-types
971 silly ADD node_modules/mime-db
972 silly ADD node_modules/media-typer
973 silly ADD node_modules/is-fullwidth-code-point
974 silly ADD node_modules/iconv-lite
975 silly ADD node_modules/emoji-regex
976 silly ADD node_modules/debug
977 silly ADD node_modules/cliui
978 silly ADD node_modules/chokidar
979 silly ADD node_modules/body-parser
980 silly ADD node_modules/ansi-styles
981 silly ADD node_modules/ansi-regex
982 silly ADD
983 silly ADD
984 silly ADD
985 silly ADD
986 silly ADD
987 silly ADD
988 silly ADD
989 silly ADD
990 silly ADD
991 silly ADD
992 silly ADD
993 silly ADD
994 silly ADD node_modules/source-map
995 silly ADD
996 silly ADD
997 silly ADD
998 silly ADD
999 silly ADD
1000 silly ADD
1001 silly ADD
1002 silly ADD
1003 silly ADD
1004 silly ADD
1005 silly ADD
1006 silly ADD
1007 silly ADD
1008 silly ADD
1009 silly ADD
1010 silly ADD
1011 silly ADD
1012 silly ADD
1013 silly ADD
1014 silly ADD
1015 silly ADD
1016 silly ADD
1017 silly ADD
1018 silly ADD node_modules/minimatch
1019 silly ADD
1020 silly ADD
1021 silly ADD
1022 silly ADD
1023 silly ADD
1024 silly ADD node_modules/statuses
1025 silly ADD
1026 silly ADD
1027 silly ADD node_modules/entities
1028 silly ADD
1029 silly ADD
1030 silly ADD node_modules/lru-cache
1031 silly ADD
1032 silly ADD
1033 silly ADD
1034 silly ADD
1035 silly ADD
1036 silly ADD
1037 silly ADD
1038 silly ADD
1039 silly ADD
1040 silly ADD
1041 silly ADD
1042 silly ADD
1043 silly ADD
1044 silly ADD
1045 silly ADD
1046 silly ADD
1047 silly ADD
1048 silly ADD
1049 silly ADD
1050 silly ADD
1051 silly ADD
1052 silly ADD
1053 silly ADD
1054 silly ADD
1055 silly ADD
1056 silly ADD
1057 silly ADD
1058 silly ADD
1059 silly ADD
1060 silly ADD
1061 silly ADD
1062 silly ADD
1063 silly ADD
1064 silly ADD
1065 silly ADD
1066 silly ADD
1067 silly ADD
1068 silly ADD
1069 silly ADD
1070 silly ADD
1071 silly ADD
1072 silly ADD
1073 silly ADD
1074 silly ADD
1075 silly ADD
1076 silly ADD
1077 silly ADD
1078 silly ADD
1079 silly ADD
1080 silly ADD
1081 silly ADD
1082 silly ADD node_modules/negotiator
1083 silly ADD node_modules/mime-types
1084 silly ADD node_modules/mime-db
1085 silly ADD node_modules/debug
1086 silly ADD node_modules/accepts
1087 silly ADD
1088 silly ADD
1089 silly ADD
1090 silly ADD
1091 silly ADD
1092 silly ADD
1093 silly ADD
1094 silly ADD
1095 silly ADD
1096 silly ADD
1097 silly ADD
1098 silly ADD
1099 silly ADD
1100 silly ADD
1101 silly ADD
1102 silly ADD
1103 silly ADD
1104 silly ADD
1105 silly ADD
1106 silly ADD
1107 silly ADD
1108 silly ADD
1109 silly ADD
1110 silly ADD
1111 silly ADD
1112 silly ADD
1113 silly ADD
1114 silly ADD
1115 silly ADD
1116 silly ADD node_modules/statuses
1117 silly ADD node_modules/on-finished
1118 silly ADD node_modules/ms
1119 silly ADD node_modules/finalhandler
1120 silly ADD node_modules/encodeurl
1121 silly ADD node_modules/debug
1122 silly ADD
1123 silly ADD
1124 silly ADD
1125 silly ADD
1126 silly ADD
1127 silly ADD node_modules/wrap-ansi
1128 silly ADD
1129 silly ADD
1130 silly ADD
1131 silly ADD
1132 silly ADD
1133 silly ADD
1134 silly ADD
1135 silly ADD
1136 silly ADD
1137 silly ADD
1138 silly ADD
1139 silly ADD
1140 silly ADD node_modules/yallist
1141 silly ADD node_modules/tar
1142 silly ADD node_modules/mkdirp
1143 silly ADD node_modules/minimatch
1144 silly ADD node_modules/lru-cache
1145 silly ADD node_modules/glob
1146 silly ADD node_modules/chownr
1147 silly ADD node_modules/brace-expansion
1148 silly ADD
1149 silly ADD
1150 silly ADD
1151 silly ADD
1152 silly ADD
1153 silly ADD
1154 silly ADD
1155 silly ADD
1156 silly ADD
1157 silly ADD
1158 silly ADD
1159 silly ADD
1160 silly ADD node_modules/picomatch
1161 silly ADD
1162 silly ADD
1163 silly ADD
1164 silly ADD
1165 silly ADD
1166 silly ADD
1167 silly ADD
1168 silly ADD
1169 silly ADD
1170 silly ADD
1171 silly ADD
1172 silly ADD
1173 silly ADD
1174 silly ADD
1175 silly ADD
1176 silly ADD
1177 silly ADD
1178 silly ADD
1179 silly ADD node_modules/minimatch
1180 silly ADD node_modules/brace-expansion
1181 silly ADD
1182 silly ADD
1183 silly ADD
1184 silly ADD
1185 silly ADD
1186 silly ADD
1187 silly ADD
1188 silly ADD
1189 silly ADD
1190 silly ADD
1191 silly ADD
1192 silly ADD
1193 silly ADD
1194 silly ADD
1195 silly ADD
1196 silly ADD
1197 silly ADD
1198 silly ADD
1199 silly ADD
1200 silly ADD
1201 silly ADD
1202 silly ADD
1203 silly ADD
1204 silly ADD
1205 silly ADD
1206 silly ADD
1207 silly ADD
1208 silly ADD
1209 silly ADD
1210 silly ADD
1211 silly ADD
1212 silly ADD
1213 silly ADD
1214 silly ADD
1215 silly ADD
1216 silly ADD
1217 silly ADD
1218 silly ADD
1219 silly ADD
1220 silly ADD
1221 silly ADD
1222 silly ADD
1223 silly ADD
1224 silly ADD
1225 silly ADD
1226 silly ADD
1227 silly ADD
1228 silly ADD
1229 silly ADD
1230 silly ADD
1231 silly ADD
1232 silly ADD
1233 silly ADD
1234 silly ADD
1235 silly ADD
1236 silly ADD
1237 silly ADD
1238 silly ADD
1239 silly ADD
1240 silly ADD
1241 silly ADD node_modules/node-addon-api
1242 silly ADD node_modules/detect-libc
1243 silly ADD
1244 silly ADD
1245 silly ADD
1246 silly ADD node_modules/which
1247 silly ADD node_modules/isexe
1248 silly ADD
1249 silly ADD
1250 silly ADD node_modules/which
1251 silly ADD node_modules/isexe
1252 silly ADD
1253 silly ADD node_modules/minimatch
1254 silly ADD node_modules/lru-cache
1255 silly ADD node_modules/hosted-git-info
1256 silly ADD node_modules/glob
1257 silly ADD node_modules/brace-expansion
1258 silly ADD
1259 silly ADD
1260 silly ADD
1261 silly ADD node_modules/which
1262 silly ADD node_modules/lru-cache
1263 silly ADD node_modules/isexe
1264 silly ADD
1265 silly ADD
1266 silly ADD node_modules/lru-cache
1267 silly ADD
1268 silly ADD
1269 silly ADD
1270 silly ADD
1271 silly ADD
1272 silly ADD
1273 silly ADD
1274 silly ADD
1275 silly ADD
1276 silly ADD
1277 silly ADD
1278 silly ADD
1279 silly ADD
1280 silly ADD
1281 silly ADD
1282 silly ADD
1283 silly ADD
1284 silly ADD
1285 silly ADD
1286 silly ADD
1287 silly ADD
1288 silly ADD
1289 silly ADD
1290 silly ADD
1291 silly ADD
1292 silly ADD
1293 silly ADD node_modules/json-schema-traverse
1294 silly ADD node_modules/ajv
1295 silly ADD
1296 silly ADD
1297 silly ADD
1298 silly ADD
1299 silly ADD
1300 silly ADD
1301 silly ADD
1302 silly ADD
1303 silly ADD
1304 silly ADD
1305 silly ADD
1306 silly ADD
1307 silly ADD
1308 silly ADD
1309 silly ADD
1310 silly ADD node_modules/wrap-ansi
1311 silly ADD node_modules/string-width
1312 silly ADD node_modules/emoji-regex
1313 silly ADD
1314 silly ADD
1315 silly ADD
1316 silly ADD
1317 silly ADD
1318 silly ADD
1319 silly ADD
1320 silly ADD
1321 silly ADD
1322 silly ADD
1323 silly ADD
1324 silly ADD
1325 silly ADD
1326 silly ADD
1327 silly ADD
1328 silly ADD
1329 silly ADD
1330 silly ADD
1331 silly ADD
1332 silly ADD
1333 silly ADD
1334 silly ADD
1335 silly ADD
1336 silly ADD
1337 silly ADD
1338 silly ADD
1339 silly ADD
1340 silly ADD
1341 silly ADD
1342 silly ADD
1343 silly ADD
1344 silly ADD
1345 silly ADD
1346 silly ADD
1347 silly ADD
1348 silly ADD
1349 silly ADD
1350 silly ADD
1351 silly ADD
1352 silly ADD
1353 silly ADD
1354 silly ADD
1355 silly ADD
1356 silly ADD
1357 silly ADD
1358 silly ADD
1359 silly ADD
1360 silly ADD
1361 silly ADD
1362 silly ADD
1363 silly ADD
1364 silly ADD
1365 silly ADD
1366 silly ADD
1367 silly ADD
1368 silly ADD
1369 silly ADD
1370 silly ADD
1371 silly ADD
1372 silly ADD
1373 silly ADD node_modules/semver
1374 silly ADD
1375 silly ADD
1376 silly ADD
1377 silly ADD node_modules/semver
1378 silly ADD node_modules/convert-source-map
1379 silly ADD
1380 silly ADD
1381 silly ADD
1382 silly ADD
1383 silly ADD
1384 silly ADD
1385 silly ADD
1386 silly ADD
1387 silly ADD
1388 silly ADD
1389 silly ADD
1390 silly ADD
1391 silly ADD
1392 silly ADD
1393 silly ADD
1394 silly ADD
1395 silly ADD
1396 silly ADD
1397 silly ADD
1398 silly ADD
1399 silly ADD
1400 silly ADD
1401 verbose cwd /home/node/frontend
1402 verbose os Linux 6.8.0-1034-azure
1403 verbose node v22.17.0
1404 verbose npm  v11.4.2
1405 verbose exit 0
1406 info ok
