0 verbose cli /usr/local/bin/node /usr/local/bin/npm
1 info using npm@11.4.2
2 info using node@v22.17.0
3 silly config load:file:/usr/local/lib/node_modules/npm/npmrc
4 silly config load:file:/home/node/.npmrc
5 silly config load:file:/usr/local/etc/npmrc
6 verbose title npm install
7 verbose argv "install"
8 verbose logfile logs-max:10 dir:/home/node/.npm/_logs/2025-09-11T08_31_54_907Z-
9 verbose logfile /home/node/.npm/_logs/2025-09-11T08_31_54_907Z-debug-0.log
10 silly logfile done cleaning log files
11 silly packumentCache heap:2197815296 maxSize:549453824 maxEntrySize:274726912
12 silly idealTree buildDeps
13 silly reify moves {}
14 verbose stack Error: Could not read package.json: Error: ENOENT: no such file or directory, open '/home/node/package.json'
14 verbose stack     at async open (node:internal/fs/promises:639:25)
14 verbose stack     at async readFile (node:internal/fs/promises:1243:14)
14 verbose stack     at async read (/usr/local/lib/node_modules/npm/node_modules/@npmcli/package-json/lib/read-package.js:9:18)
14 verbose stack     at async PackageJson.load (/usr/local/lib/node_modules/npm/node_modules/@npmcli/package-json/lib/index.js:132:31)
14 verbose stack     at async PackageJson.normalize (/usr/local/lib/node_modules/npm/node_modules/@npmcli/package-json/lib/index.js:118:5)
14 verbose stack     at async runScript (/usr/local/lib/node_modules/npm/node_modules/@npmcli/run-script/lib/run-script.js:11:28)
14 verbose stack     at async Install.exec (/usr/local/lib/node_modules/npm/lib/commands/install.js:162:9)
14 verbose stack     at async Npm.exec (/usr/local/lib/node_modules/npm/lib/npm.js:208:9)
14 verbose stack     at async module.exports (/usr/local/lib/node_modules/npm/lib/cli/entry.js:67:5)
15 error code ENOENT
16 error syscall open
17 error path /home/node/package.json
18 error errno -2
19 error enoent Could not read package.json: Error: ENOENT: no such file or directory, open '/home/node/package.json'
20 error enoent This is related to npm not being able to find a file.
20 error enoent
21 verbose cwd /home/node
22 verbose os Linux 6.8.0-1034-azure
23 verbose node v22.17.0
24 verbose npm  v11.4.2
25 verbose exit -2
26 verbose code -2
27 error A complete log of this run can be found in: /home/node/.npm/_logs/2025-09-11T08_31_54_907Z-debug-0.log
